[2026-01-16T18:19:47.548+0000] {manager.py:469} INFO - Processing files using up to 2 processes at a time 
[2026-01-16T18:19:47.562+0000] {manager.py:470} INFO - Process each file at most once every 30 seconds
[2026-01-16T18:19:47.565+0000] {manager.py:471} INFO - Checking for new files in /opt/airflow/dags every 300 seconds
[2026-01-16T18:19:47.568+0000] {manager.py:738} INFO - Searching for files in /opt/airflow/dags
[2026-01-16T18:19:47.739+0000] {manager.py:741} INFO - There are 1 files in /opt/airflow/dags
[2026-01-16T18:19:49.609+0000] {manager.py:879} INFO - 
================================================================================
DAG File Processing Stats

File Path                                     PID  Runtime      # DAGs    # Errors  Last Runtime    Last Run
------------------------------------------  -----  ---------  --------  ----------  --------------  ----------
/opt/airflow/dags/ivf_load_to_mysql_dag.py    168  0.67s             0           0
================================================================================
[2026-01-16T18:20:20.151+0000] {manager.py:879} INFO - 
================================================================================
DAG File Processing Stats

File Path                                     PID  Runtime      # DAGs    # Errors  Last Runtime    Last Run
------------------------------------------  -----  ---------  --------  ----------  --------------  -------------------
/opt/airflow/dags/ivf_load_to_mysql_dag.py    173  0.06s             0           1  0.84s           2026-01-16T18:19:49
================================================================================
[2026-01-16T18:20:50.161+0000] {manager.py:879} INFO - 
================================================================================
DAG File Processing Stats

File Path                                   PID    Runtime      # DAGs    # Errors  Last Runtime    Last Run
------------------------------------------  -----  ---------  --------  ----------  --------------  -------------------
/opt/airflow/dags/ivf_load_to_mysql_dag.py                           0           1  0.65s           2026-01-16T18:20:20
================================================================================
[2026-01-16T18:21:20.371+0000] {manager.py:879} INFO - 
================================================================================
DAG File Processing Stats

File Path                                   PID    Runtime      # DAGs    # Errors  Last Runtime    Last Run
------------------------------------------  -----  ---------  --------  ----------  --------------  -------------------
/opt/airflow/dags/ivf_load_to_mysql_dag.py                           0           1  0.89s           2026-01-16T18:20:52
================================================================================
[2026-01-16T18:21:50.870+0000] {manager.py:879} INFO - 
================================================================================
DAG File Processing Stats

File Path                                   PID    Runtime      # DAGs    # Errors  Last Runtime    Last Run
------------------------------------------  -----  ---------  --------  ----------  --------------  -------------------
/opt/airflow/dags/ivf_load_to_mysql_dag.py                           0           1  1.15s           2026-01-16T18:21:24
================================================================================
[2026-01-16T18:22:21.381+0000] {manager.py:879} INFO - 
================================================================================
DAG File Processing Stats

File Path                                   PID    Runtime      # DAGs    # Errors  Last Runtime    Last Run
------------------------------------------  -----  ---------  --------  ----------  --------------  -------------------
/opt/airflow/dags/ivf_load_to_mysql_dag.py                           0           1  3.68s           2026-01-16T18:21:58
================================================================================
[2026-01-16T18:22:51.768+0000] {manager.py:879} INFO - 
================================================================================
DAG File Processing Stats

File Path                                   PID    Runtime      # DAGs    # Errors  Last Runtime    Last Run
------------------------------------------  -----  ---------  --------  ----------  --------------  -------------------
/opt/airflow/dags/ivf_load_to_mysql_dag.py                           0           1  0.16s           2026-01-16T18:22:28
================================================================================
[2026-01-16T18:23:21.791+0000] {manager.py:879} INFO - 
================================================================================
DAG File Processing Stats

File Path                                   PID    Runtime      # DAGs    # Errors  Last Runtime    Last Run
------------------------------------------  -----  ---------  --------  ----------  --------------  -------------------
/opt/airflow/dags/ivf_load_to_mysql_dag.py                           0           1  0.56s           2026-01-16T18:22:59
================================================================================
[2026-01-16T18:23:51.787+0000] {manager.py:879} INFO - 
================================================================================
DAG File Processing Stats

File Path                                   PID    Runtime      # DAGs    # Errors  Last Runtime    Last Run
------------------------------------------  -----  ---------  --------  ----------  --------------  -------------------
/opt/airflow/dags/ivf_load_to_mysql_dag.py                           0           1  0.56s           2026-01-16T18:23:30
================================================================================
[2026-01-16T18:24:22.503+0000] {manager.py:879} INFO - 
================================================================================
DAG File Processing Stats

File Path                                   PID    Runtime      # DAGs    # Errors  Last Runtime    Last Run
------------------------------------------  -----  ---------  --------  ----------  --------------  -------------------
/opt/airflow/dags/ivf_load_to_mysql_dag.py                           0           1  0.22s           2026-01-16T18:24:01
================================================================================
[2026-01-16T18:24:47.705+0000] {manager.py:738} INFO - Searching for files in /opt/airflow/dags
[2026-01-16T18:24:50.266+0000] {manager.py:741} INFO - There are 1 files in /opt/airflow/dags
[2026-01-16T18:24:52.698+0000] {manager.py:879} INFO - 
================================================================================
DAG File Processing Stats

File Path                                   PID    Runtime      # DAGs    # Errors  Last Runtime    Last Run
------------------------------------------  -----  ---------  --------  ----------  --------------  -------------------
/opt/airflow/dags/ivf_load_to_mysql_dag.py                           0           1  2.55s           2026-01-16T18:24:33
================================================================================
[2026-01-16T18:25:22.970+0000] {manager.py:879} INFO - 
================================================================================
DAG File Processing Stats

File Path                                   PID    Runtime      # DAGs    # Errors  Last Runtime    Last Run
------------------------------------------  -----  ---------  --------  ----------  --------------  -------------------
/opt/airflow/dags/ivf_load_to_mysql_dag.py                           0           1  0.43s           2026-01-16T18:25:05
================================================================================
[2026-01-16T18:25:53.096+0000] {manager.py:879} INFO - 
================================================================================
DAG File Processing Stats

File Path                                   PID    Runtime      # DAGs    # Errors  Last Runtime    Last Run
------------------------------------------  -----  ---------  --------  ----------  --------------  -------------------
/opt/airflow/dags/ivf_load_to_mysql_dag.py                           0           1  0.18s           2026-01-16T18:25:35
================================================================================
[2026-01-16T18:26:23.508+0000] {manager.py:879} INFO - 
================================================================================
DAG File Processing Stats

File Path                                   PID    Runtime      # DAGs    # Errors  Last Runtime    Last Run
------------------------------------------  -----  ---------  --------  ----------  --------------  -------------------
/opt/airflow/dags/ivf_load_to_mysql_dag.py                           0           1  0.22s           2026-01-16T18:26:06
================================================================================
[2026-01-16T18:26:53.918+0000] {manager.py:879} INFO - 
================================================================================
DAG File Processing Stats

File Path                                   PID    Runtime      # DAGs    # Errors  Last Runtime    Last Run
------------------------------------------  -----  ---------  --------  ----------  --------------  -------------------
/opt/airflow/dags/ivf_load_to_mysql_dag.py                           0           1  0.17s           2026-01-16T18:26:36
================================================================================
[2026-01-16T18:27:24.427+0000] {manager.py:879} INFO - 
================================================================================
DAG File Processing Stats

File Path                                   PID    Runtime      # DAGs    # Errors  Last Runtime    Last Run
------------------------------------------  -----  ---------  --------  ----------  --------------  -------------------
/opt/airflow/dags/ivf_load_to_mysql_dag.py                           0           1  0.15s           2026-01-16T18:27:07
================================================================================
[2026-01-16T18:27:54.433+0000] {manager.py:879} INFO - 
================================================================================
DAG File Processing Stats

File Path                                   PID    Runtime      # DAGs    # Errors  Last Runtime    Last Run
------------------------------------------  -----  ---------  --------  ----------  --------------  -------------------
/opt/airflow/dags/ivf_load_to_mysql_dag.py                           0           1  0.70s           2026-01-16T18:27:38
================================================================================
[2026-01-16T18:28:24.514+0000] {manager.py:879} INFO - 
================================================================================
DAG File Processing Stats

File Path                                   PID    Runtime      # DAGs    # Errors  Last Runtime    Last Run
------------------------------------------  -----  ---------  --------  ----------  --------------  -------------------
/opt/airflow/dags/ivf_load_to_mysql_dag.py                           0           1  0.45s           2026-01-16T18:28:09
================================================================================
[2026-01-16T18:28:54.650+0000] {manager.py:879} INFO - 
================================================================================
DAG File Processing Stats

File Path                                   PID    Runtime      # DAGs    # Errors  Last Runtime    Last Run
------------------------------------------  -----  ---------  --------  ----------  --------------  -------------------
/opt/airflow/dags/ivf_load_to_mysql_dag.py                           0           1  0.17s           2026-01-16T18:28:39
================================================================================
[2026-01-16T18:29:25.155+0000] {manager.py:879} INFO - 
================================================================================
DAG File Processing Stats

File Path                                   PID    Runtime      # DAGs    # Errors  Last Runtime    Last Run
------------------------------------------  -----  ---------  --------  ----------  --------------  -------------------
/opt/airflow/dags/ivf_load_to_mysql_dag.py                           0           1  0.21s           2026-01-16T18:29:10
================================================================================
[2026-01-16T18:29:47.779+0000] {manager.py:738} INFO - Searching for files in /opt/airflow/dags
[2026-01-16T18:29:47.835+0000] {manager.py:741} INFO - There are 1 files in /opt/airflow/dags
[2026-01-16T18:29:55.655+0000] {manager.py:879} INFO - 
================================================================================
DAG File Processing Stats

File Path                                   PID    Runtime      # DAGs    # Errors  Last Runtime    Last Run
------------------------------------------  -----  ---------  --------  ----------  --------------  -------------------
/opt/airflow/dags/ivf_load_to_mysql_dag.py                           0           1  0.28s           2026-01-16T18:29:40
================================================================================
[2026-01-16T18:30:25.876+0000] {manager.py:879} INFO - 
================================================================================
DAG File Processing Stats

File Path                                   PID    Runtime      # DAGs    # Errors  Last Runtime    Last Run
------------------------------------------  -----  ---------  --------  ----------  --------------  -------------------
/opt/airflow/dags/ivf_load_to_mysql_dag.py                           0           1  6.29s           2026-01-16T18:30:17
================================================================================
[2026-01-16T18:30:55.937+0000] {manager.py:879} INFO - 
================================================================================
DAG File Processing Stats

File Path                                   PID    Runtime      # DAGs    # Errors  Last Runtime    Last Run
------------------------------------------  -----  ---------  --------  ----------  --------------  -------------------
/opt/airflow/dags/ivf_load_to_mysql_dag.py                           0           1  0.44s           2026-01-16T18:30:48
================================================================================
[2026-01-16T18:31:26.740+0000] {manager.py:879} INFO - 
================================================================================
DAG File Processing Stats

File Path                                   PID    Runtime      # DAGs    # Errors  Last Runtime    Last Run
------------------------------------------  -----  ---------  --------  ----------  --------------  -------------------
/opt/airflow/dags/ivf_load_to_mysql_dag.py                           0           1  0.49s           2026-01-16T18:31:18
================================================================================
[2026-01-16T18:31:56.861+0000] {manager.py:879} INFO - 
================================================================================
DAG File Processing Stats

File Path                                   PID    Runtime      # DAGs    # Errors  Last Runtime    Last Run
------------------------------------------  -----  ---------  --------  ----------  --------------  -------------------
/opt/airflow/dags/ivf_load_to_mysql_dag.py                           0           1  0.60s           2026-01-16T18:31:49
================================================================================
[2026-01-16T18:32:27.231+0000] {manager.py:879} INFO - 
================================================================================
DAG File Processing Stats

File Path                                   PID    Runtime      # DAGs    # Errors  Last Runtime    Last Run
------------------------------------------  -----  ---------  --------  ----------  --------------  -------------------
/opt/airflow/dags/ivf_load_to_mysql_dag.py                           0           1  0.33s           2026-01-16T18:32:20
================================================================================
[2026-01-16T18:32:57.621+0000] {manager.py:879} INFO - 
================================================================================
DAG File Processing Stats

File Path                                     PID  Runtime      # DAGs    # Errors  Last Runtime    Last Run
------------------------------------------  -----  ---------  --------  ----------  --------------  -------------------
/opt/airflow/dags/ivf_load_to_mysql_dag.py    293  7.10s             0           1  0.33s           2026-01-16T18:32:20
================================================================================
[2026-01-16T18:33:27.726+0000] {manager.py:879} INFO - 
================================================================================
DAG File Processing Stats

File Path                                   PID    Runtime      # DAGs    # Errors  Last Runtime    Last Run
------------------------------------------  -----  ---------  --------  ----------  --------------  -------------------
/opt/airflow/dags/ivf_load_to_mysql_dag.py                           1           0  13.88s          2026-01-16T18:33:04
================================================================================
[2026-01-16T18:33:58.421+0000] {manager.py:879} INFO - 
================================================================================
DAG File Processing Stats

File Path                                   PID    Runtime      # DAGs    # Errors  Last Runtime    Last Run
------------------------------------------  -----  ---------  --------  ----------  --------------  -------------------
/opt/airflow/dags/ivf_load_to_mysql_dag.py                           1           0  0.56s           2026-01-16T18:33:35
================================================================================
[2026-01-16T18:34:28.530+0000] {manager.py:879} INFO - 
================================================================================
DAG File Processing Stats

File Path                                   PID    Runtime      # DAGs    # Errors  Last Runtime    Last Run
------------------------------------------  -----  ---------  --------  ----------  --------------  -------------------
/opt/airflow/dags/ivf_load_to_mysql_dag.py                           1           0  0.71s           2026-01-16T18:34:06
================================================================================
[2026-01-16T18:34:48.246+0000] {manager.py:738} INFO - Searching for files in /opt/airflow/dags
[2026-01-16T18:34:48.351+0000] {manager.py:741} INFO - There are 1 files in /opt/airflow/dags
[2026-01-16T18:34:58.617+0000] {manager.py:879} INFO - 
================================================================================
DAG File Processing Stats

File Path                                   PID    Runtime      # DAGs    # Errors  Last Runtime    Last Run
------------------------------------------  -----  ---------  --------  ----------  --------------  -------------------
/opt/airflow/dags/ivf_load_to_mysql_dag.py                           1           0  0.68s           2026-01-16T18:34:37
================================================================================
[2026-01-16T18:35:28.644+0000] {manager.py:879} INFO - 
================================================================================
DAG File Processing Stats

File Path                                   PID    Runtime      # DAGs    # Errors  Last Runtime    Last Run
------------------------------------------  -----  ---------  --------  ----------  --------------  -------------------
/opt/airflow/dags/ivf_load_to_mysql_dag.py                           1           0  0.74s           2026-01-16T18:35:08
================================================================================
[2026-01-16T18:35:58.984+0000] {manager.py:879} INFO - 
================================================================================
DAG File Processing Stats

File Path                                   PID    Runtime      # DAGs    # Errors  Last Runtime    Last Run
------------------------------------------  -----  ---------  --------  ----------  --------------  -------------------
/opt/airflow/dags/ivf_load_to_mysql_dag.py                           1           0  0.98s           2026-01-16T18:35:39
================================================================================
[2026-01-16T18:36:29.725+0000] {manager.py:879} INFO - 
================================================================================
DAG File Processing Stats

File Path                                   PID    Runtime      # DAGs    # Errors  Last Runtime    Last Run
------------------------------------------  -----  ---------  --------  ----------  --------------  -------------------
/opt/airflow/dags/ivf_load_to_mysql_dag.py                           1           0  0.49s           2026-01-16T18:36:10
================================================================================
[2026-01-16T18:37:00.264+0000] {manager.py:879} INFO - 
================================================================================
DAG File Processing Stats

File Path                                   PID    Runtime      # DAGs    # Errors  Last Runtime    Last Run
------------------------------------------  -----  ---------  --------  ----------  --------------  -------------------
/opt/airflow/dags/ivf_load_to_mysql_dag.py                           1           0  0.54s           2026-01-16T18:36:41
================================================================================
[2026-01-16T18:37:30.482+0000] {manager.py:879} INFO - 
================================================================================
DAG File Processing Stats

File Path                                   PID    Runtime      # DAGs    # Errors  Last Runtime    Last Run
------------------------------------------  -----  ---------  --------  ----------  --------------  -------------------
/opt/airflow/dags/ivf_load_to_mysql_dag.py                           1           0  0.87s           2026-01-16T18:37:12
================================================================================
[2026-01-16T18:38:00.620+0000] {manager.py:879} INFO - 
================================================================================
DAG File Processing Stats

File Path                                   PID    Runtime      # DAGs    # Errors  Last Runtime    Last Run
------------------------------------------  -----  ---------  --------  ----------  --------------  -------------------
/opt/airflow/dags/ivf_load_to_mysql_dag.py                           1           0  0.80s           2026-01-16T18:37:43
================================================================================
[2026-01-16T18:38:30.759+0000] {manager.py:879} INFO - 
================================================================================
DAG File Processing Stats

File Path                                   PID    Runtime      # DAGs    # Errors  Last Runtime    Last Run
------------------------------------------  -----  ---------  --------  ----------  --------------  -------------------
/opt/airflow/dags/ivf_load_to_mysql_dag.py                           1           0  0.89s           2026-01-16T18:38:14
================================================================================
[2026-01-16T18:39:01.459+0000] {manager.py:879} INFO - 
================================================================================
DAG File Processing Stats

File Path                                   PID    Runtime      # DAGs    # Errors  Last Runtime    Last Run
------------------------------------------  -----  ---------  --------  ----------  --------------  -------------------
/opt/airflow/dags/ivf_load_to_mysql_dag.py                           1           0  1.44s           2026-01-16T18:38:46
================================================================================
[2026-01-16T18:39:31.465+0000] {manager.py:879} INFO - 
================================================================================
DAG File Processing Stats

File Path                                   PID    Runtime      # DAGs    # Errors  Last Runtime    Last Run
------------------------------------------  -----  ---------  --------  ----------  --------------  -------------------
/opt/airflow/dags/ivf_load_to_mysql_dag.py                           1           0  2.97s           2026-01-16T18:39:19
================================================================================
[2026-01-16T18:39:48.965+0000] {manager.py:738} INFO - Searching for files in /opt/airflow/dags
[2026-01-16T18:39:53.859+0000] {manager.py:741} INFO - There are 1 files in /opt/airflow/dags
[2026-01-16T18:40:02.132+0000] {manager.py:879} INFO - 
================================================================================
DAG File Processing Stats

File Path                                   PID    Runtime      # DAGs    # Errors  Last Runtime    Last Run
------------------------------------------  -----  ---------  --------  ----------  --------------  -------------------
/opt/airflow/dags/ivf_load_to_mysql_dag.py                           1           0  3.51s           2026-01-16T18:39:58
================================================================================
[2026-01-16T18:40:32.462+0000] {manager.py:879} INFO - 
================================================================================
DAG File Processing Stats

File Path                                   PID    Runtime      # DAGs    # Errors  Last Runtime    Last Run
------------------------------------------  -----  ---------  --------  ----------  --------------  -------------------
/opt/airflow/dags/ivf_load_to_mysql_dag.py                           1           0  1.07s           2026-01-16T18:40:29
================================================================================
[2026-01-16T18:41:02.540+0000] {manager.py:879} INFO - 
================================================================================
DAG File Processing Stats

File Path                                   PID    Runtime      # DAGs    # Errors  Last Runtime    Last Run
------------------------------------------  -----  ---------  --------  ----------  --------------  -------------------
/opt/airflow/dags/ivf_load_to_mysql_dag.py                           1           0  0.69s           2026-01-16T18:41:00
================================================================================
[2026-01-16T18:41:32.867+0000] {manager.py:879} INFO - 
================================================================================
DAG File Processing Stats

File Path                                   PID    Runtime      # DAGs    # Errors  Last Runtime    Last Run
------------------------------------------  -----  ---------  --------  ----------  --------------  -------------------
/opt/airflow/dags/ivf_load_to_mysql_dag.py                           1           0  0.81s           2026-01-16T18:41:31
================================================================================
[2026-01-16T18:42:02.976+0000] {manager.py:879} INFO - 
================================================================================
DAG File Processing Stats

File Path                                   PID    Runtime      # DAGs    # Errors  Last Runtime    Last Run
------------------------------------------  -----  ---------  --------  ----------  --------------  -------------------
/opt/airflow/dags/ivf_load_to_mysql_dag.py                           1           0  0.73s           2026-01-16T18:42:02
================================================================================
[2026-01-16T18:42:33.980+0000] {manager.py:879} INFO - 
================================================================================
DAG File Processing Stats

File Path                                     PID  Runtime      # DAGs    # Errors  Last Runtime    Last Run
------------------------------------------  -----  ---------  --------  ----------  --------------  -------------------
/opt/airflow/dags/ivf_load_to_mysql_dag.py    407  0.14s             1           0  0.73s           2026-01-16T18:42:02
================================================================================
[2026-01-16T18:43:04.848+0000] {manager.py:879} INFO - 
================================================================================
DAG File Processing Stats

File Path                                   PID    Runtime      # DAGs    # Errors  Last Runtime    Last Run
------------------------------------------  -----  ---------  --------  ----------  --------------  -------------------
/opt/airflow/dags/ivf_load_to_mysql_dag.py                           1           0  3.58s           2026-01-16T18:42:37
================================================================================
[2026-01-16T18:43:35.345+0000] {manager.py:879} INFO - 
================================================================================
DAG File Processing Stats

File Path                                   PID    Runtime      # DAGs    # Errors  Last Runtime    Last Run
------------------------------------------  -----  ---------  --------  ----------  --------------  -------------------
/opt/airflow/dags/ivf_load_to_mysql_dag.py                           1           0  0.73s           2026-01-16T18:43:08
================================================================================
[2026-01-16T18:44:05.668+0000] {manager.py:879} INFO - 
================================================================================
DAG File Processing Stats

File Path                                   PID    Runtime      # DAGs    # Errors  Last Runtime    Last Run
------------------------------------------  -----  ---------  --------  ----------  --------------  -------------------
/opt/airflow/dags/ivf_load_to_mysql_dag.py                           1           0  0.65s           2026-01-16T18:43:39
================================================================================
[2026-01-16T18:44:36.513+0000] {manager.py:879} INFO - 
================================================================================
DAG File Processing Stats

File Path                                   PID    Runtime      # DAGs    # Errors  Last Runtime    Last Run
------------------------------------------  -----  ---------  --------  ----------  --------------  -------------------
/opt/airflow/dags/ivf_load_to_mysql_dag.py                           1           0  0.51s           2026-01-16T18:44:10
================================================================================
[2026-01-16T18:44:49.310+0000] {manager.py:738} INFO - Searching for files in /opt/airflow/dags
[2026-01-16T18:44:49.391+0000] {manager.py:741} INFO - There are 1 files in /opt/airflow/dags
[2026-01-16T18:45:06.625+0000] {manager.py:879} INFO - 
================================================================================
DAG File Processing Stats

File Path                                   PID    Runtime      # DAGs    # Errors  Last Runtime    Last Run
------------------------------------------  -----  ---------  --------  ----------  --------------  -------------------
/opt/airflow/dags/ivf_load_to_mysql_dag.py                           1           0  0.58s           2026-01-16T18:44:41
================================================================================
[2026-01-16T18:45:37.330+0000] {manager.py:879} INFO - 
================================================================================
DAG File Processing Stats

File Path                                   PID    Runtime      # DAGs    # Errors  Last Runtime    Last Run
------------------------------------------  -----  ---------  --------  ----------  --------------  -------------------
/opt/airflow/dags/ivf_load_to_mysql_dag.py                           1           0  0.62s           2026-01-16T18:45:12
================================================================================
[2026-01-16T18:46:07.698+0000] {manager.py:879} INFO - 
================================================================================
DAG File Processing Stats

File Path                                   PID    Runtime      # DAGs    # Errors  Last Runtime    Last Run
------------------------------------------  -----  ---------  --------  ----------  --------------  -------------------
/opt/airflow/dags/ivf_load_to_mysql_dag.py                           1           0  0.96s           2026-01-16T18:45:43
================================================================================
[2026-01-16T18:46:37.738+0000] {manager.py:879} INFO - 
================================================================================
DAG File Processing Stats

File Path                                   PID    Runtime      # DAGs    # Errors  Last Runtime    Last Run
------------------------------------------  -----  ---------  --------  ----------  --------------  -------------------
/opt/airflow/dags/ivf_load_to_mysql_dag.py                           1           0  0.60s           2026-01-16T18:46:14
================================================================================
[2026-01-16T18:47:07.806+0000] {manager.py:879} INFO - 
================================================================================
DAG File Processing Stats

File Path                                   PID    Runtime      # DAGs    # Errors  Last Runtime    Last Run
------------------------------------------  -----  ---------  --------  ----------  --------------  -------------------
/opt/airflow/dags/ivf_load_to_mysql_dag.py                           1           0  0.64s           2026-01-16T18:46:41
================================================================================
[2026-01-16T18:47:37.960+0000] {manager.py:879} INFO - 
================================================================================
DAG File Processing Stats

File Path                                   PID    Runtime      # DAGs    # Errors  Last Runtime    Last Run
------------------------------------------  -----  ---------  --------  ----------  --------------  -------------------
/opt/airflow/dags/ivf_load_to_mysql_dag.py                           1           0  0.78s           2026-01-16T18:47:12
================================================================================
[2026-01-16T18:48:01.753+0000] {manager.py:451} INFO - Exiting gracefully upon receiving signal 15
[2026-01-16T18:59:08.235+0000] {manager.py:469} INFO - Processing files using up to 2 processes at a time 
[2026-01-16T18:59:08.237+0000] {manager.py:470} INFO - Process each file at most once every 30 seconds
[2026-01-16T18:59:08.239+0000] {manager.py:471} INFO - Checking for new files in /opt/airflow/dags every 300 seconds
[2026-01-16T18:59:08.241+0000] {manager.py:738} INFO - Searching for files in /opt/airflow/dags
[2026-01-16T18:59:08.326+0000] {manager.py:741} INFO - There are 1 files in /opt/airflow/dags
[2026-01-16T18:59:09.297+0000] {manager.py:879} INFO - 
================================================================================
DAG File Processing Stats

File Path                                     PID  Runtime      # DAGs    # Errors  Last Runtime    Last Run
------------------------------------------  -----  ---------  --------  ----------  --------------  ----------
/opt/airflow/dags/ivf_load_to_mysql_dag.py    166  0.48s             0           0
================================================================================
[2026-01-16T18:59:39.449+0000] {manager.py:879} INFO - 
================================================================================
DAG File Processing Stats

File Path                                   PID    Runtime      # DAGs    # Errors  Last Runtime    Last Run
------------------------------------------  -----  ---------  --------  ----------  --------------  -------------------
/opt/airflow/dags/ivf_load_to_mysql_dag.py                           1           0  6.31s           2026-01-16T18:59:15
================================================================================
[2026-01-16T19:00:09.852+0000] {manager.py:879} INFO - 
================================================================================
DAG File Processing Stats

File Path                                   PID    Runtime      # DAGs    # Errors  Last Runtime    Last Run
------------------------------------------  -----  ---------  --------  ----------  --------------  -------------------
/opt/airflow/dags/ivf_load_to_mysql_dag.py                           1           0  1.23s           2026-01-16T18:59:46
================================================================================
[2026-01-16T19:00:40.440+0000] {manager.py:879} INFO - 
================================================================================
DAG File Processing Stats

File Path                                   PID    Runtime      # DAGs    # Errors  Last Runtime    Last Run
------------------------------------------  -----  ---------  --------  ----------  --------------  -------------------
/opt/airflow/dags/ivf_load_to_mysql_dag.py                           1           0  1.65s           2026-01-16T19:00:18
================================================================================
[2026-01-16T19:01:10.706+0000] {manager.py:879} INFO - 
================================================================================
DAG File Processing Stats

File Path                                   PID    Runtime      # DAGs    # Errors  Last Runtime    Last Run
------------------------------------------  -----  ---------  --------  ----------  --------------  -------------------
/opt/airflow/dags/ivf_load_to_mysql_dag.py                           1           0  4.32s           2026-01-16T19:00:53
================================================================================
[2026-01-16T19:01:41.579+0000] {manager.py:879} INFO - 
================================================================================
DAG File Processing Stats

File Path                                   PID    Runtime      # DAGs    # Errors  Last Runtime    Last Run
------------------------------------------  -----  ---------  --------  ----------  --------------  -------------------
/opt/airflow/dags/ivf_load_to_mysql_dag.py                           1           0  1.26s           2026-01-16T19:01:25
================================================================================
[2026-01-16T19:02:11.599+0000] {manager.py:879} INFO - 
================================================================================
DAG File Processing Stats

File Path                                   PID    Runtime      # DAGs    # Errors  Last Runtime    Last Run
------------------------------------------  -----  ---------  --------  ----------  --------------  -------------------
/opt/airflow/dags/ivf_load_to_mysql_dag.py                           1           0  0.66s           2026-01-16T19:01:56
================================================================================
[2026-01-16T19:02:41.641+0000] {manager.py:879} INFO - 
================================================================================
DAG File Processing Stats

File Path                                   PID    Runtime      # DAGs    # Errors  Last Runtime    Last Run
------------------------------------------  -----  ---------  --------  ----------  --------------  -------------------
/opt/airflow/dags/ivf_load_to_mysql_dag.py                           1           0  0.74s           2026-01-16T19:02:27
================================================================================
[2026-01-16T19:03:12.154+0000] {manager.py:879} INFO - 
================================================================================
DAG File Processing Stats

File Path                                   PID    Runtime      # DAGs    # Errors  Last Runtime    Last Run
------------------------------------------  -----  ---------  --------  ----------  --------------  -------------------
/opt/airflow/dags/ivf_load_to_mysql_dag.py                           1           0  2.24s           2026-01-16T19:03:00
================================================================================
[2026-01-16T19:03:42.794+0000] {manager.py:879} INFO - 
================================================================================
DAG File Processing Stats

File Path                                   PID    Runtime      # DAGs    # Errors  Last Runtime    Last Run
------------------------------------------  -----  ---------  --------  ----------  --------------  -------------------
/opt/airflow/dags/ivf_load_to_mysql_dag.py                           1           0  4.45s           2026-01-16T19:03:34
================================================================================
[2026-01-16T19:04:08.555+0000] {manager.py:738} INFO - Searching for files in /opt/airflow/dags
[2026-01-16T19:04:09.155+0000] {manager.py:741} INFO - There are 1 files in /opt/airflow/dags
[2026-01-16T19:04:13.419+0000] {manager.py:879} INFO - 
================================================================================
DAG File Processing Stats

File Path                                   PID    Runtime      # DAGs    # Errors  Last Runtime    Last Run
------------------------------------------  -----  ---------  --------  ----------  --------------  -------------------
/opt/airflow/dags/ivf_load_to_mysql_dag.py                           1           0  2.67s           2026-01-16T19:04:08
================================================================================
[2026-01-16T19:04:43.433+0000] {manager.py:879} INFO - 
================================================================================
DAG File Processing Stats

File Path                                   PID    Runtime      # DAGs    # Errors  Last Runtime    Last Run
------------------------------------------  -----  ---------  --------  ----------  --------------  -------------------
/opt/airflow/dags/ivf_load_to_mysql_dag.py                           1           0  3.37s           2026-01-16T19:04:41
================================================================================
[2026-01-16T19:05:13.865+0000] {manager.py:879} INFO - 
================================================================================
DAG File Processing Stats

File Path                                     PID  Runtime      # DAGs    # Errors  Last Runtime    Last Run
------------------------------------------  -----  ---------  --------  ----------  --------------  -------------------
/opt/airflow/dags/ivf_load_to_mysql_dag.py    242  1.25s             1           0  3.37s           2026-01-16T19:04:41
================================================================================
[2026-01-16T19:05:44.110+0000] {manager.py:879} INFO - 
================================================================================
DAG File Processing Stats

File Path                                   PID    Runtime      # DAGs    # Errors  Last Runtime    Last Run
------------------------------------------  -----  ---------  --------  ----------  --------------  -------------------
/opt/airflow/dags/ivf_load_to_mysql_dag.py                           1           0  6.87s           2026-01-16T19:05:19
================================================================================
[2026-01-16T19:06:14.139+0000] {manager.py:879} INFO - 
================================================================================
DAG File Processing Stats

File Path                                   PID    Runtime      # DAGs    # Errors  Last Runtime    Last Run
------------------------------------------  -----  ---------  --------  ----------  --------------  -------------------
/opt/airflow/dags/ivf_load_to_mysql_dag.py                           1           0  6.18s           2026-01-16T19:05:56
================================================================================
[2026-01-16T19:06:44.309+0000] {manager.py:879} INFO - 
================================================================================
DAG File Processing Stats

File Path                                   PID    Runtime      # DAGs    # Errors  Last Runtime    Last Run
------------------------------------------  -----  ---------  --------  ----------  --------------  -------------------
/opt/airflow/dags/ivf_load_to_mysql_dag.py                           1           0  3.90s           2026-01-16T19:06:31
================================================================================
[2026-01-16T19:07:15.314+0000] {manager.py:879} INFO - 
================================================================================
DAG File Processing Stats

File Path                                   PID    Runtime      # DAGs    # Errors  Last Runtime    Last Run
------------------------------------------  -----  ---------  --------  ----------  --------------  -------------------
/opt/airflow/dags/ivf_load_to_mysql_dag.py                           1           0  2.64s           2026-01-16T19:07:04
================================================================================
[2026-01-16T19:07:45.953+0000] {manager.py:879} INFO - 
================================================================================
DAG File Processing Stats

File Path                                   PID    Runtime      # DAGs    # Errors  Last Runtime    Last Run
------------------------------------------  -----  ---------  --------  ----------  --------------  -------------------
/opt/airflow/dags/ivf_load_to_mysql_dag.py                           1           0  3.95s           2026-01-16T19:07:39
================================================================================
[2026-01-16T19:08:16.580+0000] {manager.py:879} INFO - 
================================================================================
DAG File Processing Stats

File Path                                   PID    Runtime      # DAGs    # Errors  Last Runtime    Last Run
------------------------------------------  -----  ---------  --------  ----------  --------------  -------------------
/opt/airflow/dags/ivf_load_to_mysql_dag.py                           1           0  0.73s           2026-01-16T19:08:10
================================================================================
[2026-01-16T19:08:47.362+0000] {manager.py:879} INFO - 
================================================================================
DAG File Processing Stats

File Path                                   PID    Runtime      # DAGs    # Errors  Last Runtime    Last Run
------------------------------------------  -----  ---------  --------  ----------  --------------  -------------------
/opt/airflow/dags/ivf_load_to_mysql_dag.py                           1           0  1.01s           2026-01-16T19:08:42
================================================================================
[2026-01-16T19:09:08.581+0000] {manager.py:738} INFO - Searching for files in /opt/airflow/dags
[2026-01-16T19:09:08.674+0000] {manager.py:741} INFO - There are 1 files in /opt/airflow/dags
[2026-01-16T19:09:17.495+0000] {manager.py:879} INFO - 
================================================================================
DAG File Processing Stats

File Path                                   PID    Runtime      # DAGs    # Errors  Last Runtime    Last Run
------------------------------------------  -----  ---------  --------  ----------  --------------  -------------------
/opt/airflow/dags/ivf_load_to_mysql_dag.py                           1           0  0.64s           2026-01-16T19:09:13
================================================================================
[2026-01-16T19:09:22.822+0000] {manager.py:451} INFO - Exiting gracefully upon receiving signal 15
[2026-01-16T19:10:17.295+0000] {manager.py:469} INFO - Processing files using up to 2 processes at a time 
[2026-01-16T19:10:17.297+0000] {manager.py:470} INFO - Process each file at most once every 30 seconds
[2026-01-16T19:10:17.298+0000] {manager.py:471} INFO - Checking for new files in /opt/airflow/dags every 300 seconds
[2026-01-16T19:10:17.299+0000] {manager.py:738} INFO - Searching for files in /opt/airflow/dags
[2026-01-16T19:10:17.358+0000] {manager.py:741} INFO - There are 1 files in /opt/airflow/dags
[2026-01-16T19:10:17.987+0000] {manager.py:879} INFO - 
================================================================================
DAG File Processing Stats

File Path                                     PID  Runtime      # DAGs    # Errors  Last Runtime    Last Run
------------------------------------------  -----  ---------  --------  ----------  --------------  ----------
/opt/airflow/dags/ivf_load_to_mysql_dag.py    167  0.33s             0           0
================================================================================
[2026-01-16T19:10:48.539+0000] {manager.py:879} INFO - 
================================================================================
DAG File Processing Stats

File Path                                   PID    Runtime      # DAGs    # Errors  Last Runtime    Last Run
------------------------------------------  -----  ---------  --------  ----------  --------------  -------------------
/opt/airflow/dags/ivf_load_to_mysql_dag.py                           1           0  7.76s           2026-01-16T19:10:25
================================================================================
[2026-01-16T19:11:18.737+0000] {manager.py:879} INFO - 
================================================================================
DAG File Processing Stats

File Path                                   PID    Runtime      # DAGs    # Errors  Last Runtime    Last Run
------------------------------------------  -----  ---------  --------  ----------  --------------  -------------------
/opt/airflow/dags/ivf_load_to_mysql_dag.py                           1           0  9.07s           2026-01-16T19:11:05
================================================================================
[2026-01-16T19:11:47.961+0000] {manager.py:879} INFO - 
================================================================================
DAG File Processing Stats

File Path                                   PID    Runtime      # DAGs    # Errors  Last Runtime    Last Run
------------------------------------------  -----  ---------  --------  ----------  --------------  -------------------
/opt/airflow/dags/ivf_load_to_mysql_dag.py                           1           0  5.30s           2026-01-16T19:11:41
================================================================================
[2026-01-16T19:12:18.678+0000] {manager.py:879} INFO - 
================================================================================
DAG File Processing Stats

File Path                                   PID    Runtime      # DAGs    # Errors  Last Runtime    Last Run
------------------------------------------  -----  ---------  --------  ----------  --------------  -------------------
/opt/airflow/dags/ivf_load_to_mysql_dag.py                           1           0  1.06s           2026-01-16T19:12:12
================================================================================
[2026-01-16T19:12:49.211+0000] {manager.py:879} INFO - 
================================================================================
DAG File Processing Stats

File Path                                   PID    Runtime      # DAGs    # Errors  Last Runtime    Last Run
------------------------------------------  -----  ---------  --------  ----------  --------------  -------------------
/opt/airflow/dags/ivf_load_to_mysql_dag.py                           1           0  0.54s           2026-01-16T19:12:43
================================================================================
[2026-01-16T19:13:19.573+0000] {manager.py:879} INFO - 
================================================================================
DAG File Processing Stats

File Path                                   PID    Runtime      # DAGs    # Errors  Last Runtime    Last Run
------------------------------------------  -----  ---------  --------  ----------  --------------  -------------------
/opt/airflow/dags/ivf_load_to_mysql_dag.py                           1           0  0.51s           2026-01-16T19:13:14
================================================================================
[2026-01-16T19:13:50.059+0000] {manager.py:879} INFO - 
================================================================================
DAG File Processing Stats

File Path                                   PID    Runtime      # DAGs    # Errors  Last Runtime    Last Run
------------------------------------------  -----  ---------  --------  ----------  --------------  -------------------
/opt/airflow/dags/ivf_load_to_mysql_dag.py                           1           0  0.45s           2026-01-16T19:13:45
================================================================================
[2026-01-16T19:14:20.358+0000] {manager.py:879} INFO - 
================================================================================
DAG File Processing Stats

File Path                                   PID    Runtime      # DAGs    # Errors  Last Runtime    Last Run
------------------------------------------  -----  ---------  --------  ----------  --------------  -------------------
/opt/airflow/dags/ivf_load_to_mysql_dag.py                           1           0  0.68s           2026-01-16T19:14:16
================================================================================
[2026-01-16T19:14:50.676+0000] {manager.py:879} INFO - 
================================================================================
DAG File Processing Stats

File Path                                   PID    Runtime      # DAGs    # Errors  Last Runtime    Last Run
------------------------------------------  -----  ---------  --------  ----------  --------------  -------------------
/opt/airflow/dags/ivf_load_to_mysql_dag.py                           1           0  2.42s           2026-01-16T19:14:49
================================================================================
[2026-01-16T19:15:18.175+0000] {manager.py:738} INFO - Searching for files in /opt/airflow/dags
[2026-01-16T19:15:21.494+0000] {manager.py:741} INFO - There are 1 files in /opt/airflow/dags
[2026-01-16T19:15:22.128+0000] {manager.py:879} INFO - 
================================================================================
DAG File Processing Stats

File Path                                     PID  Runtime      # DAGs    # Errors  Last Runtime    Last Run
------------------------------------------  -----  ---------  --------  ----------  --------------  -------------------
/opt/airflow/dags/ivf_load_to_mysql_dag.py    221  0.02s             1           0  2.42s           2026-01-16T19:14:49
================================================================================
[2026-01-16T19:15:53.058+0000] {manager.py:879} INFO - 
================================================================================
DAG File Processing Stats

File Path                                   PID    Runtime      # DAGs    # Errors  Last Runtime    Last Run
------------------------------------------  -----  ---------  --------  ----------  --------------  -------------------
/opt/airflow/dags/ivf_load_to_mysql_dag.py                           1           0  3.66s           2026-01-16T19:15:25
================================================================================
[2026-01-16T19:16:23.528+0000] {manager.py:879} INFO - 
================================================================================
DAG File Processing Stats

File Path                                   PID    Runtime      # DAGs    # Errors  Last Runtime    Last Run
------------------------------------------  -----  ---------  --------  ----------  --------------  -------------------
/opt/airflow/dags/ivf_load_to_mysql_dag.py                           1           0  4.05s           2026-01-16T19:16:01
================================================================================
[2026-01-16T19:16:53.684+0000] {manager.py:879} INFO - 
================================================================================
DAG File Processing Stats

File Path                                   PID    Runtime      # DAGs    # Errors  Last Runtime    Last Run
------------------------------------------  -----  ---------  --------  ----------  --------------  -------------------
/opt/airflow/dags/ivf_load_to_mysql_dag.py                           1           0  3.39s           2026-01-16T19:16:34
================================================================================
[2026-01-16T19:17:24.107+0000] {manager.py:879} INFO - 
================================================================================
DAG File Processing Stats

File Path                                   PID    Runtime      # DAGs    # Errors  Last Runtime    Last Run
------------------------------------------  -----  ---------  --------  ----------  --------------  -------------------
/opt/airflow/dags/ivf_load_to_mysql_dag.py                           1           0  1.63s           2026-01-16T19:17:06
================================================================================
[2026-01-16T19:17:54.730+0000] {manager.py:879} INFO - 
================================================================================
DAG File Processing Stats

File Path                                   PID    Runtime      # DAGs    # Errors  Last Runtime    Last Run
------------------------------------------  -----  ---------  --------  ----------  --------------  -------------------
/opt/airflow/dags/ivf_load_to_mysql_dag.py                           1           0  2.30s           2026-01-16T19:17:39
================================================================================
[2026-01-16T19:18:25.248+0000] {manager.py:879} INFO - 
================================================================================
DAG File Processing Stats

File Path                                   PID    Runtime      # DAGs    # Errors  Last Runtime    Last Run
------------------------------------------  -----  ---------  --------  ----------  --------------  -------------------
/opt/airflow/dags/ivf_load_to_mysql_dag.py                           1           0  2.25s           2026-01-16T19:18:13
================================================================================
[2026-01-16T19:18:56.010+0000] {manager.py:879} INFO - 
================================================================================
DAG File Processing Stats

File Path                                   PID    Runtime      # DAGs    # Errors  Last Runtime    Last Run
------------------------------------------  -----  ---------  --------  ----------  --------------  -------------------
/opt/airflow/dags/ivf_load_to_mysql_dag.py                           1           0  2.31s           2026-01-16T19:18:46
================================================================================
[2026-01-16T19:19:26.385+0000] {manager.py:879} INFO - 
================================================================================
DAG File Processing Stats

File Path                                     PID  Runtime      # DAGs    # Errors  Last Runtime    Last Run
------------------------------------------  -----  ---------  --------  ----------  --------------  -------------------
/opt/airflow/dags/ivf_load_to_mysql_dag.py    263  8.64s             1           0  2.31s           2026-01-16T19:18:46
================================================================================
[2026-01-16T19:19:56.578+0000] {manager.py:879} INFO - 
================================================================================
DAG File Processing Stats

File Path                                   PID    Runtime      # DAGs    # Errors  Last Runtime    Last Run
------------------------------------------  -----  ---------  --------  ----------  --------------  -------------------
/opt/airflow/dags/ivf_load_to_mysql_dag.py                           1           0  16.06s          2026-01-16T19:19:33
================================================================================
[2026-01-16T19:20:18.354+0000] {manager.py:738} INFO - Searching for files in /opt/airflow/dags
[2026-01-16T19:20:24.520+0000] {manager.py:741} INFO - There are 1 files in /opt/airflow/dags
[2026-01-16T19:20:26.964+0000] {manager.py:879} INFO - 
================================================================================
DAG File Processing Stats

File Path                                   PID    Runtime      # DAGs    # Errors  Last Runtime    Last Run
------------------------------------------  -----  ---------  --------  ----------  --------------  -------------------
/opt/airflow/dags/ivf_load_to_mysql_dag.py                           1           0  3.11s           2026-01-16T19:20:07
================================================================================
[2026-01-16T19:24:35.916+0000] {manager.py:469} INFO - Processing files using up to 2 processes at a time 
[2026-01-16T19:24:35.921+0000] {manager.py:470} INFO - Process each file at most once every 30 seconds
[2026-01-16T19:24:35.925+0000] {manager.py:471} INFO - Checking for new files in /opt/airflow/dags every 300 seconds
[2026-01-16T19:24:35.939+0000] {manager.py:738} INFO - Searching for files in /opt/airflow/dags
[2026-01-16T19:24:36.173+0000] {manager.py:741} INFO - There are 1 files in /opt/airflow/dags
[2026-01-16T19:24:37.510+0000] {manager.py:879} INFO - 
================================================================================
DAG File Processing Stats

File Path                                     PID  Runtime      # DAGs    # Errors  Last Runtime    Last Run
------------------------------------------  -----  ---------  --------  ----------  --------------  ----------
/opt/airflow/dags/ivf_load_to_mysql_dag.py    166  0.78s             0           0
================================================================================
[2026-01-16T19:25:07.818+0000] {manager.py:879} INFO - 
================================================================================
DAG File Processing Stats

File Path                                   PID    Runtime      # DAGs    # Errors  Last Runtime    Last Run
------------------------------------------  -----  ---------  --------  ----------  --------------  -------------------
/opt/airflow/dags/ivf_load_to_mysql_dag.py                           1           0  11.48s          2026-01-16T19:24:48
================================================================================
[2026-01-16T19:25:38.045+0000] {manager.py:879} INFO - 
================================================================================
DAG File Processing Stats

File Path                                   PID    Runtime      # DAGs    # Errors  Last Runtime    Last Run
------------------------------------------  -----  ---------  --------  ----------  --------------  -------------------
/opt/airflow/dags/ivf_load_to_mysql_dag.py                           1           0  1.81s           2026-01-16T19:25:20
================================================================================
[2026-01-16T19:26:08.291+0000] {manager.py:879} INFO - 
================================================================================
DAG File Processing Stats

File Path                                   PID    Runtime      # DAGs    # Errors  Last Runtime    Last Run
------------------------------------------  -----  ---------  --------  ----------  --------------  -------------------
/opt/airflow/dags/ivf_load_to_mysql_dag.py                           1           0  3.97s           2026-01-16T19:25:55
================================================================================
[2026-01-16T19:26:38.661+0000] {manager.py:879} INFO - 
================================================================================
DAG File Processing Stats

File Path                                   PID    Runtime      # DAGs    # Errors  Last Runtime    Last Run
------------------------------------------  -----  ---------  --------  ----------  --------------  -------------------
/opt/airflow/dags/ivf_load_to_mysql_dag.py                           1           0  1.06s           2026-01-16T19:26:26
================================================================================
[2026-01-16T19:27:09.060+0000] {manager.py:879} INFO - 
================================================================================
DAG File Processing Stats

File Path                                   PID    Runtime      # DAGs    # Errors  Last Runtime    Last Run
------------------------------------------  -----  ---------  --------  ----------  --------------  -------------------
/opt/airflow/dags/ivf_load_to_mysql_dag.py                           1           0  3.83s           2026-01-16T19:27:01
================================================================================
[2026-01-16T19:27:39.309+0000] {manager.py:879} INFO - 
================================================================================
DAG File Processing Stats

File Path                                   PID    Runtime      # DAGs    # Errors  Last Runtime    Last Run
------------------------------------------  -----  ---------  --------  ----------  --------------  -------------------
/opt/airflow/dags/ivf_load_to_mysql_dag.py                           1           0  1.39s           2026-01-16T19:27:33
================================================================================
[2026-01-16T19:28:09.510+0000] {manager.py:879} INFO - 
================================================================================
DAG File Processing Stats

File Path                                   PID    Runtime      # DAGs    # Errors  Last Runtime    Last Run
------------------------------------------  -----  ---------  --------  ----------  --------------  -------------------
/opt/airflow/dags/ivf_load_to_mysql_dag.py                           1           0  0.76s           2026-01-16T19:28:04
================================================================================
[2026-01-16T19:28:39.594+0000] {manager.py:879} INFO - 
================================================================================
DAG File Processing Stats

File Path                                   PID    Runtime      # DAGs    # Errors  Last Runtime    Last Run
------------------------------------------  -----  ---------  --------  ----------  --------------  -------------------
/opt/airflow/dags/ivf_load_to_mysql_dag.py                           1           0  1.71s           2026-01-16T19:28:36
================================================================================
[2026-01-16T19:29:09.919+0000] {manager.py:879} INFO - 
================================================================================
DAG File Processing Stats

File Path                                   PID    Runtime      # DAGs    # Errors  Last Runtime    Last Run
------------------------------------------  -----  ---------  --------  ----------  --------------  -------------------
/opt/airflow/dags/ivf_load_to_mysql_dag.py                           1           0  0.50s           2026-01-16T19:29:07
================================================================================
[2026-01-16T19:29:35.999+0000] {manager.py:738} INFO - Searching for files in /opt/airflow/dags
[2026-01-16T19:29:36.129+0000] {manager.py:741} INFO - There are 1 files in /opt/airflow/dags
[2026-01-16T19:29:40.006+0000] {manager.py:879} INFO - 
================================================================================
DAG File Processing Stats

File Path                                   PID    Runtime      # DAGs    # Errors  Last Runtime    Last Run
------------------------------------------  -----  ---------  --------  ----------  --------------  -------------------
/opt/airflow/dags/ivf_load_to_mysql_dag.py                           1           0  0.67s           2026-01-16T19:29:37
================================================================================
[2026-01-16T19:30:10.722+0000] {manager.py:879} INFO - 
================================================================================
DAG File Processing Stats

File Path                                   PID    Runtime      # DAGs    # Errors  Last Runtime    Last Run
------------------------------------------  -----  ---------  --------  ----------  --------------  -------------------
/opt/airflow/dags/ivf_load_to_mysql_dag.py                           1           0  0.81s           2026-01-16T19:30:08
================================================================================
[2026-01-16T19:30:41.429+0000] {manager.py:879} INFO - 
================================================================================
DAG File Processing Stats

File Path                                   PID    Runtime      # DAGs    # Errors  Last Runtime    Last Run
------------------------------------------  -----  ---------  --------  ----------  --------------  -------------------
/opt/airflow/dags/ivf_load_to_mysql_dag.py                           1           0  0.44s           2026-01-16T19:30:39
================================================================================
[2026-01-16T19:31:11.936+0000] {manager.py:879} INFO - 
================================================================================
DAG File Processing Stats

File Path                                   PID    Runtime      # DAGs    # Errors  Last Runtime    Last Run
------------------------------------------  -----  ---------  --------  ----------  --------------  -------------------
/opt/airflow/dags/ivf_load_to_mysql_dag.py                           1           0  0.45s           2026-01-16T19:31:10
================================================================================
[2026-01-16T19:31:42.694+0000] {manager.py:879} INFO - 
================================================================================
DAG File Processing Stats

File Path                                     PID  Runtime      # DAGs    # Errors  Last Runtime    Last Run
------------------------------------------  -----  ---------  --------  ----------  --------------  -------------------
/opt/airflow/dags/ivf_load_to_mysql_dag.py    251  2.07s             1           0  0.45s           2026-01-16T19:31:10
================================================================================
[2026-01-16T19:32:13.128+0000] {manager.py:879} INFO - 
================================================================================
DAG File Processing Stats

File Path                                   PID    Runtime      # DAGs    # Errors  Last Runtime    Last Run
------------------------------------------  -----  ---------  --------  ----------  --------------  -------------------
/opt/airflow/dags/ivf_load_to_mysql_dag.py                           1           0  2.66s           2026-01-16T19:31:43
================================================================================
[2026-01-16T19:32:43.471+0000] {manager.py:879} INFO - 
================================================================================
DAG File Processing Stats

File Path                                   PID    Runtime      # DAGs    # Errors  Last Runtime    Last Run
------------------------------------------  -----  ---------  --------  ----------  --------------  -------------------
/opt/airflow/dags/ivf_load_to_mysql_dag.py                           1           0  0.53s           2026-01-16T19:32:14
================================================================================
[2026-01-16T19:33:14.028+0000] {manager.py:879} INFO - 
================================================================================
DAG File Processing Stats

File Path                                   PID    Runtime      # DAGs    # Errors  Last Runtime    Last Run
------------------------------------------  -----  ---------  --------  ----------  --------------  -------------------
/opt/airflow/dags/ivf_load_to_mysql_dag.py                           1           0  0.60s           2026-01-16T19:32:45
================================================================================
[2026-01-16T19:33:44.482+0000] {manager.py:879} INFO - 
================================================================================
DAG File Processing Stats

File Path                                   PID    Runtime      # DAGs    # Errors  Last Runtime    Last Run
------------------------------------------  -----  ---------  --------  ----------  --------------  -------------------
/opt/airflow/dags/ivf_load_to_mysql_dag.py                           1           0  0.64s           2026-01-16T19:33:16
================================================================================
[2026-01-16T19:34:15.011+0000] {manager.py:879} INFO - 
================================================================================
DAG File Processing Stats

File Path                                   PID    Runtime      # DAGs    # Errors  Last Runtime    Last Run
------------------------------------------  -----  ---------  --------  ----------  --------------  -------------------
/opt/airflow/dags/ivf_load_to_mysql_dag.py                           1           0  0.73s           2026-01-16T19:33:47
================================================================================
[2026-01-16T19:34:36.114+0000] {manager.py:738} INFO - Searching for files in /opt/airflow/dags
[2026-01-16T19:34:36.661+0000] {manager.py:741} INFO - There are 1 files in /opt/airflow/dags
[2026-01-16T19:34:44.992+0000] {manager.py:879} INFO - 
================================================================================
DAG File Processing Stats

File Path                                   PID    Runtime      # DAGs    # Errors  Last Runtime    Last Run
------------------------------------------  -----  ---------  --------  ----------  --------------  -------------------
/opt/airflow/dags/ivf_load_to_mysql_dag.py                           1           0  1.60s           2026-01-16T19:34:19
================================================================================
[2026-01-16T19:35:15.166+0000] {manager.py:879} INFO - 
================================================================================
DAG File Processing Stats

File Path                                   PID    Runtime      # DAGs    # Errors  Last Runtime    Last Run
------------------------------------------  -----  ---------  --------  ----------  --------------  -------------------
/opt/airflow/dags/ivf_load_to_mysql_dag.py                           1           0  6.20s           2026-01-16T19:34:57
================================================================================
[2026-01-16T19:35:45.817+0000] {manager.py:879} INFO - 
================================================================================
DAG File Processing Stats

File Path                                   PID    Runtime      # DAGs    # Errors  Last Runtime    Last Run
------------------------------------------  -----  ---------  --------  ----------  --------------  -------------------
/opt/airflow/dags/ivf_load_to_mysql_dag.py                           1           0  4.83s           2026-01-16T19:35:33
================================================================================
[2026-01-16T19:36:16.356+0000] {manager.py:879} INFO - 
================================================================================
DAG File Processing Stats

File Path                                   PID    Runtime      # DAGs    # Errors  Last Runtime    Last Run
------------------------------------------  -----  ---------  --------  ----------  --------------  -------------------
/opt/airflow/dags/ivf_load_to_mysql_dag.py                           1           0  5.08s           2026-01-16T19:36:10
================================================================================
[2026-01-16T19:36:46.538+0000] {manager.py:879} INFO - 
================================================================================
DAG File Processing Stats

File Path                                   PID    Runtime      # DAGs    # Errors  Last Runtime    Last Run
------------------------------------------  -----  ---------  --------  ----------  --------------  -------------------
/opt/airflow/dags/ivf_load_to_mysql_dag.py                           1           0  2.20s           2026-01-16T19:36:43
================================================================================
[2026-01-16T19:37:16.565+0000] {manager.py:879} INFO - 
================================================================================
DAG File Processing Stats

File Path                                   PID    Runtime      # DAGs    # Errors  Last Runtime    Last Run
------------------------------------------  -----  ---------  --------  ----------  --------------  -------------------
/opt/airflow/dags/ivf_load_to_mysql_dag.py                           1           0  0.50s           2026-01-16T19:37:14
================================================================================
[2026-01-16T19:37:46.771+0000] {manager.py:879} INFO - 
================================================================================
DAG File Processing Stats

File Path                                   PID    Runtime      # DAGs    # Errors  Last Runtime    Last Run
------------------------------------------  -----  ---------  --------  ----------  --------------  -------------------
/opt/airflow/dags/ivf_load_to_mysql_dag.py                           1           0  0.84s           2026-01-16T19:37:45
================================================================================
[2026-01-16T19:38:17.249+0000] {manager.py:879} INFO - 
================================================================================
DAG File Processing Stats

File Path                                     PID  Runtime      # DAGs    # Errors  Last Runtime    Last Run
------------------------------------------  -----  ---------  --------  ----------  --------------  -------------------
/opt/airflow/dags/ivf_load_to_mysql_dag.py    323  1.03s             1           0  0.84s           2026-01-16T19:37:45
================================================================================
[2026-01-16T19:38:47.272+0000] {manager.py:879} INFO - 
================================================================================
DAG File Processing Stats

File Path                                   PID    Runtime      # DAGs    # Errors  Last Runtime    Last Run
------------------------------------------  -----  ---------  --------  ----------  --------------  -------------------
/opt/airflow/dags/ivf_load_to_mysql_dag.py                           1           0  1.06s           2026-01-16T19:38:17
================================================================================
[2026-01-16T19:39:18.139+0000] {manager.py:879} INFO - 
================================================================================
DAG File Processing Stats

File Path                                   PID    Runtime      # DAGs    # Errors  Last Runtime    Last Run
------------------------------------------  -----  ---------  --------  ----------  --------------  -------------------
/opt/airflow/dags/ivf_load_to_mysql_dag.py                           1           0  1.23s           2026-01-16T19:38:49
================================================================================
[2026-01-16T19:39:36.967+0000] {manager.py:738} INFO - Searching for files in /opt/airflow/dags
[2026-01-16T19:39:37.076+0000] {manager.py:741} INFO - There are 1 files in /opt/airflow/dags
[2026-01-16T19:39:48.263+0000] {manager.py:879} INFO - 
================================================================================
DAG File Processing Stats

File Path                                   PID    Runtime      # DAGs    # Errors  Last Runtime    Last Run
------------------------------------------  -----  ---------  --------  ----------  --------------  -------------------
/opt/airflow/dags/ivf_load_to_mysql_dag.py                           1           0  1.01s           2026-01-16T19:39:21
================================================================================
[2026-01-16T19:40:18.296+0000] {manager.py:879} INFO - 
================================================================================
DAG File Processing Stats

File Path                                   PID    Runtime      # DAGs    # Errors  Last Runtime    Last Run
------------------------------------------  -----  ---------  --------  ----------  --------------  -------------------
/opt/airflow/dags/ivf_load_to_mysql_dag.py                           1           0  10.56s          2026-01-16T19:40:04
================================================================================
[2026-01-16T19:40:49.311+0000] {manager.py:879} INFO - 
================================================================================
DAG File Processing Stats

File Path                                   PID    Runtime      # DAGs    # Errors  Last Runtime    Last Run
------------------------------------------  -----  ---------  --------  ----------  --------------  -------------------
/opt/airflow/dags/ivf_load_to_mysql_dag.py                           1           0  1.18s           2026-01-16T19:40:36
================================================================================
[2026-01-16T19:41:20.098+0000] {manager.py:879} INFO - 
================================================================================
DAG File Processing Stats

File Path                                   PID    Runtime      # DAGs    # Errors  Last Runtime    Last Run
------------------------------------------  -----  ---------  --------  ----------  --------------  -------------------
/opt/airflow/dags/ivf_load_to_mysql_dag.py                           1           0  2.96s           2026-01-16T19:41:10
================================================================================
[2026-01-16T19:41:50.814+0000] {manager.py:879} INFO - 
================================================================================
DAG File Processing Stats

File Path                                   PID    Runtime      # DAGs    # Errors  Last Runtime    Last Run
------------------------------------------  -----  ---------  --------  ----------  --------------  -------------------
/opt/airflow/dags/ivf_load_to_mysql_dag.py                           1           0  3.08s           2026-01-16T19:41:44
================================================================================
[2026-01-16T19:42:21.617+0000] {manager.py:879} INFO - 
================================================================================
DAG File Processing Stats

File Path                                   PID    Runtime      # DAGs    # Errors  Last Runtime    Last Run
------------------------------------------  -----  ---------  --------  ----------  --------------  -------------------
/opt/airflow/dags/ivf_load_to_mysql_dag.py                           1           0  2.34s           2026-01-16T19:42:17
================================================================================
[2026-01-16T19:42:52.002+0000] {manager.py:879} INFO - 
================================================================================
DAG File Processing Stats

File Path                                   PID    Runtime      # DAGs    # Errors  Last Runtime    Last Run
------------------------------------------  -----  ---------  --------  ----------  --------------  -------------------
/opt/airflow/dags/ivf_load_to_mysql_dag.py                           1           0  1.42s           2026-01-16T19:42:49
================================================================================
[2026-01-16T19:43:22.597+0000] {manager.py:879} INFO - 
================================================================================
DAG File Processing Stats

File Path                                   PID    Runtime      # DAGs    # Errors  Last Runtime    Last Run
------------------------------------------  -----  ---------  --------  ----------  --------------  -------------------
/opt/airflow/dags/ivf_load_to_mysql_dag.py                           1           0  0.59s           2026-01-16T19:43:19
================================================================================
[2026-01-16T19:43:52.684+0000] {manager.py:879} INFO - 
================================================================================
DAG File Processing Stats

File Path                                   PID    Runtime      # DAGs    # Errors  Last Runtime    Last Run
------------------------------------------  -----  ---------  --------  ----------  --------------  -------------------
/opt/airflow/dags/ivf_load_to_mysql_dag.py                           1           0  0.49s           2026-01-16T19:43:50
================================================================================
[2026-01-16T19:44:22.927+0000] {manager.py:879} INFO - 
================================================================================
DAG File Processing Stats

File Path                                     PID  Runtime      # DAGs    # Errors  Last Runtime    Last Run
------------------------------------------  -----  ---------  --------  ----------  --------------  -------------------
/opt/airflow/dags/ivf_load_to_mysql_dag.py    389  1.10s             1           0  0.49s           2026-01-16T19:43:50
================================================================================
[2026-01-16T19:44:37.202+0000] {manager.py:738} INFO - Searching for files in /opt/airflow/dags
[2026-01-16T19:44:37.700+0000] {manager.py:741} INFO - There are 1 files in /opt/airflow/dags
[2026-01-16T19:44:52.948+0000] {manager.py:879} INFO - 
================================================================================
DAG File Processing Stats

File Path                                   PID    Runtime      # DAGs    # Errors  Last Runtime    Last Run
------------------------------------------  -----  ---------  --------  ----------  --------------  -------------------
/opt/airflow/dags/ivf_load_to_mysql_dag.py                           1           0  1.79s           2026-01-16T19:44:23
================================================================================
[2026-01-16T19:45:23.376+0000] {manager.py:879} INFO - 
================================================================================
DAG File Processing Stats

File Path                                   PID    Runtime      # DAGs    # Errors  Last Runtime    Last Run
------------------------------------------  -----  ---------  --------  ----------  --------------  -------------------
/opt/airflow/dags/ivf_load_to_mysql_dag.py                           1           0  6.84s           2026-01-16T19:45:01
================================================================================
[2026-01-16T19:45:53.625+0000] {manager.py:879} INFO - 
================================================================================
DAG File Processing Stats

File Path                                   PID    Runtime      # DAGs    # Errors  Last Runtime    Last Run
------------------------------------------  -----  ---------  --------  ----------  --------------  -------------------
/opt/airflow/dags/ivf_load_to_mysql_dag.py                           1           0  2.38s           2026-01-16T19:45:34
================================================================================
[2026-01-16T19:46:23.995+0000] {manager.py:879} INFO - 
================================================================================
DAG File Processing Stats

File Path                                   PID    Runtime      # DAGs    # Errors  Last Runtime    Last Run
------------------------------------------  -----  ---------  --------  ----------  --------------  -------------------
/opt/airflow/dags/ivf_load_to_mysql_dag.py                           1           0  0.70s           2026-01-16T19:46:05
================================================================================
[2026-01-16T19:46:54.192+0000] {manager.py:879} INFO - 
================================================================================
DAG File Processing Stats

File Path                                   PID    Runtime      # DAGs    # Errors  Last Runtime    Last Run
------------------------------------------  -----  ---------  --------  ----------  --------------  -------------------
/opt/airflow/dags/ivf_load_to_mysql_dag.py                           1           0  0.77s           2026-01-16T19:46:37
================================================================================
[2026-01-16T19:47:24.327+0000] {manager.py:879} INFO - 
================================================================================
DAG File Processing Stats

File Path                                   PID    Runtime      # DAGs    # Errors  Last Runtime    Last Run
------------------------------------------  -----  ---------  --------  ----------  --------------  -------------------
/opt/airflow/dags/ivf_load_to_mysql_dag.py                           1           0  1.17s           2026-01-16T19:47:08
================================================================================
