[2026-01-16T18:46:56.956+0000] {taskinstance.py:1956} INFO - Dependencies all met for dep_context=non-requeueable deps ti=<TaskInstance: ivf_load_to_mysql_dag.load_ivf_csv_to_mysql manual__2026-01-16T18:46:52.403119+00:00 [queued]>
[2026-01-16T18:46:57.005+0000] {taskinstance.py:1956} INFO - Dependencies all met for dep_context=requeueable deps ti=<TaskInstance: ivf_load_to_mysql_dag.load_ivf_csv_to_mysql manual__2026-01-16T18:46:52.403119+00:00 [queued]>
[2026-01-16T18:46:57.006+0000] {taskinstance.py:2170} INFO - Starting attempt 1 of 1
[2026-01-16T18:46:57.058+0000] {taskinstance.py:2191} INFO - Executing <Task(PythonOperator): load_ivf_csv_to_mysql> on 2026-01-16 18:46:52.403119+00:00
[2026-01-16T18:46:57.087+0000] {standard_task_runner.py:60} INFO - Started process 463 to run task
[2026-01-16T18:46:57.136+0000] {standard_task_runner.py:87} INFO - Running: ['***', 'tasks', 'run', 'ivf_load_to_mysql_dag', 'load_ivf_csv_to_mysql', 'manual__2026-01-16T18:46:52.403119+00:00', '--job-id', '4', '--raw', '--subdir', 'DAGS_FOLDER/ivf_load_to_mysql_dag.py', '--cfg-path', '/tmp/tmprozd_4bi']
[2026-01-16T18:46:57.155+0000] {standard_task_runner.py:88} INFO - Job 4: Subtask load_ivf_csv_to_mysql
[2026-01-16T18:46:57.258+0000] {task_command.py:423} INFO - Running <TaskInstance: ivf_load_to_mysql_dag.load_ivf_csv_to_mysql manual__2026-01-16T18:46:52.403119+00:00 [running]> on host 0c6454dee205
[2026-01-16T18:46:57.448+0000] {taskinstance.py:2480} INFO - Exporting env vars: AIRFLOW_CTX_DAG_OWNER='***' AIRFLOW_CTX_DAG_ID='ivf_load_to_mysql_dag' AIRFLOW_CTX_TASK_ID='load_ivf_csv_to_mysql' AIRFLOW_CTX_EXECUTION_DATE='2026-01-16T18:46:52.403119+00:00' AIRFLOW_CTX_TRY_NUMBER='1' AIRFLOW_CTX_DAG_RUN_ID='manual__2026-01-16T18:46:52.403119+00:00'
[2026-01-16T18:47:02.397+0000] {taskinstance.py:2698} ERROR - Task failed with exception
Traceback (most recent call last):
  File "/home/airflow/.local/lib/python3.8/site-packages/airflow/models/taskinstance.py", line 433, in _execute_task
    result = execute_callable(context=context, **execute_callable_kwargs)
  File "/home/airflow/.local/lib/python3.8/site-packages/airflow/operators/python.py", line 199, in execute
    return_value = self.execute_callable()
  File "/home/airflow/.local/lib/python3.8/site-packages/airflow/operators/python.py", line 216, in execute_callable
    return self.python_callable(*self.op_args, **self.op_kwargs)
  File "/opt/airflow/dags/load_ivf_csv_to_mysql.py", line 24, in main
    df = pd.read_csv(CSV_PATH)
  File "/home/airflow/.local/lib/python3.8/site-packages/pandas/io/parsers/readers.py", line 912, in read_csv
    return _read(filepath_or_buffer, kwds)
  File "/home/airflow/.local/lib/python3.8/site-packages/pandas/io/parsers/readers.py", line 577, in _read
    parser = TextFileReader(filepath_or_buffer, **kwds)
  File "/home/airflow/.local/lib/python3.8/site-packages/pandas/io/parsers/readers.py", line 1407, in __init__
    self._engine = self._make_engine(f, self.engine)
  File "/home/airflow/.local/lib/python3.8/site-packages/pandas/io/parsers/readers.py", line 1661, in _make_engine
    self.handles = get_handle(
  File "/home/airflow/.local/lib/python3.8/site-packages/pandas/io/common.py", line 859, in get_handle
    handle = open(
FileNotFoundError: [Errno 2] No such file or directory: 'C:\\AI_IVF_Trigger_day/data/raw/Trigger_day_prediction.csv'
[2026-01-16T18:47:02.478+0000] {taskinstance.py:1138} INFO - Marking task as FAILED. dag_id=ivf_load_to_mysql_dag, task_id=load_ivf_csv_to_mysql, execution_date=20260116T184652, start_date=20260116T184656, end_date=20260116T184702
[2026-01-16T18:47:02.501+0000] {standard_task_runner.py:107} ERROR - Failed to execute job 4 for task load_ivf_csv_to_mysql ([Errno 2] No such file or directory: 'C:\\AI_IVF_Trigger_day/data/raw/Trigger_day_prediction.csv'; 463)
[2026-01-16T18:47:02.533+0000] {local_task_job_runner.py:234} INFO - Task exited with return code 1
[2026-01-16T18:47:02.595+0000] {taskinstance.py:3280} INFO - 0 downstream tasks scheduled from follow-on schedule check
