[2026-01-17T01:28:59.421+0000] {manager.py:469} INFO - Processing files using up to 2 processes at a time 
[2026-01-17T01:28:59.423+0000] {manager.py:470} INFO - Process each file at most once every 30 seconds
[2026-01-17T01:28:59.424+0000] {manager.py:471} INFO - Checking for new files in /opt/airflow/dags every 300 seconds
[2026-01-17T01:28:59.425+0000] {manager.py:738} INFO - Searching for files in /opt/airflow/dags
[2026-01-17T01:28:59.435+0000] {manager.py:741} INFO - There are 0 files in /opt/airflow/dags
[2026-01-17T01:33:59.529+0000] {manager.py:738} INFO - Searching for files in /opt/airflow/dags
[2026-01-17T01:33:59.624+0000] {manager.py:741} INFO - There are 0 files in /opt/airflow/dags
[2026-01-17T01:39:00.260+0000] {manager.py:738} INFO - Searching for files in /opt/airflow/dags
[2026-01-17T01:39:00.326+0000] {manager.py:741} INFO - There are 0 files in /opt/airflow/dags
[2026-01-17T02:12:37.679+0000] {manager.py:738} INFO - Searching for files in /opt/airflow/dags
[2026-01-17T02:12:40.094+0000] {manager.py:741} INFO - There are 0 files in /opt/airflow/dags
[2026-01-17T02:17:38.347+0000] {manager.py:738} INFO - Searching for files in /opt/airflow/dags
[2026-01-17T02:17:38.516+0000] {manager.py:741} INFO - There are 0 files in /opt/airflow/dags
[2026-01-17T02:37:13.596+0000] {manager.py:738} INFO - Searching for files in /opt/airflow/dags
[2026-01-17T02:37:19.947+0000] {manager.py:741} INFO - There are 0 files in /opt/airflow/dags
[2026-01-17T02:42:13.664+0000] {manager.py:738} INFO - Searching for files in /opt/airflow/dags
[2026-01-17T02:42:13.819+0000] {manager.py:741} INFO - There are 0 files in /opt/airflow/dags
[2026-01-17T02:47:13.821+0000] {manager.py:738} INFO - Searching for files in /opt/airflow/dags
[2026-01-17T02:47:14.181+0000] {manager.py:741} INFO - There are 0 files in /opt/airflow/dags
[2026-01-17T02:52:14.333+0000] {manager.py:738} INFO - Searching for files in /opt/airflow/dags
[2026-01-17T02:52:14.645+0000] {manager.py:741} INFO - There are 0 files in /opt/airflow/dags
[2026-01-17T02:57:14.642+0000] {manager.py:738} INFO - Searching for files in /opt/airflow/dags
[2026-01-17T02:57:16.071+0000] {manager.py:741} INFO - There are 0 files in /opt/airflow/dags
[2026-01-17T03:02:14.765+0000] {manager.py:738} INFO - Searching for files in /opt/airflow/dags
[2026-01-17T03:02:15.446+0000] {manager.py:741} INFO - There are 0 files in /opt/airflow/dags
[2026-01-17T03:07:14.811+0000] {manager.py:738} INFO - Searching for files in /opt/airflow/dags
[2026-01-17T03:07:15.002+0000] {manager.py:741} INFO - There are 0 files in /opt/airflow/dags
[2026-01-17T03:30:39.164+0000] {manager.py:738} INFO - Searching for files in /opt/airflow/dags
[2026-01-17T03:30:40.916+0000] {manager.py:741} INFO - There are 0 files in /opt/airflow/dags
[2026-01-18T17:18:04.051+0000] {manager.py:469} INFO - Processing files using up to 2 processes at a time 
[2026-01-18T17:18:04.053+0000] {manager.py:470} INFO - Process each file at most once every 30 seconds
[2026-01-18T17:18:04.063+0000] {manager.py:471} INFO - Checking for new files in /opt/airflow/dags every 300 seconds
[2026-01-18T17:18:04.065+0000] {manager.py:738} INFO - Searching for files in /opt/airflow/dags
[2026-01-18T17:18:04.075+0000] {manager.py:741} INFO - There are 0 files in /opt/airflow/dags
[2026-01-18T17:23:04.435+0000] {manager.py:738} INFO - Searching for files in /opt/airflow/dags
[2026-01-18T17:23:04.584+0000] {manager.py:741} INFO - There are 0 files in /opt/airflow/dags
[2026-01-18T17:28:29.266+0000] {manager.py:469} INFO - Processing files using up to 2 processes at a time 
[2026-01-18T17:28:29.269+0000] {manager.py:470} INFO - Process each file at most once every 30 seconds
[2026-01-18T17:28:29.270+0000] {manager.py:471} INFO - Checking for new files in /opt/airflow/dags every 300 seconds
[2026-01-18T17:28:29.271+0000] {manager.py:738} INFO - Searching for files in /opt/airflow/dags
[2026-01-18T17:28:29.277+0000] {manager.py:741} INFO - There are 0 files in /opt/airflow/dags
