[2026-01-17T00:45:47.332+0000] {processor.py:161} INFO - Started process (PID=171) to work on /opt/airflow/dags/ivf_load_to_mysql_dag.py
[2026-01-17T00:45:47.336+0000] {processor.py:830} INFO - Processing file /opt/airflow/dags/ivf_load_to_mysql_dag.py for tasks to queue
[2026-01-17T00:45:47.338+0000] {logging_mixin.py:188} INFO - [2026-01-17T00:45:47.338+0000] {dagbag.py:538} INFO - Filling up the DagBag from /opt/airflow/dags/ivf_load_to_mysql_dag.py
[2026-01-17T00:45:53.233+0000] {processor.py:840} INFO - DAG(s) 'ivf_load_to_mysql_dag' retrieved from /opt/airflow/dags/ivf_load_to_mysql_dag.py
[2026-01-17T00:45:53.384+0000] {logging_mixin.py:188} INFO - [2026-01-17T00:45:53.383+0000] {dag.py:3036} INFO - Sync 1 DAGs
[2026-01-17T00:45:53.407+0000] {logging_mixin.py:188} INFO - [2026-01-17T00:45:53.406+0000] {dag.py:3823} INFO - Setting next_dagrun for ivf_load_to_mysql_dag to None, run_after=None
[2026-01-17T00:45:53.485+0000] {processor.py:183} INFO - Processing /opt/airflow/dags/ivf_load_to_mysql_dag.py took 6.166 seconds
[2026-01-17T00:46:23.987+0000] {processor.py:161} INFO - Started process (PID=184) to work on /opt/airflow/dags/ivf_load_to_mysql_dag.py
[2026-01-17T00:46:23.989+0000] {processor.py:830} INFO - Processing file /opt/airflow/dags/ivf_load_to_mysql_dag.py for tasks to queue
[2026-01-17T00:46:23.991+0000] {logging_mixin.py:188} INFO - [2026-01-17T00:46:23.990+0000] {dagbag.py:538} INFO - Filling up the DagBag from /opt/airflow/dags/ivf_load_to_mysql_dag.py
[2026-01-17T00:46:24.336+0000] {processor.py:840} INFO - DAG(s) 'ivf_load_to_mysql_dag' retrieved from /opt/airflow/dags/ivf_load_to_mysql_dag.py
[2026-01-17T00:46:24.376+0000] {logging_mixin.py:188} INFO - [2026-01-17T00:46:24.376+0000] {dag.py:3036} INFO - Sync 1 DAGs
[2026-01-17T00:46:24.435+0000] {logging_mixin.py:188} INFO - [2026-01-17T00:46:24.434+0000] {dag.py:3823} INFO - Setting next_dagrun for ivf_load_to_mysql_dag to None, run_after=None
[2026-01-17T00:46:24.526+0000] {processor.py:183} INFO - Processing /opt/airflow/dags/ivf_load_to_mysql_dag.py took 0.547 seconds
[2026-01-17T00:46:54.702+0000] {processor.py:161} INFO - Started process (PID=195) to work on /opt/airflow/dags/ivf_load_to_mysql_dag.py
[2026-01-17T00:46:54.705+0000] {processor.py:830} INFO - Processing file /opt/airflow/dags/ivf_load_to_mysql_dag.py for tasks to queue
[2026-01-17T00:46:54.708+0000] {logging_mixin.py:188} INFO - [2026-01-17T00:46:54.707+0000] {dagbag.py:538} INFO - Filling up the DagBag from /opt/airflow/dags/ivf_load_to_mysql_dag.py
[2026-01-17T00:46:55.107+0000] {processor.py:840} INFO - DAG(s) 'ivf_load_to_mysql_dag' retrieved from /opt/airflow/dags/ivf_load_to_mysql_dag.py
[2026-01-17T00:46:55.135+0000] {logging_mixin.py:188} INFO - [2026-01-17T00:46:55.134+0000] {dag.py:3036} INFO - Sync 1 DAGs
[2026-01-17T00:46:55.150+0000] {logging_mixin.py:188} INFO - [2026-01-17T00:46:55.149+0000] {dag.py:3823} INFO - Setting next_dagrun for ivf_load_to_mysql_dag to None, run_after=None
[2026-01-17T00:46:55.183+0000] {processor.py:183} INFO - Processing /opt/airflow/dags/ivf_load_to_mysql_dag.py took 0.488 seconds
[2026-01-17T00:47:25.312+0000] {processor.py:161} INFO - Started process (PID=206) to work on /opt/airflow/dags/ivf_load_to_mysql_dag.py
[2026-01-17T00:47:25.315+0000] {processor.py:830} INFO - Processing file /opt/airflow/dags/ivf_load_to_mysql_dag.py for tasks to queue
[2026-01-17T00:47:25.317+0000] {logging_mixin.py:188} INFO - [2026-01-17T00:47:25.316+0000] {dagbag.py:538} INFO - Filling up the DagBag from /opt/airflow/dags/ivf_load_to_mysql_dag.py
[2026-01-17T00:47:25.617+0000] {processor.py:840} INFO - DAG(s) 'ivf_load_to_mysql_dag' retrieved from /opt/airflow/dags/ivf_load_to_mysql_dag.py
[2026-01-17T00:47:25.644+0000] {logging_mixin.py:188} INFO - [2026-01-17T00:47:25.643+0000] {dag.py:3036} INFO - Sync 1 DAGs
[2026-01-17T00:47:25.655+0000] {logging_mixin.py:188} INFO - [2026-01-17T00:47:25.654+0000] {dag.py:3823} INFO - Setting next_dagrun for ivf_load_to_mysql_dag to None, run_after=None
[2026-01-17T00:47:25.679+0000] {processor.py:183} INFO - Processing /opt/airflow/dags/ivf_load_to_mysql_dag.py took 0.371 seconds
[2026-01-17T00:47:55.947+0000] {processor.py:161} INFO - Started process (PID=217) to work on /opt/airflow/dags/ivf_load_to_mysql_dag.py
[2026-01-17T00:47:55.949+0000] {processor.py:830} INFO - Processing file /opt/airflow/dags/ivf_load_to_mysql_dag.py for tasks to queue
[2026-01-17T00:47:55.951+0000] {logging_mixin.py:188} INFO - [2026-01-17T00:47:55.951+0000] {dagbag.py:538} INFO - Filling up the DagBag from /opt/airflow/dags/ivf_load_to_mysql_dag.py
[2026-01-17T00:47:56.260+0000] {processor.py:840} INFO - DAG(s) 'ivf_load_to_mysql_dag' retrieved from /opt/airflow/dags/ivf_load_to_mysql_dag.py
[2026-01-17T00:47:56.284+0000] {logging_mixin.py:188} INFO - [2026-01-17T00:47:56.284+0000] {dag.py:3036} INFO - Sync 1 DAGs
[2026-01-17T00:47:56.298+0000] {logging_mixin.py:188} INFO - [2026-01-17T00:47:56.298+0000] {dag.py:3823} INFO - Setting next_dagrun for ivf_load_to_mysql_dag to None, run_after=None
[2026-01-17T00:47:56.319+0000] {processor.py:183} INFO - Processing /opt/airflow/dags/ivf_load_to_mysql_dag.py took 0.379 seconds
[2026-01-17T00:48:26.745+0000] {processor.py:161} INFO - Started process (PID=228) to work on /opt/airflow/dags/ivf_load_to_mysql_dag.py
[2026-01-17T00:48:26.747+0000] {processor.py:830} INFO - Processing file /opt/airflow/dags/ivf_load_to_mysql_dag.py for tasks to queue
[2026-01-17T00:48:26.749+0000] {logging_mixin.py:188} INFO - [2026-01-17T00:48:26.749+0000] {dagbag.py:538} INFO - Filling up the DagBag from /opt/airflow/dags/ivf_load_to_mysql_dag.py
[2026-01-17T00:48:27.064+0000] {processor.py:840} INFO - DAG(s) 'ivf_load_to_mysql_dag' retrieved from /opt/airflow/dags/ivf_load_to_mysql_dag.py
[2026-01-17T00:48:27.089+0000] {logging_mixin.py:188} INFO - [2026-01-17T00:48:27.088+0000] {dag.py:3036} INFO - Sync 1 DAGs
[2026-01-17T00:48:27.101+0000] {logging_mixin.py:188} INFO - [2026-01-17T00:48:27.101+0000] {dag.py:3823} INFO - Setting next_dagrun for ivf_load_to_mysql_dag to None, run_after=None
[2026-01-17T00:48:27.130+0000] {processor.py:183} INFO - Processing /opt/airflow/dags/ivf_load_to_mysql_dag.py took 0.390 seconds
[2026-01-17T00:48:57.365+0000] {processor.py:161} INFO - Started process (PID=239) to work on /opt/airflow/dags/ivf_load_to_mysql_dag.py
[2026-01-17T00:48:57.367+0000] {processor.py:830} INFO - Processing file /opt/airflow/dags/ivf_load_to_mysql_dag.py for tasks to queue
[2026-01-17T00:48:57.369+0000] {logging_mixin.py:188} INFO - [2026-01-17T00:48:57.369+0000] {dagbag.py:538} INFO - Filling up the DagBag from /opt/airflow/dags/ivf_load_to_mysql_dag.py
[2026-01-17T00:48:57.693+0000] {processor.py:840} INFO - DAG(s) 'ivf_load_to_mysql_dag' retrieved from /opt/airflow/dags/ivf_load_to_mysql_dag.py
[2026-01-17T00:48:57.719+0000] {logging_mixin.py:188} INFO - [2026-01-17T00:48:57.718+0000] {dag.py:3036} INFO - Sync 1 DAGs
[2026-01-17T00:48:57.731+0000] {logging_mixin.py:188} INFO - [2026-01-17T00:48:57.731+0000] {dag.py:3823} INFO - Setting next_dagrun for ivf_load_to_mysql_dag to None, run_after=None
[2026-01-17T00:48:57.775+0000] {processor.py:183} INFO - Processing /opt/airflow/dags/ivf_load_to_mysql_dag.py took 0.418 seconds
[2026-01-17T00:49:28.224+0000] {processor.py:161} INFO - Started process (PID=250) to work on /opt/airflow/dags/ivf_load_to_mysql_dag.py
[2026-01-17T00:49:28.229+0000] {processor.py:830} INFO - Processing file /opt/airflow/dags/ivf_load_to_mysql_dag.py for tasks to queue
[2026-01-17T00:49:28.231+0000] {logging_mixin.py:188} INFO - [2026-01-17T00:49:28.230+0000] {dagbag.py:538} INFO - Filling up the DagBag from /opt/airflow/dags/ivf_load_to_mysql_dag.py
[2026-01-17T00:49:29.153+0000] {processor.py:840} INFO - DAG(s) 'ivf_load_to_mysql_dag' retrieved from /opt/airflow/dags/ivf_load_to_mysql_dag.py
[2026-01-17T00:49:29.188+0000] {logging_mixin.py:188} INFO - [2026-01-17T00:49:29.186+0000] {dag.py:3036} INFO - Sync 1 DAGs
[2026-01-17T00:49:29.209+0000] {logging_mixin.py:188} INFO - [2026-01-17T00:49:29.208+0000] {dag.py:3823} INFO - Setting next_dagrun for ivf_load_to_mysql_dag to None, run_after=None
[2026-01-17T00:49:29.233+0000] {processor.py:183} INFO - Processing /opt/airflow/dags/ivf_load_to_mysql_dag.py took 1.014 seconds
[2026-01-17T00:49:59.761+0000] {processor.py:161} INFO - Started process (PID=261) to work on /opt/airflow/dags/ivf_load_to_mysql_dag.py
[2026-01-17T00:49:59.764+0000] {processor.py:830} INFO - Processing file /opt/airflow/dags/ivf_load_to_mysql_dag.py for tasks to queue
[2026-01-17T00:49:59.765+0000] {logging_mixin.py:188} INFO - [2026-01-17T00:49:59.765+0000] {dagbag.py:538} INFO - Filling up the DagBag from /opt/airflow/dags/ivf_load_to_mysql_dag.py
[2026-01-17T00:50:00.132+0000] {processor.py:840} INFO - DAG(s) 'ivf_load_to_mysql_dag' retrieved from /opt/airflow/dags/ivf_load_to_mysql_dag.py
[2026-01-17T00:50:00.167+0000] {logging_mixin.py:188} INFO - [2026-01-17T00:50:00.167+0000] {dag.py:3036} INFO - Sync 1 DAGs
[2026-01-17T00:50:00.183+0000] {logging_mixin.py:188} INFO - [2026-01-17T00:50:00.182+0000] {dag.py:3823} INFO - Setting next_dagrun for ivf_load_to_mysql_dag to None, run_after=None
[2026-01-17T00:50:00.211+0000] {processor.py:183} INFO - Processing /opt/airflow/dags/ivf_load_to_mysql_dag.py took 0.461 seconds
[2026-01-17T00:50:30.578+0000] {processor.py:161} INFO - Started process (PID=272) to work on /opt/airflow/dags/ivf_load_to_mysql_dag.py
[2026-01-17T00:50:30.579+0000] {processor.py:830} INFO - Processing file /opt/airflow/dags/ivf_load_to_mysql_dag.py for tasks to queue
[2026-01-17T00:50:30.582+0000] {logging_mixin.py:188} INFO - [2026-01-17T00:50:30.581+0000] {dagbag.py:538} INFO - Filling up the DagBag from /opt/airflow/dags/ivf_load_to_mysql_dag.py
[2026-01-17T00:50:30.867+0000] {processor.py:840} INFO - DAG(s) 'ivf_load_to_mysql_dag' retrieved from /opt/airflow/dags/ivf_load_to_mysql_dag.py
[2026-01-17T00:50:30.893+0000] {logging_mixin.py:188} INFO - [2026-01-17T00:50:30.893+0000] {dag.py:3036} INFO - Sync 1 DAGs
[2026-01-17T00:50:30.905+0000] {logging_mixin.py:188} INFO - [2026-01-17T00:50:30.904+0000] {dag.py:3823} INFO - Setting next_dagrun for ivf_load_to_mysql_dag to None, run_after=None
[2026-01-17T00:50:30.923+0000] {processor.py:183} INFO - Processing /opt/airflow/dags/ivf_load_to_mysql_dag.py took 0.353 seconds
[2026-01-17T00:51:01.472+0000] {processor.py:161} INFO - Started process (PID=283) to work on /opt/airflow/dags/ivf_load_to_mysql_dag.py
[2026-01-17T00:51:01.473+0000] {processor.py:830} INFO - Processing file /opt/airflow/dags/ivf_load_to_mysql_dag.py for tasks to queue
[2026-01-17T00:51:01.475+0000] {logging_mixin.py:188} INFO - [2026-01-17T00:51:01.474+0000] {dagbag.py:538} INFO - Filling up the DagBag from /opt/airflow/dags/ivf_load_to_mysql_dag.py
[2026-01-17T00:51:01.824+0000] {processor.py:840} INFO - DAG(s) 'ivf_load_to_mysql_dag' retrieved from /opt/airflow/dags/ivf_load_to_mysql_dag.py
[2026-01-17T00:51:01.855+0000] {logging_mixin.py:188} INFO - [2026-01-17T00:51:01.855+0000] {dag.py:3036} INFO - Sync 1 DAGs
[2026-01-17T00:51:01.869+0000] {logging_mixin.py:188} INFO - [2026-01-17T00:51:01.869+0000] {dag.py:3823} INFO - Setting next_dagrun for ivf_load_to_mysql_dag to None, run_after=None
[2026-01-17T00:51:01.894+0000] {processor.py:183} INFO - Processing /opt/airflow/dags/ivf_load_to_mysql_dag.py took 0.428 seconds
[2026-01-17T00:51:32.027+0000] {processor.py:161} INFO - Started process (PID=294) to work on /opt/airflow/dags/ivf_load_to_mysql_dag.py
[2026-01-17T00:51:32.028+0000] {processor.py:830} INFO - Processing file /opt/airflow/dags/ivf_load_to_mysql_dag.py for tasks to queue
[2026-01-17T00:51:32.030+0000] {logging_mixin.py:188} INFO - [2026-01-17T00:51:32.030+0000] {dagbag.py:538} INFO - Filling up the DagBag from /opt/airflow/dags/ivf_load_to_mysql_dag.py
[2026-01-17T00:51:32.397+0000] {processor.py:840} INFO - DAG(s) 'ivf_load_to_mysql_dag' retrieved from /opt/airflow/dags/ivf_load_to_mysql_dag.py
[2026-01-17T00:51:32.449+0000] {logging_mixin.py:188} INFO - [2026-01-17T00:51:32.448+0000] {dag.py:3036} INFO - Sync 1 DAGs
[2026-01-17T00:51:32.479+0000] {logging_mixin.py:188} INFO - [2026-01-17T00:51:32.478+0000] {dag.py:3823} INFO - Setting next_dagrun for ivf_load_to_mysql_dag to None, run_after=None
[2026-01-17T00:51:32.527+0000] {processor.py:183} INFO - Processing /opt/airflow/dags/ivf_load_to_mysql_dag.py took 0.505 seconds
[2026-01-17T00:52:02.693+0000] {processor.py:161} INFO - Started process (PID=305) to work on /opt/airflow/dags/ivf_load_to_mysql_dag.py
[2026-01-17T00:52:02.698+0000] {processor.py:830} INFO - Processing file /opt/airflow/dags/ivf_load_to_mysql_dag.py for tasks to queue
[2026-01-17T00:52:02.700+0000] {logging_mixin.py:188} INFO - [2026-01-17T00:52:02.700+0000] {dagbag.py:538} INFO - Filling up the DagBag from /opt/airflow/dags/ivf_load_to_mysql_dag.py
[2026-01-17T00:52:03.101+0000] {processor.py:840} INFO - DAG(s) 'ivf_load_to_mysql_dag' retrieved from /opt/airflow/dags/ivf_load_to_mysql_dag.py
[2026-01-17T00:52:03.133+0000] {logging_mixin.py:188} INFO - [2026-01-17T00:52:03.133+0000] {dag.py:3036} INFO - Sync 1 DAGs
[2026-01-17T00:52:03.146+0000] {logging_mixin.py:188} INFO - [2026-01-17T00:52:03.146+0000] {dag.py:3823} INFO - Setting next_dagrun for ivf_load_to_mysql_dag to None, run_after=None
[2026-01-17T00:52:03.164+0000] {processor.py:183} INFO - Processing /opt/airflow/dags/ivf_load_to_mysql_dag.py took 0.478 seconds
[2026-01-17T00:52:33.334+0000] {processor.py:161} INFO - Started process (PID=316) to work on /opt/airflow/dags/ivf_load_to_mysql_dag.py
[2026-01-17T00:52:33.336+0000] {processor.py:830} INFO - Processing file /opt/airflow/dags/ivf_load_to_mysql_dag.py for tasks to queue
[2026-01-17T00:52:33.341+0000] {logging_mixin.py:188} INFO - [2026-01-17T00:52:33.340+0000] {dagbag.py:538} INFO - Filling up the DagBag from /opt/airflow/dags/ivf_load_to_mysql_dag.py
[2026-01-17T00:52:33.811+0000] {processor.py:840} INFO - DAG(s) 'ivf_load_to_mysql_dag' retrieved from /opt/airflow/dags/ivf_load_to_mysql_dag.py
[2026-01-17T00:52:33.857+0000] {logging_mixin.py:188} INFO - [2026-01-17T00:52:33.856+0000] {dag.py:3036} INFO - Sync 1 DAGs
[2026-01-17T00:52:33.870+0000] {logging_mixin.py:188} INFO - [2026-01-17T00:52:33.870+0000] {dag.py:3823} INFO - Setting next_dagrun for ivf_load_to_mysql_dag to None, run_after=None
[2026-01-17T00:52:33.893+0000] {processor.py:183} INFO - Processing /opt/airflow/dags/ivf_load_to_mysql_dag.py took 0.565 seconds
[2026-01-17T00:53:04.097+0000] {processor.py:161} INFO - Started process (PID=330) to work on /opt/airflow/dags/ivf_load_to_mysql_dag.py
[2026-01-17T00:53:04.100+0000] {processor.py:830} INFO - Processing file /opt/airflow/dags/ivf_load_to_mysql_dag.py for tasks to queue
[2026-01-17T00:53:04.102+0000] {logging_mixin.py:188} INFO - [2026-01-17T00:53:04.101+0000] {dagbag.py:538} INFO - Filling up the DagBag from /opt/airflow/dags/ivf_load_to_mysql_dag.py
[2026-01-17T00:53:04.812+0000] {processor.py:840} INFO - DAG(s) 'ivf_load_to_mysql_dag' retrieved from /opt/airflow/dags/ivf_load_to_mysql_dag.py
[2026-01-17T00:53:05.053+0000] {logging_mixin.py:188} INFO - [2026-01-17T00:53:05.052+0000] {dag.py:3036} INFO - Sync 1 DAGs
[2026-01-17T00:53:05.105+0000] {logging_mixin.py:188} INFO - [2026-01-17T00:53:05.104+0000] {dag.py:3823} INFO - Setting next_dagrun for ivf_load_to_mysql_dag to None, run_after=None
[2026-01-17T00:53:05.238+0000] {processor.py:183} INFO - Processing /opt/airflow/dags/ivf_load_to_mysql_dag.py took 1.153 seconds
[2026-01-17T00:53:35.855+0000] {processor.py:161} INFO - Started process (PID=341) to work on /opt/airflow/dags/ivf_load_to_mysql_dag.py
[2026-01-17T00:53:35.860+0000] {processor.py:830} INFO - Processing file /opt/airflow/dags/ivf_load_to_mysql_dag.py for tasks to queue
[2026-01-17T00:53:35.866+0000] {logging_mixin.py:188} INFO - [2026-01-17T00:53:35.862+0000] {dagbag.py:538} INFO - Filling up the DagBag from /opt/airflow/dags/ivf_load_to_mysql_dag.py
[2026-01-17T00:53:37.189+0000] {processor.py:840} INFO - DAG(s) 'ivf_load_to_mysql_dag' retrieved from /opt/airflow/dags/ivf_load_to_mysql_dag.py
[2026-01-17T00:53:37.343+0000] {logging_mixin.py:188} INFO - [2026-01-17T00:53:37.341+0000] {dag.py:3036} INFO - Sync 1 DAGs
[2026-01-17T00:53:37.484+0000] {logging_mixin.py:188} INFO - [2026-01-17T00:53:37.483+0000] {dag.py:3823} INFO - Setting next_dagrun for ivf_load_to_mysql_dag to None, run_after=None
[2026-01-17T00:53:37.563+0000] {processor.py:183} INFO - Processing /opt/airflow/dags/ivf_load_to_mysql_dag.py took 1.714 seconds
[2026-01-17T00:54:08.241+0000] {processor.py:161} INFO - Started process (PID=352) to work on /opt/airflow/dags/ivf_load_to_mysql_dag.py
[2026-01-17T00:54:08.244+0000] {processor.py:830} INFO - Processing file /opt/airflow/dags/ivf_load_to_mysql_dag.py for tasks to queue
[2026-01-17T00:54:08.245+0000] {logging_mixin.py:188} INFO - [2026-01-17T00:54:08.245+0000] {dagbag.py:538} INFO - Filling up the DagBag from /opt/airflow/dags/ivf_load_to_mysql_dag.py
[2026-01-17T00:54:08.686+0000] {processor.py:840} INFO - DAG(s) 'ivf_load_to_mysql_dag' retrieved from /opt/airflow/dags/ivf_load_to_mysql_dag.py
[2026-01-17T00:54:08.744+0000] {logging_mixin.py:188} INFO - [2026-01-17T00:54:08.741+0000] {dag.py:3036} INFO - Sync 1 DAGs
[2026-01-17T00:54:08.767+0000] {logging_mixin.py:188} INFO - [2026-01-17T00:54:08.766+0000] {dag.py:3823} INFO - Setting next_dagrun for ivf_load_to_mysql_dag to None, run_after=None
[2026-01-17T00:54:08.825+0000] {processor.py:183} INFO - Processing /opt/airflow/dags/ivf_load_to_mysql_dag.py took 0.589 seconds
[2026-01-17T00:54:39.152+0000] {processor.py:161} INFO - Started process (PID=363) to work on /opt/airflow/dags/ivf_load_to_mysql_dag.py
[2026-01-17T00:54:39.154+0000] {processor.py:830} INFO - Processing file /opt/airflow/dags/ivf_load_to_mysql_dag.py for tasks to queue
[2026-01-17T00:54:39.156+0000] {logging_mixin.py:188} INFO - [2026-01-17T00:54:39.155+0000] {dagbag.py:538} INFO - Filling up the DagBag from /opt/airflow/dags/ivf_load_to_mysql_dag.py
[2026-01-17T00:54:39.532+0000] {processor.py:840} INFO - DAG(s) 'ivf_load_to_mysql_dag' retrieved from /opt/airflow/dags/ivf_load_to_mysql_dag.py
[2026-01-17T00:54:39.565+0000] {logging_mixin.py:188} INFO - [2026-01-17T00:54:39.564+0000] {dag.py:3036} INFO - Sync 1 DAGs
[2026-01-17T00:54:39.580+0000] {logging_mixin.py:188} INFO - [2026-01-17T00:54:39.580+0000] {dag.py:3823} INFO - Setting next_dagrun for ivf_load_to_mysql_dag to None, run_after=None
[2026-01-17T00:54:39.606+0000] {processor.py:183} INFO - Processing /opt/airflow/dags/ivf_load_to_mysql_dag.py took 0.458 seconds
[2026-01-17T00:55:09.869+0000] {processor.py:161} INFO - Started process (PID=374) to work on /opt/airflow/dags/ivf_load_to_mysql_dag.py
[2026-01-17T00:55:09.871+0000] {processor.py:830} INFO - Processing file /opt/airflow/dags/ivf_load_to_mysql_dag.py for tasks to queue
[2026-01-17T00:55:09.873+0000] {logging_mixin.py:188} INFO - [2026-01-17T00:55:09.872+0000] {dagbag.py:538} INFO - Filling up the DagBag from /opt/airflow/dags/ivf_load_to_mysql_dag.py
[2026-01-17T00:55:10.163+0000] {processor.py:840} INFO - DAG(s) 'ivf_load_to_mysql_dag' retrieved from /opt/airflow/dags/ivf_load_to_mysql_dag.py
[2026-01-17T00:55:10.194+0000] {logging_mixin.py:188} INFO - [2026-01-17T00:55:10.194+0000] {dag.py:3036} INFO - Sync 1 DAGs
[2026-01-17T00:55:10.211+0000] {logging_mixin.py:188} INFO - [2026-01-17T00:55:10.211+0000] {dag.py:3823} INFO - Setting next_dagrun for ivf_load_to_mysql_dag to None, run_after=None
[2026-01-17T00:55:10.242+0000] {processor.py:183} INFO - Processing /opt/airflow/dags/ivf_load_to_mysql_dag.py took 0.381 seconds
[2026-01-17T00:55:40.632+0000] {processor.py:161} INFO - Started process (PID=385) to work on /opt/airflow/dags/ivf_load_to_mysql_dag.py
[2026-01-17T00:55:40.633+0000] {processor.py:830} INFO - Processing file /opt/airflow/dags/ivf_load_to_mysql_dag.py for tasks to queue
[2026-01-17T00:55:40.634+0000] {logging_mixin.py:188} INFO - [2026-01-17T00:55:40.634+0000] {dagbag.py:538} INFO - Filling up the DagBag from /opt/airflow/dags/ivf_load_to_mysql_dag.py
[2026-01-17T00:55:40.970+0000] {processor.py:840} INFO - DAG(s) 'ivf_load_to_mysql_dag' retrieved from /opt/airflow/dags/ivf_load_to_mysql_dag.py
[2026-01-17T00:55:40.998+0000] {logging_mixin.py:188} INFO - [2026-01-17T00:55:40.998+0000] {dag.py:3036} INFO - Sync 1 DAGs
[2026-01-17T00:55:41.012+0000] {logging_mixin.py:188} INFO - [2026-01-17T00:55:41.012+0000] {dag.py:3823} INFO - Setting next_dagrun for ivf_load_to_mysql_dag to None, run_after=None
[2026-01-17T00:55:41.039+0000] {processor.py:183} INFO - Processing /opt/airflow/dags/ivf_load_to_mysql_dag.py took 0.410 seconds
[2026-01-17T00:56:11.785+0000] {processor.py:161} INFO - Started process (PID=396) to work on /opt/airflow/dags/ivf_load_to_mysql_dag.py
[2026-01-17T00:56:11.790+0000] {processor.py:830} INFO - Processing file /opt/airflow/dags/ivf_load_to_mysql_dag.py for tasks to queue
[2026-01-17T00:56:11.793+0000] {logging_mixin.py:188} INFO - [2026-01-17T00:56:11.792+0000] {dagbag.py:538} INFO - Filling up the DagBag from /opt/airflow/dags/ivf_load_to_mysql_dag.py
[2026-01-17T00:56:12.101+0000] {processor.py:840} INFO - DAG(s) 'ivf_load_to_mysql_dag' retrieved from /opt/airflow/dags/ivf_load_to_mysql_dag.py
[2026-01-17T00:56:12.131+0000] {logging_mixin.py:188} INFO - [2026-01-17T00:56:12.130+0000] {dag.py:3036} INFO - Sync 1 DAGs
[2026-01-17T00:56:12.147+0000] {logging_mixin.py:188} INFO - [2026-01-17T00:56:12.146+0000] {dag.py:3823} INFO - Setting next_dagrun for ivf_load_to_mysql_dag to None, run_after=None
[2026-01-17T00:56:12.173+0000] {processor.py:183} INFO - Processing /opt/airflow/dags/ivf_load_to_mysql_dag.py took 0.399 seconds
[2026-01-17T00:56:42.541+0000] {processor.py:161} INFO - Started process (PID=407) to work on /opt/airflow/dags/ivf_load_to_mysql_dag.py
[2026-01-17T00:56:42.545+0000] {processor.py:830} INFO - Processing file /opt/airflow/dags/ivf_load_to_mysql_dag.py for tasks to queue
[2026-01-17T00:56:42.548+0000] {logging_mixin.py:188} INFO - [2026-01-17T00:56:42.547+0000] {dagbag.py:538} INFO - Filling up the DagBag from /opt/airflow/dags/ivf_load_to_mysql_dag.py
[2026-01-17T00:56:42.947+0000] {processor.py:840} INFO - DAG(s) 'ivf_load_to_mysql_dag' retrieved from /opt/airflow/dags/ivf_load_to_mysql_dag.py
[2026-01-17T00:56:43.056+0000] {logging_mixin.py:188} INFO - [2026-01-17T00:56:43.055+0000] {dag.py:3036} INFO - Sync 1 DAGs
[2026-01-17T00:56:43.117+0000] {logging_mixin.py:188} INFO - [2026-01-17T00:56:43.117+0000] {dag.py:3823} INFO - Setting next_dagrun for ivf_load_to_mysql_dag to None, run_after=None
[2026-01-17T00:56:43.151+0000] {processor.py:183} INFO - Processing /opt/airflow/dags/ivf_load_to_mysql_dag.py took 0.617 seconds
[2026-01-17T00:57:13.235+0000] {processor.py:161} INFO - Started process (PID=418) to work on /opt/airflow/dags/ivf_load_to_mysql_dag.py
[2026-01-17T00:57:13.237+0000] {processor.py:830} INFO - Processing file /opt/airflow/dags/ivf_load_to_mysql_dag.py for tasks to queue
[2026-01-17T00:57:13.239+0000] {logging_mixin.py:188} INFO - [2026-01-17T00:57:13.238+0000] {dagbag.py:538} INFO - Filling up the DagBag from /opt/airflow/dags/ivf_load_to_mysql_dag.py
[2026-01-17T00:57:13.662+0000] {processor.py:840} INFO - DAG(s) 'ivf_load_to_mysql_dag' retrieved from /opt/airflow/dags/ivf_load_to_mysql_dag.py
[2026-01-17T00:57:13.706+0000] {logging_mixin.py:188} INFO - [2026-01-17T00:57:13.705+0000] {dag.py:3036} INFO - Sync 1 DAGs
[2026-01-17T00:57:13.728+0000] {logging_mixin.py:188} INFO - [2026-01-17T00:57:13.728+0000] {dag.py:3823} INFO - Setting next_dagrun for ivf_load_to_mysql_dag to None, run_after=None
[2026-01-17T00:57:13.770+0000] {processor.py:183} INFO - Processing /opt/airflow/dags/ivf_load_to_mysql_dag.py took 0.539 seconds
[2026-01-17T00:57:43.973+0000] {processor.py:161} INFO - Started process (PID=429) to work on /opt/airflow/dags/ivf_load_to_mysql_dag.py
[2026-01-17T00:57:43.979+0000] {processor.py:830} INFO - Processing file /opt/airflow/dags/ivf_load_to_mysql_dag.py for tasks to queue
[2026-01-17T00:57:43.981+0000] {logging_mixin.py:188} INFO - [2026-01-17T00:57:43.980+0000] {dagbag.py:538} INFO - Filling up the DagBag from /opt/airflow/dags/ivf_load_to_mysql_dag.py
[2026-01-17T00:57:44.905+0000] {processor.py:840} INFO - DAG(s) 'ivf_load_to_mysql_dag' retrieved from /opt/airflow/dags/ivf_load_to_mysql_dag.py
[2026-01-17T00:57:45.022+0000] {logging_mixin.py:188} INFO - [2026-01-17T00:57:45.021+0000] {dag.py:3036} INFO - Sync 1 DAGs
[2026-01-17T00:57:45.134+0000] {logging_mixin.py:188} INFO - [2026-01-17T00:57:45.134+0000] {dag.py:3823} INFO - Setting next_dagrun for ivf_load_to_mysql_dag to None, run_after=None
[2026-01-17T00:57:45.224+0000] {processor.py:183} INFO - Processing /opt/airflow/dags/ivf_load_to_mysql_dag.py took 1.259 seconds
[2026-01-17T00:58:15.731+0000] {processor.py:161} INFO - Started process (PID=443) to work on /opt/airflow/dags/ivf_load_to_mysql_dag.py
[2026-01-17T00:58:15.733+0000] {processor.py:830} INFO - Processing file /opt/airflow/dags/ivf_load_to_mysql_dag.py for tasks to queue
[2026-01-17T00:58:15.734+0000] {logging_mixin.py:188} INFO - [2026-01-17T00:58:15.734+0000] {dagbag.py:538} INFO - Filling up the DagBag from /opt/airflow/dags/ivf_load_to_mysql_dag.py
[2026-01-17T00:58:16.013+0000] {processor.py:840} INFO - DAG(s) 'ivf_load_to_mysql_dag' retrieved from /opt/airflow/dags/ivf_load_to_mysql_dag.py
[2026-01-17T00:58:16.034+0000] {logging_mixin.py:188} INFO - [2026-01-17T00:58:16.034+0000] {dag.py:3036} INFO - Sync 1 DAGs
[2026-01-17T00:58:16.045+0000] {logging_mixin.py:188} INFO - [2026-01-17T00:58:16.044+0000] {dag.py:3823} INFO - Setting next_dagrun for ivf_load_to_mysql_dag to None, run_after=None
[2026-01-17T00:58:16.061+0000] {processor.py:183} INFO - Processing /opt/airflow/dags/ivf_load_to_mysql_dag.py took 0.333 seconds
[2026-01-17T00:58:46.339+0000] {processor.py:161} INFO - Started process (PID=457) to work on /opt/airflow/dags/ivf_load_to_mysql_dag.py
[2026-01-17T00:58:46.342+0000] {processor.py:830} INFO - Processing file /opt/airflow/dags/ivf_load_to_mysql_dag.py for tasks to queue
[2026-01-17T00:58:46.346+0000] {logging_mixin.py:188} INFO - [2026-01-17T00:58:46.345+0000] {dagbag.py:538} INFO - Filling up the DagBag from /opt/airflow/dags/ivf_load_to_mysql_dag.py
[2026-01-17T00:58:46.712+0000] {processor.py:840} INFO - DAG(s) 'ivf_load_to_mysql_dag' retrieved from /opt/airflow/dags/ivf_load_to_mysql_dag.py
[2026-01-17T00:58:46.736+0000] {logging_mixin.py:188} INFO - [2026-01-17T00:58:46.736+0000] {dag.py:3036} INFO - Sync 1 DAGs
[2026-01-17T00:58:46.747+0000] {logging_mixin.py:188} INFO - [2026-01-17T00:58:46.747+0000] {dag.py:3823} INFO - Setting next_dagrun for ivf_load_to_mysql_dag to None, run_after=None
[2026-01-17T00:58:46.792+0000] {processor.py:183} INFO - Processing /opt/airflow/dags/ivf_load_to_mysql_dag.py took 0.463 seconds
[2026-01-17T00:59:17.404+0000] {processor.py:161} INFO - Started process (PID=468) to work on /opt/airflow/dags/ivf_load_to_mysql_dag.py
[2026-01-17T00:59:17.405+0000] {processor.py:830} INFO - Processing file /opt/airflow/dags/ivf_load_to_mysql_dag.py for tasks to queue
[2026-01-17T00:59:17.407+0000] {logging_mixin.py:188} INFO - [2026-01-17T00:59:17.406+0000] {dagbag.py:538} INFO - Filling up the DagBag from /opt/airflow/dags/ivf_load_to_mysql_dag.py
[2026-01-17T00:59:17.674+0000] {processor.py:840} INFO - DAG(s) 'ivf_load_to_mysql_dag' retrieved from /opt/airflow/dags/ivf_load_to_mysql_dag.py
[2026-01-17T00:59:17.714+0000] {logging_mixin.py:188} INFO - [2026-01-17T00:59:17.713+0000] {dag.py:3036} INFO - Sync 1 DAGs
[2026-01-17T00:59:17.732+0000] {logging_mixin.py:188} INFO - [2026-01-17T00:59:17.732+0000] {dag.py:3823} INFO - Setting next_dagrun for ivf_load_to_mysql_dag to None, run_after=None
[2026-01-17T00:59:17.763+0000] {processor.py:183} INFO - Processing /opt/airflow/dags/ivf_load_to_mysql_dag.py took 0.362 seconds
[2026-01-17T00:59:48.292+0000] {processor.py:161} INFO - Started process (PID=479) to work on /opt/airflow/dags/ivf_load_to_mysql_dag.py
[2026-01-17T00:59:48.294+0000] {processor.py:830} INFO - Processing file /opt/airflow/dags/ivf_load_to_mysql_dag.py for tasks to queue
[2026-01-17T00:59:48.296+0000] {logging_mixin.py:188} INFO - [2026-01-17T00:59:48.296+0000] {dagbag.py:538} INFO - Filling up the DagBag from /opt/airflow/dags/ivf_load_to_mysql_dag.py
[2026-01-17T00:59:48.619+0000] {processor.py:840} INFO - DAG(s) 'ivf_load_to_mysql_dag' retrieved from /opt/airflow/dags/ivf_load_to_mysql_dag.py
[2026-01-17T00:59:48.650+0000] {logging_mixin.py:188} INFO - [2026-01-17T00:59:48.649+0000] {dag.py:3036} INFO - Sync 1 DAGs
[2026-01-17T00:59:48.663+0000] {logging_mixin.py:188} INFO - [2026-01-17T00:59:48.663+0000] {dag.py:3823} INFO - Setting next_dagrun for ivf_load_to_mysql_dag to None, run_after=None
[2026-01-17T00:59:48.694+0000] {processor.py:183} INFO - Processing /opt/airflow/dags/ivf_load_to_mysql_dag.py took 0.410 seconds
[2026-01-17T01:00:18.865+0000] {processor.py:161} INFO - Started process (PID=490) to work on /opt/airflow/dags/ivf_load_to_mysql_dag.py
[2026-01-17T01:00:18.867+0000] {processor.py:830} INFO - Processing file /opt/airflow/dags/ivf_load_to_mysql_dag.py for tasks to queue
[2026-01-17T01:00:18.869+0000] {logging_mixin.py:188} INFO - [2026-01-17T01:00:18.869+0000] {dagbag.py:538} INFO - Filling up the DagBag from /opt/airflow/dags/ivf_load_to_mysql_dag.py
[2026-01-17T01:00:19.208+0000] {processor.py:840} INFO - DAG(s) 'ivf_load_to_mysql_dag' retrieved from /opt/airflow/dags/ivf_load_to_mysql_dag.py
[2026-01-17T01:00:19.234+0000] {logging_mixin.py:188} INFO - [2026-01-17T01:00:19.234+0000] {dag.py:3036} INFO - Sync 1 DAGs
[2026-01-17T01:00:19.247+0000] {logging_mixin.py:188} INFO - [2026-01-17T01:00:19.247+0000] {dag.py:3823} INFO - Setting next_dagrun for ivf_load_to_mysql_dag to None, run_after=None
[2026-01-17T01:00:19.272+0000] {processor.py:183} INFO - Processing /opt/airflow/dags/ivf_load_to_mysql_dag.py took 0.415 seconds
[2026-01-17T01:00:49.771+0000] {processor.py:161} INFO - Started process (PID=501) to work on /opt/airflow/dags/ivf_load_to_mysql_dag.py
[2026-01-17T01:00:49.776+0000] {processor.py:830} INFO - Processing file /opt/airflow/dags/ivf_load_to_mysql_dag.py for tasks to queue
[2026-01-17T01:00:49.779+0000] {logging_mixin.py:188} INFO - [2026-01-17T01:00:49.778+0000] {dagbag.py:538} INFO - Filling up the DagBag from /opt/airflow/dags/ivf_load_to_mysql_dag.py
[2026-01-17T01:00:50.060+0000] {processor.py:840} INFO - DAG(s) 'ivf_load_to_mysql_dag' retrieved from /opt/airflow/dags/ivf_load_to_mysql_dag.py
[2026-01-17T01:00:50.086+0000] {logging_mixin.py:188} INFO - [2026-01-17T01:00:50.085+0000] {dag.py:3036} INFO - Sync 1 DAGs
[2026-01-17T01:00:50.101+0000] {logging_mixin.py:188} INFO - [2026-01-17T01:00:50.100+0000] {dag.py:3823} INFO - Setting next_dagrun for ivf_load_to_mysql_dag to None, run_after=None
[2026-01-17T01:00:50.128+0000] {processor.py:183} INFO - Processing /opt/airflow/dags/ivf_load_to_mysql_dag.py took 0.365 seconds
[2026-01-17T01:01:20.274+0000] {processor.py:161} INFO - Started process (PID=512) to work on /opt/airflow/dags/ivf_load_to_mysql_dag.py
[2026-01-17T01:01:20.278+0000] {processor.py:830} INFO - Processing file /opt/airflow/dags/ivf_load_to_mysql_dag.py for tasks to queue
[2026-01-17T01:01:20.280+0000] {logging_mixin.py:188} INFO - [2026-01-17T01:01:20.279+0000] {dagbag.py:538} INFO - Filling up the DagBag from /opt/airflow/dags/ivf_load_to_mysql_dag.py
[2026-01-17T01:01:20.779+0000] {processor.py:840} INFO - DAG(s) 'ivf_load_to_mysql_dag' retrieved from /opt/airflow/dags/ivf_load_to_mysql_dag.py
[2026-01-17T01:01:20.814+0000] {logging_mixin.py:188} INFO - [2026-01-17T01:01:20.813+0000] {dag.py:3036} INFO - Sync 1 DAGs
[2026-01-17T01:01:20.833+0000] {logging_mixin.py:188} INFO - [2026-01-17T01:01:20.833+0000] {dag.py:3823} INFO - Setting next_dagrun for ivf_load_to_mysql_dag to None, run_after=None
[2026-01-17T01:01:20.881+0000] {processor.py:183} INFO - Processing /opt/airflow/dags/ivf_load_to_mysql_dag.py took 0.615 seconds
[2026-01-17T01:01:52.263+0000] {processor.py:161} INFO - Started process (PID=523) to work on /opt/airflow/dags/ivf_load_to_mysql_dag.py
[2026-01-17T01:01:52.303+0000] {processor.py:830} INFO - Processing file /opt/airflow/dags/ivf_load_to_mysql_dag.py for tasks to queue
[2026-01-17T01:01:52.321+0000] {logging_mixin.py:188} INFO - [2026-01-17T01:01:52.320+0000] {dagbag.py:538} INFO - Filling up the DagBag from /opt/airflow/dags/ivf_load_to_mysql_dag.py
[2026-01-17T01:01:56.518+0000] {processor.py:840} INFO - DAG(s) 'ivf_load_to_mysql_dag' retrieved from /opt/airflow/dags/ivf_load_to_mysql_dag.py
[2026-01-17T01:01:56.662+0000] {logging_mixin.py:188} INFO - [2026-01-17T01:01:56.661+0000] {dag.py:3036} INFO - Sync 1 DAGs
[2026-01-17T01:01:56.738+0000] {logging_mixin.py:188} INFO - [2026-01-17T01:01:56.737+0000] {dag.py:3823} INFO - Setting next_dagrun for ivf_load_to_mysql_dag to None, run_after=None
[2026-01-17T01:01:56.914+0000] {processor.py:183} INFO - Processing /opt/airflow/dags/ivf_load_to_mysql_dag.py took 4.675 seconds
[2026-01-17T01:02:27.885+0000] {processor.py:161} INFO - Started process (PID=534) to work on /opt/airflow/dags/ivf_load_to_mysql_dag.py
[2026-01-17T01:02:27.892+0000] {processor.py:830} INFO - Processing file /opt/airflow/dags/ivf_load_to_mysql_dag.py for tasks to queue
[2026-01-17T01:02:27.907+0000] {logging_mixin.py:188} INFO - [2026-01-17T01:02:27.898+0000] {dagbag.py:538} INFO - Filling up the DagBag from /opt/airflow/dags/ivf_load_to_mysql_dag.py
[2026-01-17T01:02:32.764+0000] {processor.py:840} INFO - DAG(s) 'ivf_load_to_mysql_dag' retrieved from /opt/airflow/dags/ivf_load_to_mysql_dag.py
[2026-01-17T01:02:33.228+0000] {logging_mixin.py:188} INFO - [2026-01-17T01:02:33.227+0000] {dag.py:3036} INFO - Sync 1 DAGs
[2026-01-17T01:02:33.425+0000] {logging_mixin.py:188} INFO - [2026-01-17T01:02:33.425+0000] {dag.py:3823} INFO - Setting next_dagrun for ivf_load_to_mysql_dag to None, run_after=None
[2026-01-17T01:02:33.743+0000] {processor.py:183} INFO - Processing /opt/airflow/dags/ivf_load_to_mysql_dag.py took 5.882 seconds
[2026-01-17T01:03:04.582+0000] {processor.py:161} INFO - Started process (PID=545) to work on /opt/airflow/dags/ivf_load_to_mysql_dag.py
[2026-01-17T01:03:04.585+0000] {processor.py:830} INFO - Processing file /opt/airflow/dags/ivf_load_to_mysql_dag.py for tasks to queue
[2026-01-17T01:03:04.592+0000] {logging_mixin.py:188} INFO - [2026-01-17T01:03:04.590+0000] {dagbag.py:538} INFO - Filling up the DagBag from /opt/airflow/dags/ivf_load_to_mysql_dag.py
[2026-01-17T01:03:05.280+0000] {processor.py:840} INFO - DAG(s) 'ivf_load_to_mysql_dag' retrieved from /opt/airflow/dags/ivf_load_to_mysql_dag.py
[2026-01-17T01:03:05.318+0000] {logging_mixin.py:188} INFO - [2026-01-17T01:03:05.318+0000] {dag.py:3036} INFO - Sync 1 DAGs
[2026-01-17T01:03:05.336+0000] {logging_mixin.py:188} INFO - [2026-01-17T01:03:05.336+0000] {dag.py:3823} INFO - Setting next_dagrun for ivf_load_to_mysql_dag to None, run_after=None
[2026-01-17T01:03:05.369+0000] {processor.py:183} INFO - Processing /opt/airflow/dags/ivf_load_to_mysql_dag.py took 0.797 seconds
[2026-01-17T01:03:36.308+0000] {processor.py:161} INFO - Started process (PID=559) to work on /opt/airflow/dags/ivf_load_to_mysql_dag.py
[2026-01-17T01:03:36.324+0000] {processor.py:830} INFO - Processing file /opt/airflow/dags/ivf_load_to_mysql_dag.py for tasks to queue
[2026-01-17T01:03:36.329+0000] {logging_mixin.py:188} INFO - [2026-01-17T01:03:36.328+0000] {dagbag.py:538} INFO - Filling up the DagBag from /opt/airflow/dags/ivf_load_to_mysql_dag.py
[2026-01-17T01:03:40.131+0000] {processor.py:840} INFO - DAG(s) 'ivf_load_to_mysql_dag' retrieved from /opt/airflow/dags/ivf_load_to_mysql_dag.py
[2026-01-17T01:03:40.608+0000] {logging_mixin.py:188} INFO - [2026-01-17T01:03:40.603+0000] {dag.py:3036} INFO - Sync 1 DAGs
[2026-01-17T01:03:40.717+0000] {logging_mixin.py:188} INFO - [2026-01-17T01:03:40.716+0000] {dag.py:3823} INFO - Setting next_dagrun for ivf_load_to_mysql_dag to None, run_after=None
[2026-01-17T01:03:40.930+0000] {processor.py:183} INFO - Processing /opt/airflow/dags/ivf_load_to_mysql_dag.py took 4.641 seconds
[2026-01-17T01:04:12.101+0000] {processor.py:161} INFO - Started process (PID=570) to work on /opt/airflow/dags/ivf_load_to_mysql_dag.py
[2026-01-17T01:04:12.139+0000] {processor.py:830} INFO - Processing file /opt/airflow/dags/ivf_load_to_mysql_dag.py for tasks to queue
[2026-01-17T01:04:12.155+0000] {logging_mixin.py:188} INFO - [2026-01-17T01:04:12.153+0000] {dagbag.py:538} INFO - Filling up the DagBag from /opt/airflow/dags/ivf_load_to_mysql_dag.py
[2026-01-17T01:04:16.922+0000] {processor.py:840} INFO - DAG(s) 'ivf_load_to_mysql_dag' retrieved from /opt/airflow/dags/ivf_load_to_mysql_dag.py
[2026-01-17T01:04:17.198+0000] {logging_mixin.py:188} INFO - [2026-01-17T01:04:17.196+0000] {dag.py:3036} INFO - Sync 1 DAGs
[2026-01-17T01:04:17.354+0000] {logging_mixin.py:188} INFO - [2026-01-17T01:04:17.353+0000] {dag.py:3823} INFO - Setting next_dagrun for ivf_load_to_mysql_dag to None, run_after=None
[2026-01-17T01:04:17.543+0000] {processor.py:183} INFO - Processing /opt/airflow/dags/ivf_load_to_mysql_dag.py took 5.474 seconds
[2026-01-17T01:04:53.498+0000] {processor.py:161} INFO - Started process (PID=581) to work on /opt/airflow/dags/ivf_load_to_mysql_dag.py
[2026-01-17T01:04:53.510+0000] {processor.py:830} INFO - Processing file /opt/airflow/dags/ivf_load_to_mysql_dag.py for tasks to queue
[2026-01-17T01:04:53.525+0000] {logging_mixin.py:188} INFO - [2026-01-17T01:04:53.523+0000] {dagbag.py:538} INFO - Filling up the DagBag from /opt/airflow/dags/ivf_load_to_mysql_dag.py
[2026-01-17T01:04:58.421+0000] {processor.py:840} INFO - DAG(s) 'ivf_load_to_mysql_dag' retrieved from /opt/airflow/dags/ivf_load_to_mysql_dag.py
[2026-01-17T01:04:58.619+0000] {logging_mixin.py:188} INFO - [2026-01-17T01:04:58.608+0000] {dag.py:3036} INFO - Sync 1 DAGs
[2026-01-17T01:04:58.728+0000] {logging_mixin.py:188} INFO - [2026-01-17T01:04:58.728+0000] {dag.py:3823} INFO - Setting next_dagrun for ivf_load_to_mysql_dag to None, run_after=None
[2026-01-17T01:04:58.981+0000] {processor.py:183} INFO - Processing /opt/airflow/dags/ivf_load_to_mysql_dag.py took 5.728 seconds
[2026-01-17T01:05:29.340+0000] {processor.py:161} INFO - Started process (PID=597) to work on /opt/airflow/dags/ivf_load_to_mysql_dag.py
[2026-01-17T01:05:29.355+0000] {processor.py:830} INFO - Processing file /opt/airflow/dags/ivf_load_to_mysql_dag.py for tasks to queue
[2026-01-17T01:05:29.362+0000] {logging_mixin.py:188} INFO - [2026-01-17T01:05:29.360+0000] {dagbag.py:538} INFO - Filling up the DagBag from /opt/airflow/dags/ivf_load_to_mysql_dag.py
[2026-01-17T01:05:32.300+0000] {processor.py:840} INFO - DAG(s) 'ivf_load_to_mysql_dag' retrieved from /opt/airflow/dags/ivf_load_to_mysql_dag.py
[2026-01-17T01:05:32.664+0000] {logging_mixin.py:188} INFO - [2026-01-17T01:05:32.662+0000] {dag.py:3036} INFO - Sync 1 DAGs
[2026-01-17T01:05:32.863+0000] {logging_mixin.py:188} INFO - [2026-01-17T01:05:32.862+0000] {dag.py:3823} INFO - Setting next_dagrun for ivf_load_to_mysql_dag to None, run_after=None
[2026-01-17T01:05:33.040+0000] {processor.py:183} INFO - Processing /opt/airflow/dags/ivf_load_to_mysql_dag.py took 3.715 seconds
[2026-01-17T01:06:03.903+0000] {processor.py:161} INFO - Started process (PID=608) to work on /opt/airflow/dags/ivf_load_to_mysql_dag.py
[2026-01-17T01:06:03.906+0000] {processor.py:830} INFO - Processing file /opt/airflow/dags/ivf_load_to_mysql_dag.py for tasks to queue
[2026-01-17T01:06:03.908+0000] {logging_mixin.py:188} INFO - [2026-01-17T01:06:03.908+0000] {dagbag.py:538} INFO - Filling up the DagBag from /opt/airflow/dags/ivf_load_to_mysql_dag.py
[2026-01-17T01:06:06.139+0000] {processor.py:840} INFO - DAG(s) 'ivf_load_to_mysql_dag' retrieved from /opt/airflow/dags/ivf_load_to_mysql_dag.py
[2026-01-17T01:06:06.217+0000] {logging_mixin.py:188} INFO - [2026-01-17T01:06:06.216+0000] {dag.py:3036} INFO - Sync 1 DAGs
[2026-01-17T01:06:06.251+0000] {logging_mixin.py:188} INFO - [2026-01-17T01:06:06.250+0000] {dag.py:3823} INFO - Setting next_dagrun for ivf_load_to_mysql_dag to None, run_after=None
[2026-01-17T01:06:06.291+0000] {processor.py:183} INFO - Processing /opt/airflow/dags/ivf_load_to_mysql_dag.py took 2.398 seconds
[2026-01-17T01:06:36.430+0000] {processor.py:161} INFO - Started process (PID=619) to work on /opt/airflow/dags/ivf_load_to_mysql_dag.py
[2026-01-17T01:06:36.433+0000] {processor.py:830} INFO - Processing file /opt/airflow/dags/ivf_load_to_mysql_dag.py for tasks to queue
[2026-01-17T01:06:36.436+0000] {logging_mixin.py:188} INFO - [2026-01-17T01:06:36.435+0000] {dagbag.py:538} INFO - Filling up the DagBag from /opt/airflow/dags/ivf_load_to_mysql_dag.py
[2026-01-17T01:06:37.550+0000] {processor.py:840} INFO - DAG(s) 'ivf_load_to_mysql_dag' retrieved from /opt/airflow/dags/ivf_load_to_mysql_dag.py
[2026-01-17T01:06:37.632+0000] {logging_mixin.py:188} INFO - [2026-01-17T01:06:37.631+0000] {dag.py:3036} INFO - Sync 1 DAGs
[2026-01-17T01:06:37.683+0000] {logging_mixin.py:188} INFO - [2026-01-17T01:06:37.683+0000] {dag.py:3823} INFO - Setting next_dagrun for ivf_load_to_mysql_dag to None, run_after=None
[2026-01-17T01:06:37.732+0000] {processor.py:183} INFO - Processing /opt/airflow/dags/ivf_load_to_mysql_dag.py took 1.306 seconds
[2026-01-17T01:07:07.971+0000] {processor.py:161} INFO - Started process (PID=633) to work on /opt/airflow/dags/ivf_load_to_mysql_dag.py
[2026-01-17T01:07:07.976+0000] {processor.py:830} INFO - Processing file /opt/airflow/dags/ivf_load_to_mysql_dag.py for tasks to queue
[2026-01-17T01:07:07.978+0000] {logging_mixin.py:188} INFO - [2026-01-17T01:07:07.977+0000] {dagbag.py:538} INFO - Filling up the DagBag from /opt/airflow/dags/ivf_load_to_mysql_dag.py
[2026-01-17T01:07:09.221+0000] {processor.py:840} INFO - DAG(s) 'ivf_load_to_mysql_dag' retrieved from /opt/airflow/dags/ivf_load_to_mysql_dag.py
[2026-01-17T01:07:09.266+0000] {logging_mixin.py:188} INFO - [2026-01-17T01:07:09.265+0000] {dag.py:3036} INFO - Sync 1 DAGs
[2026-01-17T01:07:09.286+0000] {logging_mixin.py:188} INFO - [2026-01-17T01:07:09.285+0000] {dag.py:3823} INFO - Setting next_dagrun for ivf_load_to_mysql_dag to None, run_after=None
[2026-01-17T01:07:09.332+0000] {processor.py:183} INFO - Processing /opt/airflow/dags/ivf_load_to_mysql_dag.py took 1.366 seconds
[2026-01-17T01:07:39.928+0000] {processor.py:161} INFO - Started process (PID=644) to work on /opt/airflow/dags/ivf_load_to_mysql_dag.py
[2026-01-17T01:07:39.936+0000] {processor.py:830} INFO - Processing file /opt/airflow/dags/ivf_load_to_mysql_dag.py for tasks to queue
[2026-01-17T01:07:39.942+0000] {logging_mixin.py:188} INFO - [2026-01-17T01:07:39.939+0000] {dagbag.py:538} INFO - Filling up the DagBag from /opt/airflow/dags/ivf_load_to_mysql_dag.py
[2026-01-17T01:07:40.564+0000] {processor.py:840} INFO - DAG(s) 'ivf_load_to_mysql_dag' retrieved from /opt/airflow/dags/ivf_load_to_mysql_dag.py
[2026-01-17T01:07:40.591+0000] {logging_mixin.py:188} INFO - [2026-01-17T01:07:40.590+0000] {dag.py:3036} INFO - Sync 1 DAGs
[2026-01-17T01:07:40.623+0000] {logging_mixin.py:188} INFO - [2026-01-17T01:07:40.622+0000] {dag.py:3823} INFO - Setting next_dagrun for ivf_load_to_mysql_dag to None, run_after=None
[2026-01-17T01:07:40.677+0000] {processor.py:183} INFO - Processing /opt/airflow/dags/ivf_load_to_mysql_dag.py took 0.757 seconds
[2026-01-17T01:08:11.497+0000] {processor.py:161} INFO - Started process (PID=655) to work on /opt/airflow/dags/ivf_load_to_mysql_dag.py
[2026-01-17T01:08:11.499+0000] {processor.py:830} INFO - Processing file /opt/airflow/dags/ivf_load_to_mysql_dag.py for tasks to queue
[2026-01-17T01:08:11.500+0000] {logging_mixin.py:188} INFO - [2026-01-17T01:08:11.500+0000] {dagbag.py:538} INFO - Filling up the DagBag from /opt/airflow/dags/ivf_load_to_mysql_dag.py
[2026-01-17T01:08:11.838+0000] {processor.py:840} INFO - DAG(s) 'ivf_load_to_mysql_dag' retrieved from /opt/airflow/dags/ivf_load_to_mysql_dag.py
[2026-01-17T01:08:11.872+0000] {logging_mixin.py:188} INFO - [2026-01-17T01:08:11.872+0000] {dag.py:3036} INFO - Sync 1 DAGs
[2026-01-17T01:08:11.885+0000] {logging_mixin.py:188} INFO - [2026-01-17T01:08:11.885+0000] {dag.py:3823} INFO - Setting next_dagrun for ivf_load_to_mysql_dag to None, run_after=None
[2026-01-17T01:08:11.906+0000] {processor.py:183} INFO - Processing /opt/airflow/dags/ivf_load_to_mysql_dag.py took 0.412 seconds
[2026-01-17T01:08:42.157+0000] {processor.py:161} INFO - Started process (PID=666) to work on /opt/airflow/dags/ivf_load_to_mysql_dag.py
[2026-01-17T01:08:42.160+0000] {processor.py:830} INFO - Processing file /opt/airflow/dags/ivf_load_to_mysql_dag.py for tasks to queue
[2026-01-17T01:08:42.163+0000] {logging_mixin.py:188} INFO - [2026-01-17T01:08:42.162+0000] {dagbag.py:538} INFO - Filling up the DagBag from /opt/airflow/dags/ivf_load_to_mysql_dag.py
[2026-01-17T01:08:42.721+0000] {processor.py:840} INFO - DAG(s) 'ivf_load_to_mysql_dag' retrieved from /opt/airflow/dags/ivf_load_to_mysql_dag.py
[2026-01-17T01:08:42.825+0000] {logging_mixin.py:188} INFO - [2026-01-17T01:08:42.824+0000] {dag.py:3036} INFO - Sync 1 DAGs
[2026-01-17T01:08:42.865+0000] {logging_mixin.py:188} INFO - [2026-01-17T01:08:42.865+0000] {dag.py:3823} INFO - Setting next_dagrun for ivf_load_to_mysql_dag to None, run_after=None
[2026-01-17T01:08:42.967+0000] {processor.py:183} INFO - Processing /opt/airflow/dags/ivf_load_to_mysql_dag.py took 0.814 seconds
[2026-01-17T01:09:14.091+0000] {processor.py:161} INFO - Started process (PID=677) to work on /opt/airflow/dags/ivf_load_to_mysql_dag.py
[2026-01-17T01:09:14.112+0000] {processor.py:830} INFO - Processing file /opt/airflow/dags/ivf_load_to_mysql_dag.py for tasks to queue
[2026-01-17T01:09:14.121+0000] {logging_mixin.py:188} INFO - [2026-01-17T01:09:14.120+0000] {dagbag.py:538} INFO - Filling up the DagBag from /opt/airflow/dags/ivf_load_to_mysql_dag.py
[2026-01-17T01:09:15.575+0000] {processor.py:840} INFO - DAG(s) 'ivf_load_to_mysql_dag' retrieved from /opt/airflow/dags/ivf_load_to_mysql_dag.py
[2026-01-17T01:09:15.643+0000] {logging_mixin.py:188} INFO - [2026-01-17T01:09:15.642+0000] {dag.py:3036} INFO - Sync 1 DAGs
[2026-01-17T01:09:15.674+0000] {logging_mixin.py:188} INFO - [2026-01-17T01:09:15.673+0000] {dag.py:3823} INFO - Setting next_dagrun for ivf_load_to_mysql_dag to None, run_after=None
[2026-01-17T01:09:15.721+0000] {processor.py:183} INFO - Processing /opt/airflow/dags/ivf_load_to_mysql_dag.py took 1.637 seconds
[2026-01-17T01:09:46.463+0000] {processor.py:161} INFO - Started process (PID=688) to work on /opt/airflow/dags/ivf_load_to_mysql_dag.py
[2026-01-17T01:09:46.466+0000] {processor.py:830} INFO - Processing file /opt/airflow/dags/ivf_load_to_mysql_dag.py for tasks to queue
[2026-01-17T01:09:46.467+0000] {logging_mixin.py:188} INFO - [2026-01-17T01:09:46.467+0000] {dagbag.py:538} INFO - Filling up the DagBag from /opt/airflow/dags/ivf_load_to_mysql_dag.py
[2026-01-17T01:09:46.746+0000] {processor.py:840} INFO - DAG(s) 'ivf_load_to_mysql_dag' retrieved from /opt/airflow/dags/ivf_load_to_mysql_dag.py
[2026-01-17T01:09:46.770+0000] {logging_mixin.py:188} INFO - [2026-01-17T01:09:46.770+0000] {dag.py:3036} INFO - Sync 1 DAGs
[2026-01-17T01:09:46.792+0000] {logging_mixin.py:188} INFO - [2026-01-17T01:09:46.792+0000] {dag.py:3823} INFO - Setting next_dagrun for ivf_load_to_mysql_dag to None, run_after=None
[2026-01-17T01:09:46.820+0000] {processor.py:183} INFO - Processing /opt/airflow/dags/ivf_load_to_mysql_dag.py took 0.361 seconds
[2026-01-17T01:10:17.137+0000] {processor.py:161} INFO - Started process (PID=699) to work on /opt/airflow/dags/ivf_load_to_mysql_dag.py
[2026-01-17T01:10:17.140+0000] {processor.py:830} INFO - Processing file /opt/airflow/dags/ivf_load_to_mysql_dag.py for tasks to queue
[2026-01-17T01:10:17.145+0000] {logging_mixin.py:188} INFO - [2026-01-17T01:10:17.144+0000] {dagbag.py:538} INFO - Filling up the DagBag from /opt/airflow/dags/ivf_load_to_mysql_dag.py
[2026-01-17T01:10:17.757+0000] {processor.py:840} INFO - DAG(s) 'ivf_load_to_mysql_dag' retrieved from /opt/airflow/dags/ivf_load_to_mysql_dag.py
[2026-01-17T01:10:17.932+0000] {logging_mixin.py:188} INFO - [2026-01-17T01:10:17.930+0000] {dag.py:3036} INFO - Sync 1 DAGs
[2026-01-17T01:10:18.000+0000] {logging_mixin.py:188} INFO - [2026-01-17T01:10:18.000+0000] {dag.py:3823} INFO - Setting next_dagrun for ivf_load_to_mysql_dag to None, run_after=None
[2026-01-17T01:10:18.072+0000] {processor.py:183} INFO - Processing /opt/airflow/dags/ivf_load_to_mysql_dag.py took 0.948 seconds
[2026-01-17T01:10:48.955+0000] {processor.py:161} INFO - Started process (PID=710) to work on /opt/airflow/dags/ivf_load_to_mysql_dag.py
[2026-01-17T01:10:48.957+0000] {processor.py:830} INFO - Processing file /opt/airflow/dags/ivf_load_to_mysql_dag.py for tasks to queue
[2026-01-17T01:10:48.958+0000] {logging_mixin.py:188} INFO - [2026-01-17T01:10:48.958+0000] {dagbag.py:538} INFO - Filling up the DagBag from /opt/airflow/dags/ivf_load_to_mysql_dag.py
[2026-01-17T01:10:49.359+0000] {processor.py:840} INFO - DAG(s) 'ivf_load_to_mysql_dag' retrieved from /opt/airflow/dags/ivf_load_to_mysql_dag.py
[2026-01-17T01:10:49.390+0000] {logging_mixin.py:188} INFO - [2026-01-17T01:10:49.388+0000] {dag.py:3036} INFO - Sync 1 DAGs
[2026-01-17T01:10:49.402+0000] {logging_mixin.py:188} INFO - [2026-01-17T01:10:49.402+0000] {dag.py:3823} INFO - Setting next_dagrun for ivf_load_to_mysql_dag to None, run_after=None
[2026-01-17T01:10:49.425+0000] {processor.py:183} INFO - Processing /opt/airflow/dags/ivf_load_to_mysql_dag.py took 0.473 seconds
[2026-01-17T01:11:20.053+0000] {processor.py:161} INFO - Started process (PID=721) to work on /opt/airflow/dags/ivf_load_to_mysql_dag.py
[2026-01-17T01:11:20.054+0000] {processor.py:830} INFO - Processing file /opt/airflow/dags/ivf_load_to_mysql_dag.py for tasks to queue
[2026-01-17T01:11:20.056+0000] {logging_mixin.py:188} INFO - [2026-01-17T01:11:20.056+0000] {dagbag.py:538} INFO - Filling up the DagBag from /opt/airflow/dags/ivf_load_to_mysql_dag.py
[2026-01-17T01:11:20.487+0000] {processor.py:840} INFO - DAG(s) 'ivf_load_to_mysql_dag' retrieved from /opt/airflow/dags/ivf_load_to_mysql_dag.py
[2026-01-17T01:11:20.513+0000] {logging_mixin.py:188} INFO - [2026-01-17T01:11:20.512+0000] {dag.py:3036} INFO - Sync 1 DAGs
[2026-01-17T01:11:20.523+0000] {logging_mixin.py:188} INFO - [2026-01-17T01:11:20.523+0000] {dag.py:3823} INFO - Setting next_dagrun for ivf_load_to_mysql_dag to None, run_after=None
[2026-01-17T01:11:20.543+0000] {processor.py:183} INFO - Processing /opt/airflow/dags/ivf_load_to_mysql_dag.py took 0.495 seconds
[2026-01-17T01:11:50.803+0000] {processor.py:161} INFO - Started process (PID=732) to work on /opt/airflow/dags/ivf_load_to_mysql_dag.py
[2026-01-17T01:11:50.806+0000] {processor.py:830} INFO - Processing file /opt/airflow/dags/ivf_load_to_mysql_dag.py for tasks to queue
[2026-01-17T01:11:50.808+0000] {logging_mixin.py:188} INFO - [2026-01-17T01:11:50.808+0000] {dagbag.py:538} INFO - Filling up the DagBag from /opt/airflow/dags/ivf_load_to_mysql_dag.py
[2026-01-17T01:11:51.120+0000] {processor.py:840} INFO - DAG(s) 'ivf_load_to_mysql_dag' retrieved from /opt/airflow/dags/ivf_load_to_mysql_dag.py
[2026-01-17T01:11:51.145+0000] {logging_mixin.py:188} INFO - [2026-01-17T01:11:51.144+0000] {dag.py:3036} INFO - Sync 1 DAGs
[2026-01-17T01:11:51.165+0000] {logging_mixin.py:188} INFO - [2026-01-17T01:11:51.164+0000] {dag.py:3823} INFO - Setting next_dagrun for ivf_load_to_mysql_dag to None, run_after=None
[2026-01-17T01:11:51.194+0000] {processor.py:183} INFO - Processing /opt/airflow/dags/ivf_load_to_mysql_dag.py took 0.404 seconds
[2026-01-17T01:12:21.553+0000] {processor.py:161} INFO - Started process (PID=746) to work on /opt/airflow/dags/ivf_load_to_mysql_dag.py
[2026-01-17T01:12:21.555+0000] {processor.py:830} INFO - Processing file /opt/airflow/dags/ivf_load_to_mysql_dag.py for tasks to queue
[2026-01-17T01:12:21.556+0000] {logging_mixin.py:188} INFO - [2026-01-17T01:12:21.556+0000] {dagbag.py:538} INFO - Filling up the DagBag from /opt/airflow/dags/ivf_load_to_mysql_dag.py
[2026-01-17T01:12:21.816+0000] {processor.py:840} INFO - DAG(s) 'ivf_load_to_mysql_dag' retrieved from /opt/airflow/dags/ivf_load_to_mysql_dag.py
[2026-01-17T01:12:21.850+0000] {logging_mixin.py:188} INFO - [2026-01-17T01:12:21.849+0000] {dag.py:3036} INFO - Sync 1 DAGs
[2026-01-17T01:12:21.868+0000] {logging_mixin.py:188} INFO - [2026-01-17T01:12:21.868+0000] {dag.py:3823} INFO - Setting next_dagrun for ivf_load_to_mysql_dag to None, run_after=None
[2026-01-17T01:12:21.893+0000] {processor.py:183} INFO - Processing /opt/airflow/dags/ivf_load_to_mysql_dag.py took 0.344 seconds
[2026-01-17T01:12:55.248+0000] {processor.py:161} INFO - Started process (PID=757) to work on /opt/airflow/dags/ivf_load_to_mysql_dag.py
[2026-01-17T01:12:55.283+0000] {processor.py:830} INFO - Processing file /opt/airflow/dags/ivf_load_to_mysql_dag.py for tasks to queue
[2026-01-17T01:12:55.319+0000] {logging_mixin.py:188} INFO - [2026-01-17T01:12:55.316+0000] {dagbag.py:538} INFO - Filling up the DagBag from /opt/airflow/dags/ivf_load_to_mysql_dag.py
[2026-01-17T01:12:59.841+0000] {processor.py:840} INFO - DAG(s) 'ivf_load_to_mysql_dag' retrieved from /opt/airflow/dags/ivf_load_to_mysql_dag.py
[2026-01-17T01:12:59.990+0000] {logging_mixin.py:188} INFO - [2026-01-17T01:12:59.989+0000] {dag.py:3036} INFO - Sync 1 DAGs
[2026-01-17T01:13:00.093+0000] {logging_mixin.py:188} INFO - [2026-01-17T01:13:00.092+0000] {dag.py:3823} INFO - Setting next_dagrun for ivf_load_to_mysql_dag to None, run_after=None
[2026-01-17T01:13:00.216+0000] {processor.py:183} INFO - Processing /opt/airflow/dags/ivf_load_to_mysql_dag.py took 5.091 seconds
[2026-01-17T01:13:30.587+0000] {processor.py:161} INFO - Started process (PID=768) to work on /opt/airflow/dags/ivf_load_to_mysql_dag.py
[2026-01-17T01:13:30.590+0000] {processor.py:830} INFO - Processing file /opt/airflow/dags/ivf_load_to_mysql_dag.py for tasks to queue
[2026-01-17T01:13:30.593+0000] {logging_mixin.py:188} INFO - [2026-01-17T01:13:30.592+0000] {dagbag.py:538} INFO - Filling up the DagBag from /opt/airflow/dags/ivf_load_to_mysql_dag.py
[2026-01-17T01:13:31.365+0000] {processor.py:840} INFO - DAG(s) 'ivf_load_to_mysql_dag' retrieved from /opt/airflow/dags/ivf_load_to_mysql_dag.py
[2026-01-17T01:13:31.451+0000] {logging_mixin.py:188} INFO - [2026-01-17T01:13:31.450+0000] {dag.py:3036} INFO - Sync 1 DAGs
[2026-01-17T01:13:31.498+0000] {logging_mixin.py:188} INFO - [2026-01-17T01:13:31.497+0000] {dag.py:3823} INFO - Setting next_dagrun for ivf_load_to_mysql_dag to None, run_after=None
[2026-01-17T01:13:31.560+0000] {processor.py:183} INFO - Processing /opt/airflow/dags/ivf_load_to_mysql_dag.py took 0.976 seconds
[2026-01-17T01:14:02.188+0000] {processor.py:161} INFO - Started process (PID=779) to work on /opt/airflow/dags/ivf_load_to_mysql_dag.py
[2026-01-17T01:14:02.199+0000] {processor.py:830} INFO - Processing file /opt/airflow/dags/ivf_load_to_mysql_dag.py for tasks to queue
[2026-01-17T01:14:02.206+0000] {logging_mixin.py:188} INFO - [2026-01-17T01:14:02.205+0000] {dagbag.py:538} INFO - Filling up the DagBag from /opt/airflow/dags/ivf_load_to_mysql_dag.py
[2026-01-17T01:14:05.930+0000] {processor.py:840} INFO - DAG(s) 'ivf_load_to_mysql_dag' retrieved from /opt/airflow/dags/ivf_load_to_mysql_dag.py
[2026-01-17T01:14:06.323+0000] {logging_mixin.py:188} INFO - [2026-01-17T01:14:06.319+0000] {dag.py:3036} INFO - Sync 1 DAGs
[2026-01-17T01:14:06.525+0000] {logging_mixin.py:188} INFO - [2026-01-17T01:14:06.524+0000] {dag.py:3823} INFO - Setting next_dagrun for ivf_load_to_mysql_dag to None, run_after=None
[2026-01-17T01:14:06.798+0000] {processor.py:183} INFO - Processing /opt/airflow/dags/ivf_load_to_mysql_dag.py took 4.617 seconds
[2026-01-17T01:14:42.728+0000] {processor.py:161} INFO - Started process (PID=788) to work on /opt/airflow/dags/ivf_load_to_mysql_dag.py
[2026-01-17T01:14:42.814+0000] {processor.py:830} INFO - Processing file /opt/airflow/dags/ivf_load_to_mysql_dag.py for tasks to queue
[2026-01-17T01:14:42.866+0000] {logging_mixin.py:188} INFO - [2026-01-17T01:14:42.849+0000] {dagbag.py:538} INFO - Filling up the DagBag from /opt/airflow/dags/ivf_load_to_mysql_dag.py
[2026-01-17T01:14:48.334+0000] {processor.py:840} INFO - DAG(s) 'ivf_load_to_mysql_dag' retrieved from /opt/airflow/dags/ivf_load_to_mysql_dag.py
[2026-01-17T01:14:48.448+0000] {logging_mixin.py:188} INFO - [2026-01-17T01:14:48.447+0000] {dag.py:3036} INFO - Sync 1 DAGs
[2026-01-17T01:14:48.522+0000] {logging_mixin.py:188} INFO - [2026-01-17T01:14:48.522+0000] {dag.py:3823} INFO - Setting next_dagrun for ivf_load_to_mysql_dag to None, run_after=None
[2026-01-17T01:14:48.608+0000] {processor.py:183} INFO - Processing /opt/airflow/dags/ivf_load_to_mysql_dag.py took 5.905 seconds
[2026-01-17T01:15:18.971+0000] {processor.py:161} INFO - Started process (PID=801) to work on /opt/airflow/dags/ivf_load_to_mysql_dag.py
[2026-01-17T01:15:18.973+0000] {processor.py:830} INFO - Processing file /opt/airflow/dags/ivf_load_to_mysql_dag.py for tasks to queue
[2026-01-17T01:15:18.974+0000] {logging_mixin.py:188} INFO - [2026-01-17T01:15:18.973+0000] {dagbag.py:538} INFO - Filling up the DagBag from /opt/airflow/dags/ivf_load_to_mysql_dag.py
[2026-01-17T01:15:19.298+0000] {processor.py:840} INFO - DAG(s) 'ivf_load_to_mysql_dag' retrieved from /opt/airflow/dags/ivf_load_to_mysql_dag.py
[2026-01-17T01:15:19.330+0000] {logging_mixin.py:188} INFO - [2026-01-17T01:15:19.329+0000] {dag.py:3036} INFO - Sync 1 DAGs
[2026-01-17T01:15:19.341+0000] {logging_mixin.py:188} INFO - [2026-01-17T01:15:19.340+0000] {dag.py:3823} INFO - Setting next_dagrun for ivf_load_to_mysql_dag to None, run_after=None
[2026-01-17T01:15:19.366+0000] {processor.py:183} INFO - Processing /opt/airflow/dags/ivf_load_to_mysql_dag.py took 0.399 seconds
[2026-01-17T01:15:50.059+0000] {processor.py:161} INFO - Started process (PID=812) to work on /opt/airflow/dags/ivf_load_to_mysql_dag.py
[2026-01-17T01:15:50.061+0000] {processor.py:830} INFO - Processing file /opt/airflow/dags/ivf_load_to_mysql_dag.py for tasks to queue
[2026-01-17T01:15:50.063+0000] {logging_mixin.py:188} INFO - [2026-01-17T01:15:50.063+0000] {dagbag.py:538} INFO - Filling up the DagBag from /opt/airflow/dags/ivf_load_to_mysql_dag.py
[2026-01-17T01:15:50.351+0000] {processor.py:840} INFO - DAG(s) 'ivf_load_to_mysql_dag' retrieved from /opt/airflow/dags/ivf_load_to_mysql_dag.py
[2026-01-17T01:15:50.375+0000] {logging_mixin.py:188} INFO - [2026-01-17T01:15:50.375+0000] {dag.py:3036} INFO - Sync 1 DAGs
[2026-01-17T01:15:50.388+0000] {logging_mixin.py:188} INFO - [2026-01-17T01:15:50.387+0000] {dag.py:3823} INFO - Setting next_dagrun for ivf_load_to_mysql_dag to None, run_after=None
[2026-01-17T01:15:50.409+0000] {processor.py:183} INFO - Processing /opt/airflow/dags/ivf_load_to_mysql_dag.py took 0.352 seconds
[2026-01-17T01:16:21.545+0000] {processor.py:161} INFO - Started process (PID=823) to work on /opt/airflow/dags/ivf_load_to_mysql_dag.py
[2026-01-17T01:16:21.550+0000] {processor.py:830} INFO - Processing file /opt/airflow/dags/ivf_load_to_mysql_dag.py for tasks to queue
[2026-01-17T01:16:21.563+0000] {logging_mixin.py:188} INFO - [2026-01-17T01:16:21.561+0000] {dagbag.py:538} INFO - Filling up the DagBag from /opt/airflow/dags/ivf_load_to_mysql_dag.py
[2026-01-17T01:16:25.260+0000] {processor.py:840} INFO - DAG(s) 'ivf_load_to_mysql_dag' retrieved from /opt/airflow/dags/ivf_load_to_mysql_dag.py
[2026-01-17T01:16:25.434+0000] {logging_mixin.py:188} INFO - [2026-01-17T01:16:25.429+0000] {dag.py:3036} INFO - Sync 1 DAGs
[2026-01-17T01:16:25.633+0000] {logging_mixin.py:188} INFO - [2026-01-17T01:16:25.632+0000] {dag.py:3823} INFO - Setting next_dagrun for ivf_load_to_mysql_dag to None, run_after=None
[2026-01-17T01:16:25.824+0000] {processor.py:183} INFO - Processing /opt/airflow/dags/ivf_load_to_mysql_dag.py took 4.290 seconds
[2026-01-17T01:16:56.114+0000] {processor.py:161} INFO - Started process (PID=834) to work on /opt/airflow/dags/ivf_load_to_mysql_dag.py
[2026-01-17T01:16:56.118+0000] {processor.py:830} INFO - Processing file /opt/airflow/dags/ivf_load_to_mysql_dag.py for tasks to queue
[2026-01-17T01:16:56.120+0000] {logging_mixin.py:188} INFO - [2026-01-17T01:16:56.119+0000] {dagbag.py:538} INFO - Filling up the DagBag from /opt/airflow/dags/ivf_load_to_mysql_dag.py
[2026-01-17T01:16:56.529+0000] {processor.py:840} INFO - DAG(s) 'ivf_load_to_mysql_dag' retrieved from /opt/airflow/dags/ivf_load_to_mysql_dag.py
[2026-01-17T01:16:56.565+0000] {logging_mixin.py:188} INFO - [2026-01-17T01:16:56.564+0000] {dag.py:3036} INFO - Sync 1 DAGs
[2026-01-17T01:16:56.580+0000] {logging_mixin.py:188} INFO - [2026-01-17T01:16:56.580+0000] {dag.py:3823} INFO - Setting next_dagrun for ivf_load_to_mysql_dag to None, run_after=None
[2026-01-17T01:16:56.600+0000] {processor.py:183} INFO - Processing /opt/airflow/dags/ivf_load_to_mysql_dag.py took 0.494 seconds
[2026-01-17T01:17:28.014+0000] {processor.py:161} INFO - Started process (PID=845) to work on /opt/airflow/dags/ivf_load_to_mysql_dag.py
[2026-01-17T01:17:28.033+0000] {processor.py:830} INFO - Processing file /opt/airflow/dags/ivf_load_to_mysql_dag.py for tasks to queue
[2026-01-17T01:17:28.044+0000] {logging_mixin.py:188} INFO - [2026-01-17T01:17:28.043+0000] {dagbag.py:538} INFO - Filling up the DagBag from /opt/airflow/dags/ivf_load_to_mysql_dag.py
[2026-01-17T01:17:30.464+0000] {processor.py:840} INFO - DAG(s) 'ivf_load_to_mysql_dag' retrieved from /opt/airflow/dags/ivf_load_to_mysql_dag.py
[2026-01-17T01:17:30.609+0000] {logging_mixin.py:188} INFO - [2026-01-17T01:17:30.607+0000] {dag.py:3036} INFO - Sync 1 DAGs
[2026-01-17T01:17:30.771+0000] {logging_mixin.py:188} INFO - [2026-01-17T01:17:30.770+0000] {dag.py:3823} INFO - Setting next_dagrun for ivf_load_to_mysql_dag to None, run_after=None
[2026-01-17T01:17:31.053+0000] {processor.py:183} INFO - Processing /opt/airflow/dags/ivf_load_to_mysql_dag.py took 3.049 seconds
[2026-01-17T01:18:03.531+0000] {processor.py:161} INFO - Started process (PID=856) to work on /opt/airflow/dags/ivf_load_to_mysql_dag.py
[2026-01-17T01:18:03.556+0000] {processor.py:830} INFO - Processing file /opt/airflow/dags/ivf_load_to_mysql_dag.py for tasks to queue
[2026-01-17T01:18:03.611+0000] {logging_mixin.py:188} INFO - [2026-01-17T01:18:03.607+0000] {dagbag.py:538} INFO - Filling up the DagBag from /opt/airflow/dags/ivf_load_to_mysql_dag.py
[2026-01-17T01:18:07.304+0000] {processor.py:840} INFO - DAG(s) 'ivf_load_to_mysql_dag' retrieved from /opt/airflow/dags/ivf_load_to_mysql_dag.py
[2026-01-17T01:18:07.442+0000] {logging_mixin.py:188} INFO - [2026-01-17T01:18:07.440+0000] {dag.py:3036} INFO - Sync 1 DAGs
[2026-01-17T01:18:07.519+0000] {logging_mixin.py:188} INFO - [2026-01-17T01:18:07.518+0000] {dag.py:3823} INFO - Setting next_dagrun for ivf_load_to_mysql_dag to None, run_after=None
[2026-01-17T01:18:07.761+0000] {processor.py:183} INFO - Processing /opt/airflow/dags/ivf_load_to_mysql_dag.py took 4.255 seconds
[2026-01-17T01:18:40.464+0000] {processor.py:161} INFO - Started process (PID=865) to work on /opt/airflow/dags/ivf_load_to_mysql_dag.py
[2026-01-17T01:18:40.527+0000] {processor.py:830} INFO - Processing file /opt/airflow/dags/ivf_load_to_mysql_dag.py for tasks to queue
[2026-01-17T01:18:40.641+0000] {logging_mixin.py:188} INFO - [2026-01-17T01:18:40.606+0000] {dagbag.py:538} INFO - Filling up the DagBag from /opt/airflow/dags/ivf_load_to_mysql_dag.py
[2026-01-17T01:18:58.494+0000] {processor.py:840} INFO - DAG(s) 'ivf_load_to_mysql_dag' retrieved from /opt/airflow/dags/ivf_load_to_mysql_dag.py
[2026-01-17T01:18:58.790+0000] {logging_mixin.py:188} INFO - [2026-01-17T01:18:58.787+0000] {dag.py:3036} INFO - Sync 1 DAGs
[2026-01-17T01:18:58.948+0000] {logging_mixin.py:188} INFO - [2026-01-17T01:18:58.946+0000] {dag.py:3823} INFO - Setting next_dagrun for ivf_load_to_mysql_dag to None, run_after=None
[2026-01-17T01:18:59.235+0000] {processor.py:183} INFO - Processing /opt/airflow/dags/ivf_load_to_mysql_dag.py took 19.038 seconds
[2026-01-17T01:19:30.920+0000] {processor.py:161} INFO - Started process (PID=878) to work on /opt/airflow/dags/ivf_load_to_mysql_dag.py
[2026-01-17T01:19:30.929+0000] {processor.py:830} INFO - Processing file /opt/airflow/dags/ivf_load_to_mysql_dag.py for tasks to queue
[2026-01-17T01:19:30.944+0000] {logging_mixin.py:188} INFO - [2026-01-17T01:19:30.941+0000] {dagbag.py:538} INFO - Filling up the DagBag from /opt/airflow/dags/ivf_load_to_mysql_dag.py
[2026-01-17T01:19:35.010+0000] {processor.py:840} INFO - DAG(s) 'ivf_load_to_mysql_dag' retrieved from /opt/airflow/dags/ivf_load_to_mysql_dag.py
[2026-01-17T01:19:35.285+0000] {logging_mixin.py:188} INFO - [2026-01-17T01:19:35.282+0000] {dag.py:3036} INFO - Sync 1 DAGs
[2026-01-17T01:19:35.563+0000] {logging_mixin.py:188} INFO - [2026-01-17T01:19:35.562+0000] {dag.py:3823} INFO - Setting next_dagrun for ivf_load_to_mysql_dag to None, run_after=None
[2026-01-17T01:19:35.627+0000] {processor.py:183} INFO - Processing /opt/airflow/dags/ivf_load_to_mysql_dag.py took 4.739 seconds
[2026-01-17T01:20:07.511+0000] {processor.py:161} INFO - Started process (PID=889) to work on /opt/airflow/dags/ivf_load_to_mysql_dag.py
[2026-01-17T01:20:07.551+0000] {processor.py:830} INFO - Processing file /opt/airflow/dags/ivf_load_to_mysql_dag.py for tasks to queue
[2026-01-17T01:20:07.597+0000] {logging_mixin.py:188} INFO - [2026-01-17T01:20:07.580+0000] {dagbag.py:538} INFO - Filling up the DagBag from /opt/airflow/dags/ivf_load_to_mysql_dag.py
[2026-01-17T01:20:12.175+0000] {processor.py:840} INFO - DAG(s) 'ivf_load_to_mysql_dag' retrieved from /opt/airflow/dags/ivf_load_to_mysql_dag.py
[2026-01-17T01:20:12.524+0000] {logging_mixin.py:188} INFO - [2026-01-17T01:20:12.523+0000] {dag.py:3036} INFO - Sync 1 DAGs
[2026-01-17T01:20:12.684+0000] {logging_mixin.py:188} INFO - [2026-01-17T01:20:12.684+0000] {dag.py:3823} INFO - Setting next_dagrun for ivf_load_to_mysql_dag to None, run_after=None
[2026-01-17T01:20:12.872+0000] {processor.py:183} INFO - Processing /opt/airflow/dags/ivf_load_to_mysql_dag.py took 5.481 seconds
[2026-01-17T01:20:45.394+0000] {processor.py:161} INFO - Started process (PID=900) to work on /opt/airflow/dags/ivf_load_to_mysql_dag.py
[2026-01-17T01:20:45.427+0000] {processor.py:830} INFO - Processing file /opt/airflow/dags/ivf_load_to_mysql_dag.py for tasks to queue
[2026-01-17T01:20:45.452+0000] {logging_mixin.py:188} INFO - [2026-01-17T01:20:45.447+0000] {dagbag.py:538} INFO - Filling up the DagBag from /opt/airflow/dags/ivf_load_to_mysql_dag.py
[2026-01-17T01:20:57.991+0000] {processor.py:840} INFO - DAG(s) 'ivf_load_to_mysql_dag' retrieved from /opt/airflow/dags/ivf_load_to_mysql_dag.py
[2026-01-17T01:20:58.113+0000] {logging_mixin.py:188} INFO - [2026-01-17T01:20:58.112+0000] {dag.py:3036} INFO - Sync 1 DAGs
[2026-01-17T01:20:58.169+0000] {logging_mixin.py:188} INFO - [2026-01-17T01:20:58.168+0000] {dag.py:3823} INFO - Setting next_dagrun for ivf_load_to_mysql_dag to None, run_after=None
[2026-01-17T01:20:58.410+0000] {processor.py:183} INFO - Processing /opt/airflow/dags/ivf_load_to_mysql_dag.py took 13.251 seconds
[2026-01-17T01:21:32.043+0000] {processor.py:161} INFO - Started process (PID=914) to work on /opt/airflow/dags/ivf_load_to_mysql_dag.py
[2026-01-17T01:21:32.124+0000] {processor.py:830} INFO - Processing file /opt/airflow/dags/ivf_load_to_mysql_dag.py for tasks to queue
[2026-01-17T01:21:32.195+0000] {logging_mixin.py:188} INFO - [2026-01-17T01:21:32.194+0000] {dagbag.py:538} INFO - Filling up the DagBag from /opt/airflow/dags/ivf_load_to_mysql_dag.py
[2026-01-17T01:21:38.727+0000] {processor.py:840} INFO - DAG(s) 'ivf_load_to_mysql_dag' retrieved from /opt/airflow/dags/ivf_load_to_mysql_dag.py
[2026-01-17T01:21:38.819+0000] {logging_mixin.py:188} INFO - [2026-01-17T01:21:38.815+0000] {dag.py:3036} INFO - Sync 1 DAGs
[2026-01-17T01:21:38.858+0000] {logging_mixin.py:188} INFO - [2026-01-17T01:21:38.857+0000] {dag.py:3823} INFO - Setting next_dagrun for ivf_load_to_mysql_dag to None, run_after=None
[2026-01-17T01:21:38.930+0000] {processor.py:183} INFO - Processing /opt/airflow/dags/ivf_load_to_mysql_dag.py took 6.949 seconds
[2026-01-17T01:22:09.654+0000] {processor.py:161} INFO - Started process (PID=925) to work on /opt/airflow/dags/ivf_load_to_mysql_dag.py
[2026-01-17T01:22:09.660+0000] {processor.py:830} INFO - Processing file /opt/airflow/dags/ivf_load_to_mysql_dag.py for tasks to queue
[2026-01-17T01:22:09.668+0000] {logging_mixin.py:188} INFO - [2026-01-17T01:22:09.665+0000] {dagbag.py:538} INFO - Filling up the DagBag from /opt/airflow/dags/ivf_load_to_mysql_dag.py
[2026-01-17T01:22:24.236+0000] {processor.py:840} INFO - DAG(s) 'ivf_load_to_mysql_dag' retrieved from /opt/airflow/dags/ivf_load_to_mysql_dag.py
[2026-01-17T01:22:26.045+0000] {logging_mixin.py:188} INFO - [2026-01-17T01:22:26.016+0000] {dag.py:3036} INFO - Sync 1 DAGs
[2026-01-17T01:22:26.488+0000] {logging_mixin.py:188} INFO - [2026-01-17T01:22:26.487+0000] {dag.py:3823} INFO - Setting next_dagrun for ivf_load_to_mysql_dag to None, run_after=None
[2026-01-17T01:22:26.976+0000] {processor.py:183} INFO - Processing /opt/airflow/dags/ivf_load_to_mysql_dag.py took 17.381 seconds
[2026-01-17T01:22:59.052+0000] {processor.py:161} INFO - Started process (PID=938) to work on /opt/airflow/dags/ivf_load_to_mysql_dag.py
[2026-01-17T01:22:59.056+0000] {processor.py:830} INFO - Processing file /opt/airflow/dags/ivf_load_to_mysql_dag.py for tasks to queue
[2026-01-17T01:22:59.062+0000] {logging_mixin.py:188} INFO - [2026-01-17T01:22:59.061+0000] {dagbag.py:538} INFO - Filling up the DagBag from /opt/airflow/dags/ivf_load_to_mysql_dag.py
[2026-01-17T01:23:02.715+0000] {processor.py:840} INFO - DAG(s) 'ivf_load_to_mysql_dag' retrieved from /opt/airflow/dags/ivf_load_to_mysql_dag.py
[2026-01-17T01:23:02.811+0000] {logging_mixin.py:188} INFO - [2026-01-17T01:23:02.810+0000] {dag.py:3036} INFO - Sync 1 DAGs
[2026-01-17T01:23:02.875+0000] {logging_mixin.py:188} INFO - [2026-01-17T01:23:02.875+0000] {dag.py:3823} INFO - Setting next_dagrun for ivf_load_to_mysql_dag to None, run_after=None
[2026-01-17T01:23:02.952+0000] {processor.py:183} INFO - Processing /opt/airflow/dags/ivf_load_to_mysql_dag.py took 3.911 seconds
[2026-01-17T01:23:33.667+0000] {processor.py:161} INFO - Started process (PID=954) to work on /opt/airflow/dags/ivf_load_to_mysql_dag.py
[2026-01-17T01:23:33.669+0000] {processor.py:830} INFO - Processing file /opt/airflow/dags/ivf_load_to_mysql_dag.py for tasks to queue
[2026-01-17T01:23:33.670+0000] {logging_mixin.py:188} INFO - [2026-01-17T01:23:33.670+0000] {dagbag.py:538} INFO - Filling up the DagBag from /opt/airflow/dags/ivf_load_to_mysql_dag.py
[2026-01-17T01:23:33.987+0000] {processor.py:840} INFO - DAG(s) 'ivf_load_to_mysql_dag' retrieved from /opt/airflow/dags/ivf_load_to_mysql_dag.py
[2026-01-17T01:23:34.019+0000] {logging_mixin.py:188} INFO - [2026-01-17T01:23:34.018+0000] {dag.py:3036} INFO - Sync 1 DAGs
[2026-01-17T01:23:34.043+0000] {logging_mixin.py:188} INFO - [2026-01-17T01:23:34.042+0000] {dag.py:3823} INFO - Setting next_dagrun for ivf_load_to_mysql_dag to None, run_after=None
[2026-01-17T01:23:34.118+0000] {processor.py:183} INFO - Processing /opt/airflow/dags/ivf_load_to_mysql_dag.py took 0.456 seconds
[2026-01-17T01:24:04.736+0000] {processor.py:161} INFO - Started process (PID=965) to work on /opt/airflow/dags/ivf_load_to_mysql_dag.py
[2026-01-17T01:24:04.739+0000] {processor.py:830} INFO - Processing file /opt/airflow/dags/ivf_load_to_mysql_dag.py for tasks to queue
[2026-01-17T01:24:04.741+0000] {logging_mixin.py:188} INFO - [2026-01-17T01:24:04.740+0000] {dagbag.py:538} INFO - Filling up the DagBag from /opt/airflow/dags/ivf_load_to_mysql_dag.py
[2026-01-17T01:24:05.378+0000] {processor.py:840} INFO - DAG(s) 'ivf_load_to_mysql_dag' retrieved from /opt/airflow/dags/ivf_load_to_mysql_dag.py
[2026-01-17T01:24:05.426+0000] {logging_mixin.py:188} INFO - [2026-01-17T01:24:05.425+0000] {dag.py:3036} INFO - Sync 1 DAGs
[2026-01-17T01:24:05.450+0000] {logging_mixin.py:188} INFO - [2026-01-17T01:24:05.449+0000] {dag.py:3823} INFO - Setting next_dagrun for ivf_load_to_mysql_dag to None, run_after=None
[2026-01-17T01:24:05.489+0000] {processor.py:183} INFO - Processing /opt/airflow/dags/ivf_load_to_mysql_dag.py took 0.760 seconds
