[2026-01-17T00:45:47.254+0000] {processor.py:161} INFO - Started process (PID=168) to work on /opt/airflow/dags/ivf_retrain_dag.py
[2026-01-17T00:45:47.257+0000] {processor.py:830} INFO - Processing file /opt/airflow/dags/ivf_retrain_dag.py for tasks to queue
[2026-01-17T00:45:47.261+0000] {logging_mixin.py:188} INFO - [2026-01-17T00:45:47.261+0000] {dagbag.py:538} INFO - Filling up the DagBag from /opt/airflow/dags/ivf_retrain_dag.py
[2026-01-17T00:45:47.382+0000] {processor.py:840} INFO - DAG(s) 'ivf_trigger_retraining' retrieved from /opt/airflow/dags/ivf_retrain_dag.py
[2026-01-17T00:45:48.077+0000] {logging_mixin.py:188} INFO - [2026-01-17T00:45:48.075+0000] {override.py:1769} INFO - Created Permission View: can edit on DAG:ivf_trigger_retraining
[2026-01-17T00:45:48.105+0000] {logging_mixin.py:188} INFO - [2026-01-17T00:45:48.104+0000] {override.py:1769} INFO - Created Permission View: can delete on DAG:ivf_trigger_retraining
[2026-01-17T00:45:48.125+0000] {logging_mixin.py:188} INFO - [2026-01-17T00:45:48.124+0000] {override.py:1769} INFO - Created Permission View: can read on DAG:ivf_trigger_retraining
[2026-01-17T00:45:48.127+0000] {logging_mixin.py:188} INFO - [2026-01-17T00:45:48.126+0000] {dag.py:3036} INFO - Sync 1 DAGs
[2026-01-17T00:45:48.469+0000] {logging_mixin.py:188} INFO - [2026-01-17T00:45:48.369+0000] {dag.py:3058} INFO - Creating ORM DAG for ivf_trigger_retraining
[2026-01-17T00:45:48.675+0000] {logging_mixin.py:188} INFO - [2026-01-17T00:45:48.674+0000] {dag.py:3823} INFO - Setting next_dagrun for ivf_trigger_retraining to 2026-01-17 00:00:00+00:00, run_after=2026-01-18 00:00:00+00:00
[2026-01-17T00:45:48.791+0000] {processor.py:183} INFO - Processing /opt/airflow/dags/ivf_retrain_dag.py took 1.549 seconds
[2026-01-17T00:46:18.926+0000] {processor.py:161} INFO - Started process (PID=179) to work on /opt/airflow/dags/ivf_retrain_dag.py
[2026-01-17T00:46:18.928+0000] {processor.py:830} INFO - Processing file /opt/airflow/dags/ivf_retrain_dag.py for tasks to queue
[2026-01-17T00:46:18.931+0000] {logging_mixin.py:188} INFO - [2026-01-17T00:46:18.930+0000] {dagbag.py:538} INFO - Filling up the DagBag from /opt/airflow/dags/ivf_retrain_dag.py
[2026-01-17T00:46:19.027+0000] {processor.py:840} INFO - DAG(s) 'ivf_trigger_retraining' retrieved from /opt/airflow/dags/ivf_retrain_dag.py
[2026-01-17T00:46:19.071+0000] {logging_mixin.py:188} INFO - [2026-01-17T00:46:19.071+0000] {dag.py:3036} INFO - Sync 1 DAGs
[2026-01-17T00:46:19.103+0000] {logging_mixin.py:188} INFO - [2026-01-17T00:46:19.103+0000] {dag.py:3823} INFO - Setting next_dagrun for ivf_trigger_retraining to 2026-01-17 00:00:00+00:00, run_after=2026-01-18 00:00:00+00:00
[2026-01-17T00:46:19.125+0000] {processor.py:183} INFO - Processing /opt/airflow/dags/ivf_retrain_dag.py took 0.206 seconds
[2026-01-17T00:46:49.643+0000] {processor.py:161} INFO - Started process (PID=190) to work on /opt/airflow/dags/ivf_retrain_dag.py
[2026-01-17T00:46:49.648+0000] {processor.py:830} INFO - Processing file /opt/airflow/dags/ivf_retrain_dag.py for tasks to queue
[2026-01-17T00:46:49.651+0000] {logging_mixin.py:188} INFO - [2026-01-17T00:46:49.650+0000] {dagbag.py:538} INFO - Filling up the DagBag from /opt/airflow/dags/ivf_retrain_dag.py
[2026-01-17T00:46:49.707+0000] {processor.py:840} INFO - DAG(s) 'ivf_trigger_retraining' retrieved from /opt/airflow/dags/ivf_retrain_dag.py
[2026-01-17T00:46:49.756+0000] {logging_mixin.py:188} INFO - [2026-01-17T00:46:49.755+0000] {dag.py:3036} INFO - Sync 1 DAGs
[2026-01-17T00:46:49.781+0000] {logging_mixin.py:188} INFO - [2026-01-17T00:46:49.781+0000] {dag.py:3823} INFO - Setting next_dagrun for ivf_trigger_retraining to 2026-01-17 00:00:00+00:00, run_after=2026-01-18 00:00:00+00:00
[2026-01-17T00:46:49.799+0000] {processor.py:183} INFO - Processing /opt/airflow/dags/ivf_retrain_dag.py took 0.174 seconds
[2026-01-17T00:47:20.237+0000] {processor.py:161} INFO - Started process (PID=201) to work on /opt/airflow/dags/ivf_retrain_dag.py
[2026-01-17T00:47:20.241+0000] {processor.py:830} INFO - Processing file /opt/airflow/dags/ivf_retrain_dag.py for tasks to queue
[2026-01-17T00:47:20.244+0000] {logging_mixin.py:188} INFO - [2026-01-17T00:47:20.243+0000] {dagbag.py:538} INFO - Filling up the DagBag from /opt/airflow/dags/ivf_retrain_dag.py
[2026-01-17T00:47:20.307+0000] {processor.py:840} INFO - DAG(s) 'ivf_trigger_retraining' retrieved from /opt/airflow/dags/ivf_retrain_dag.py
[2026-01-17T00:47:20.346+0000] {logging_mixin.py:188} INFO - [2026-01-17T00:47:20.346+0000] {dag.py:3036} INFO - Sync 1 DAGs
[2026-01-17T00:47:20.368+0000] {logging_mixin.py:188} INFO - [2026-01-17T00:47:20.368+0000] {dag.py:3823} INFO - Setting next_dagrun for ivf_trigger_retraining to 2026-01-17 00:00:00+00:00, run_after=2026-01-18 00:00:00+00:00
[2026-01-17T00:47:20.391+0000] {processor.py:183} INFO - Processing /opt/airflow/dags/ivf_retrain_dag.py took 0.161 seconds
[2026-01-17T00:47:50.856+0000] {processor.py:161} INFO - Started process (PID=212) to work on /opt/airflow/dags/ivf_retrain_dag.py
[2026-01-17T00:47:50.859+0000] {processor.py:830} INFO - Processing file /opt/airflow/dags/ivf_retrain_dag.py for tasks to queue
[2026-01-17T00:47:50.861+0000] {logging_mixin.py:188} INFO - [2026-01-17T00:47:50.860+0000] {dagbag.py:538} INFO - Filling up the DagBag from /opt/airflow/dags/ivf_retrain_dag.py
[2026-01-17T00:47:50.903+0000] {processor.py:840} INFO - DAG(s) 'ivf_trigger_retraining' retrieved from /opt/airflow/dags/ivf_retrain_dag.py
[2026-01-17T00:47:50.934+0000] {logging_mixin.py:188} INFO - [2026-01-17T00:47:50.934+0000] {dag.py:3036} INFO - Sync 1 DAGs
[2026-01-17T00:47:50.958+0000] {logging_mixin.py:188} INFO - [2026-01-17T00:47:50.958+0000] {dag.py:3823} INFO - Setting next_dagrun for ivf_trigger_retraining to 2026-01-17 00:00:00+00:00, run_after=2026-01-18 00:00:00+00:00
[2026-01-17T00:47:50.981+0000] {processor.py:183} INFO - Processing /opt/airflow/dags/ivf_retrain_dag.py took 0.133 seconds
[2026-01-17T00:48:21.498+0000] {processor.py:161} INFO - Started process (PID=223) to work on /opt/airflow/dags/ivf_retrain_dag.py
[2026-01-17T00:48:21.501+0000] {processor.py:830} INFO - Processing file /opt/airflow/dags/ivf_retrain_dag.py for tasks to queue
[2026-01-17T00:48:21.502+0000] {logging_mixin.py:188} INFO - [2026-01-17T00:48:21.502+0000] {dagbag.py:538} INFO - Filling up the DagBag from /opt/airflow/dags/ivf_retrain_dag.py
[2026-01-17T00:48:21.541+0000] {processor.py:840} INFO - DAG(s) 'ivf_trigger_retraining' retrieved from /opt/airflow/dags/ivf_retrain_dag.py
[2026-01-17T00:48:21.575+0000] {logging_mixin.py:188} INFO - [2026-01-17T00:48:21.574+0000] {dag.py:3036} INFO - Sync 1 DAGs
[2026-01-17T00:48:21.598+0000] {logging_mixin.py:188} INFO - [2026-01-17T00:48:21.598+0000] {dag.py:3823} INFO - Setting next_dagrun for ivf_trigger_retraining to 2026-01-17 00:00:00+00:00, run_after=2026-01-18 00:00:00+00:00
[2026-01-17T00:48:21.619+0000] {processor.py:183} INFO - Processing /opt/airflow/dags/ivf_retrain_dag.py took 0.125 seconds
[2026-01-17T00:48:52.092+0000] {processor.py:161} INFO - Started process (PID=234) to work on /opt/airflow/dags/ivf_retrain_dag.py
[2026-01-17T00:48:52.094+0000] {processor.py:830} INFO - Processing file /opt/airflow/dags/ivf_retrain_dag.py for tasks to queue
[2026-01-17T00:48:52.096+0000] {logging_mixin.py:188} INFO - [2026-01-17T00:48:52.096+0000] {dagbag.py:538} INFO - Filling up the DagBag from /opt/airflow/dags/ivf_retrain_dag.py
[2026-01-17T00:48:52.134+0000] {processor.py:840} INFO - DAG(s) 'ivf_trigger_retraining' retrieved from /opt/airflow/dags/ivf_retrain_dag.py
[2026-01-17T00:48:52.167+0000] {logging_mixin.py:188} INFO - [2026-01-17T00:48:52.166+0000] {dag.py:3036} INFO - Sync 1 DAGs
[2026-01-17T00:48:52.191+0000] {logging_mixin.py:188} INFO - [2026-01-17T00:48:52.191+0000] {dag.py:3823} INFO - Setting next_dagrun for ivf_trigger_retraining to 2026-01-17 00:00:00+00:00, run_after=2026-01-18 00:00:00+00:00
[2026-01-17T00:48:52.215+0000] {processor.py:183} INFO - Processing /opt/airflow/dags/ivf_retrain_dag.py took 0.130 seconds
[2026-01-17T00:49:22.843+0000] {processor.py:161} INFO - Started process (PID=245) to work on /opt/airflow/dags/ivf_retrain_dag.py
[2026-01-17T00:49:22.849+0000] {processor.py:830} INFO - Processing file /opt/airflow/dags/ivf_retrain_dag.py for tasks to queue
[2026-01-17T00:49:22.857+0000] {logging_mixin.py:188} INFO - [2026-01-17T00:49:22.851+0000] {dagbag.py:538} INFO - Filling up the DagBag from /opt/airflow/dags/ivf_retrain_dag.py
[2026-01-17T00:49:23.016+0000] {processor.py:840} INFO - DAG(s) 'ivf_trigger_retraining' retrieved from /opt/airflow/dags/ivf_retrain_dag.py
[2026-01-17T00:49:23.367+0000] {logging_mixin.py:188} INFO - [2026-01-17T00:49:23.366+0000] {dag.py:3036} INFO - Sync 1 DAGs
[2026-01-17T00:49:23.439+0000] {logging_mixin.py:188} INFO - [2026-01-17T00:49:23.438+0000] {dag.py:3823} INFO - Setting next_dagrun for ivf_trigger_retraining to 2026-01-17 00:00:00+00:00, run_after=2026-01-18 00:00:00+00:00
[2026-01-17T00:49:23.498+0000] {processor.py:183} INFO - Processing /opt/airflow/dags/ivf_retrain_dag.py took 0.685 seconds
[2026-01-17T00:49:53.596+0000] {processor.py:161} INFO - Started process (PID=256) to work on /opt/airflow/dags/ivf_retrain_dag.py
[2026-01-17T00:49:53.598+0000] {processor.py:830} INFO - Processing file /opt/airflow/dags/ivf_retrain_dag.py for tasks to queue
[2026-01-17T00:49:53.599+0000] {logging_mixin.py:188} INFO - [2026-01-17T00:49:53.599+0000] {dagbag.py:538} INFO - Filling up the DagBag from /opt/airflow/dags/ivf_retrain_dag.py
[2026-01-17T00:49:53.649+0000] {processor.py:840} INFO - DAG(s) 'ivf_trigger_retraining' retrieved from /opt/airflow/dags/ivf_retrain_dag.py
[2026-01-17T00:49:53.707+0000] {logging_mixin.py:188} INFO - [2026-01-17T00:49:53.707+0000] {dag.py:3036} INFO - Sync 1 DAGs
[2026-01-17T00:49:53.738+0000] {logging_mixin.py:188} INFO - [2026-01-17T00:49:53.738+0000] {dag.py:3823} INFO - Setting next_dagrun for ivf_trigger_retraining to 2026-01-17 00:00:00+00:00, run_after=2026-01-18 00:00:00+00:00
[2026-01-17T00:49:53.766+0000] {processor.py:183} INFO - Processing /opt/airflow/dags/ivf_retrain_dag.py took 0.175 seconds
[2026-01-17T00:50:24.206+0000] {processor.py:161} INFO - Started process (PID=267) to work on /opt/airflow/dags/ivf_retrain_dag.py
[2026-01-17T00:50:24.209+0000] {processor.py:830} INFO - Processing file /opt/airflow/dags/ivf_retrain_dag.py for tasks to queue
[2026-01-17T00:50:24.211+0000] {logging_mixin.py:188} INFO - [2026-01-17T00:50:24.211+0000] {dagbag.py:538} INFO - Filling up the DagBag from /opt/airflow/dags/ivf_retrain_dag.py
[2026-01-17T00:50:24.263+0000] {processor.py:840} INFO - DAG(s) 'ivf_trigger_retraining' retrieved from /opt/airflow/dags/ivf_retrain_dag.py
[2026-01-17T00:50:24.300+0000] {logging_mixin.py:188} INFO - [2026-01-17T00:50:24.300+0000] {dag.py:3036} INFO - Sync 1 DAGs
[2026-01-17T00:50:24.339+0000] {logging_mixin.py:188} INFO - [2026-01-17T00:50:24.339+0000] {dag.py:3823} INFO - Setting next_dagrun for ivf_trigger_retraining to 2026-01-17 00:00:00+00:00, run_after=2026-01-18 00:00:00+00:00
[2026-01-17T00:50:24.382+0000] {processor.py:183} INFO - Processing /opt/airflow/dags/ivf_retrain_dag.py took 0.184 seconds
[2026-01-17T00:50:55.306+0000] {processor.py:161} INFO - Started process (PID=278) to work on /opt/airflow/dags/ivf_retrain_dag.py
[2026-01-17T00:50:55.309+0000] {processor.py:830} INFO - Processing file /opt/airflow/dags/ivf_retrain_dag.py for tasks to queue
[2026-01-17T00:50:55.311+0000] {logging_mixin.py:188} INFO - [2026-01-17T00:50:55.310+0000] {dagbag.py:538} INFO - Filling up the DagBag from /opt/airflow/dags/ivf_retrain_dag.py
[2026-01-17T00:50:55.345+0000] {processor.py:840} INFO - DAG(s) 'ivf_trigger_retraining' retrieved from /opt/airflow/dags/ivf_retrain_dag.py
[2026-01-17T00:50:55.382+0000] {logging_mixin.py:188} INFO - [2026-01-17T00:50:55.381+0000] {dag.py:3036} INFO - Sync 1 DAGs
[2026-01-17T00:50:55.412+0000] {logging_mixin.py:188} INFO - [2026-01-17T00:50:55.411+0000] {dag.py:3823} INFO - Setting next_dagrun for ivf_trigger_retraining to 2026-01-17 00:00:00+00:00, run_after=2026-01-18 00:00:00+00:00
[2026-01-17T00:50:55.443+0000] {processor.py:183} INFO - Processing /opt/airflow/dags/ivf_retrain_dag.py took 0.145 seconds
[2026-01-17T00:51:25.937+0000] {processor.py:161} INFO - Started process (PID=289) to work on /opt/airflow/dags/ivf_retrain_dag.py
[2026-01-17T00:51:25.940+0000] {processor.py:830} INFO - Processing file /opt/airflow/dags/ivf_retrain_dag.py for tasks to queue
[2026-01-17T00:51:25.942+0000] {logging_mixin.py:188} INFO - [2026-01-17T00:51:25.942+0000] {dagbag.py:538} INFO - Filling up the DagBag from /opt/airflow/dags/ivf_retrain_dag.py
[2026-01-17T00:51:25.990+0000] {processor.py:840} INFO - DAG(s) 'ivf_trigger_retraining' retrieved from /opt/airflow/dags/ivf_retrain_dag.py
[2026-01-17T00:51:26.050+0000] {logging_mixin.py:188} INFO - [2026-01-17T00:51:26.050+0000] {dag.py:3036} INFO - Sync 1 DAGs
[2026-01-17T00:51:26.077+0000] {logging_mixin.py:188} INFO - [2026-01-17T00:51:26.077+0000] {dag.py:3823} INFO - Setting next_dagrun for ivf_trigger_retraining to 2026-01-17 00:00:00+00:00, run_after=2026-01-18 00:00:00+00:00
[2026-01-17T00:51:26.109+0000] {processor.py:183} INFO - Processing /opt/airflow/dags/ivf_retrain_dag.py took 0.179 seconds
[2026-01-17T00:51:56.576+0000] {processor.py:161} INFO - Started process (PID=300) to work on /opt/airflow/dags/ivf_retrain_dag.py
[2026-01-17T00:51:56.577+0000] {processor.py:830} INFO - Processing file /opt/airflow/dags/ivf_retrain_dag.py for tasks to queue
[2026-01-17T00:51:56.578+0000] {logging_mixin.py:188} INFO - [2026-01-17T00:51:56.578+0000] {dagbag.py:538} INFO - Filling up the DagBag from /opt/airflow/dags/ivf_retrain_dag.py
[2026-01-17T00:51:56.601+0000] {processor.py:840} INFO - DAG(s) 'ivf_trigger_retraining' retrieved from /opt/airflow/dags/ivf_retrain_dag.py
[2026-01-17T00:51:56.627+0000] {logging_mixin.py:188} INFO - [2026-01-17T00:51:56.626+0000] {dag.py:3036} INFO - Sync 1 DAGs
[2026-01-17T00:51:56.647+0000] {logging_mixin.py:188} INFO - [2026-01-17T00:51:56.647+0000] {dag.py:3823} INFO - Setting next_dagrun for ivf_trigger_retraining to 2026-01-17 00:00:00+00:00, run_after=2026-01-18 00:00:00+00:00
[2026-01-17T00:51:56.668+0000] {processor.py:183} INFO - Processing /opt/airflow/dags/ivf_retrain_dag.py took 0.095 seconds
[2026-01-17T00:52:27.203+0000] {processor.py:161} INFO - Started process (PID=311) to work on /opt/airflow/dags/ivf_retrain_dag.py
[2026-01-17T00:52:27.204+0000] {processor.py:830} INFO - Processing file /opt/airflow/dags/ivf_retrain_dag.py for tasks to queue
[2026-01-17T00:52:27.205+0000] {logging_mixin.py:188} INFO - [2026-01-17T00:52:27.205+0000] {dagbag.py:538} INFO - Filling up the DagBag from /opt/airflow/dags/ivf_retrain_dag.py
[2026-01-17T00:52:27.239+0000] {processor.py:840} INFO - DAG(s) 'ivf_trigger_retraining' retrieved from /opt/airflow/dags/ivf_retrain_dag.py
[2026-01-17T00:52:27.279+0000] {logging_mixin.py:188} INFO - [2026-01-17T00:52:27.279+0000] {dag.py:3036} INFO - Sync 1 DAGs
[2026-01-17T00:52:27.302+0000] {logging_mixin.py:188} INFO - [2026-01-17T00:52:27.302+0000] {dag.py:3823} INFO - Setting next_dagrun for ivf_trigger_retraining to 2026-01-17 00:00:00+00:00, run_after=2026-01-18 00:00:00+00:00
[2026-01-17T00:52:27.323+0000] {processor.py:183} INFO - Processing /opt/airflow/dags/ivf_retrain_dag.py took 0.123 seconds
[2026-01-17T00:52:58.102+0000] {processor.py:161} INFO - Started process (PID=322) to work on /opt/airflow/dags/ivf_retrain_dag.py
[2026-01-17T00:52:58.118+0000] {processor.py:830} INFO - Processing file /opt/airflow/dags/ivf_retrain_dag.py for tasks to queue
[2026-01-17T00:52:58.133+0000] {logging_mixin.py:188} INFO - [2026-01-17T00:52:58.130+0000] {dagbag.py:538} INFO - Filling up the DagBag from /opt/airflow/dags/ivf_retrain_dag.py
[2026-01-17T00:52:58.618+0000] {processor.py:840} INFO - DAG(s) 'ivf_trigger_retraining' retrieved from /opt/airflow/dags/ivf_retrain_dag.py
[2026-01-17T00:52:59.146+0000] {logging_mixin.py:188} INFO - [2026-01-17T00:52:59.146+0000] {dag.py:3036} INFO - Sync 1 DAGs
[2026-01-17T00:52:59.418+0000] {logging_mixin.py:188} INFO - [2026-01-17T00:52:59.418+0000] {dag.py:3823} INFO - Setting next_dagrun for ivf_trigger_retraining to 2026-01-17 00:00:00+00:00, run_after=2026-01-18 00:00:00+00:00
[2026-01-17T00:52:59.475+0000] {processor.py:183} INFO - Processing /opt/airflow/dags/ivf_retrain_dag.py took 1.456 seconds
[2026-01-17T00:53:29.637+0000] {processor.py:161} INFO - Started process (PID=336) to work on /opt/airflow/dags/ivf_retrain_dag.py
[2026-01-17T00:53:29.640+0000] {processor.py:830} INFO - Processing file /opt/airflow/dags/ivf_retrain_dag.py for tasks to queue
[2026-01-17T00:53:29.644+0000] {logging_mixin.py:188} INFO - [2026-01-17T00:53:29.643+0000] {dagbag.py:538} INFO - Filling up the DagBag from /opt/airflow/dags/ivf_retrain_dag.py
[2026-01-17T00:53:29.692+0000] {processor.py:840} INFO - DAG(s) 'ivf_trigger_retraining' retrieved from /opt/airflow/dags/ivf_retrain_dag.py
[2026-01-17T00:53:29.737+0000] {logging_mixin.py:188} INFO - [2026-01-17T00:53:29.737+0000] {dag.py:3036} INFO - Sync 1 DAGs
[2026-01-17T00:53:29.800+0000] {logging_mixin.py:188} INFO - [2026-01-17T00:53:29.799+0000] {dag.py:3823} INFO - Setting next_dagrun for ivf_trigger_retraining to 2026-01-17 00:00:00+00:00, run_after=2026-01-18 00:00:00+00:00
[2026-01-17T00:53:29.833+0000] {processor.py:183} INFO - Processing /opt/airflow/dags/ivf_retrain_dag.py took 0.228 seconds
[2026-01-17T00:54:00.034+0000] {processor.py:161} INFO - Started process (PID=347) to work on /opt/airflow/dags/ivf_retrain_dag.py
[2026-01-17T00:54:00.036+0000] {processor.py:830} INFO - Processing file /opt/airflow/dags/ivf_retrain_dag.py for tasks to queue
[2026-01-17T00:54:00.039+0000] {logging_mixin.py:188} INFO - [2026-01-17T00:54:00.038+0000] {dagbag.py:538} INFO - Filling up the DagBag from /opt/airflow/dags/ivf_retrain_dag.py
[2026-01-17T00:54:00.130+0000] {processor.py:840} INFO - DAG(s) 'ivf_trigger_retraining' retrieved from /opt/airflow/dags/ivf_retrain_dag.py
[2026-01-17T00:54:00.197+0000] {logging_mixin.py:188} INFO - [2026-01-17T00:54:00.197+0000] {dag.py:3036} INFO - Sync 1 DAGs
[2026-01-17T00:54:00.221+0000] {logging_mixin.py:188} INFO - [2026-01-17T00:54:00.221+0000] {dag.py:3823} INFO - Setting next_dagrun for ivf_trigger_retraining to 2026-01-17 00:00:00+00:00, run_after=2026-01-18 00:00:00+00:00
[2026-01-17T00:54:00.250+0000] {processor.py:183} INFO - Processing /opt/airflow/dags/ivf_retrain_dag.py took 0.220 seconds
[2026-01-17T00:54:30.776+0000] {processor.py:161} INFO - Started process (PID=358) to work on /opt/airflow/dags/ivf_retrain_dag.py
[2026-01-17T00:54:30.778+0000] {processor.py:830} INFO - Processing file /opt/airflow/dags/ivf_retrain_dag.py for tasks to queue
[2026-01-17T00:54:30.780+0000] {logging_mixin.py:188} INFO - [2026-01-17T00:54:30.779+0000] {dagbag.py:538} INFO - Filling up the DagBag from /opt/airflow/dags/ivf_retrain_dag.py
[2026-01-17T00:54:30.851+0000] {processor.py:840} INFO - DAG(s) 'ivf_trigger_retraining' retrieved from /opt/airflow/dags/ivf_retrain_dag.py
[2026-01-17T00:54:30.879+0000] {logging_mixin.py:188} INFO - [2026-01-17T00:54:30.879+0000] {dag.py:3036} INFO - Sync 1 DAGs
[2026-01-17T00:54:30.901+0000] {logging_mixin.py:188} INFO - [2026-01-17T00:54:30.901+0000] {dag.py:3823} INFO - Setting next_dagrun for ivf_trigger_retraining to 2026-01-17 00:00:00+00:00, run_after=2026-01-18 00:00:00+00:00
[2026-01-17T00:54:30.922+0000] {processor.py:183} INFO - Processing /opt/airflow/dags/ivf_retrain_dag.py took 0.154 seconds
[2026-01-17T00:55:01.509+0000] {processor.py:161} INFO - Started process (PID=369) to work on /opt/airflow/dags/ivf_retrain_dag.py
[2026-01-17T00:55:01.511+0000] {processor.py:830} INFO - Processing file /opt/airflow/dags/ivf_retrain_dag.py for tasks to queue
[2026-01-17T00:55:01.512+0000] {logging_mixin.py:188} INFO - [2026-01-17T00:55:01.511+0000] {dagbag.py:538} INFO - Filling up the DagBag from /opt/airflow/dags/ivf_retrain_dag.py
[2026-01-17T00:55:01.545+0000] {processor.py:840} INFO - DAG(s) 'ivf_trigger_retraining' retrieved from /opt/airflow/dags/ivf_retrain_dag.py
[2026-01-17T00:55:01.577+0000] {logging_mixin.py:188} INFO - [2026-01-17T00:55:01.576+0000] {dag.py:3036} INFO - Sync 1 DAGs
[2026-01-17T00:55:01.598+0000] {logging_mixin.py:188} INFO - [2026-01-17T00:55:01.598+0000] {dag.py:3823} INFO - Setting next_dagrun for ivf_trigger_retraining to 2026-01-17 00:00:00+00:00, run_after=2026-01-18 00:00:00+00:00
[2026-01-17T00:55:01.621+0000] {processor.py:183} INFO - Processing /opt/airflow/dags/ivf_retrain_dag.py took 0.117 seconds
[2026-01-17T00:55:32.107+0000] {processor.py:161} INFO - Started process (PID=380) to work on /opt/airflow/dags/ivf_retrain_dag.py
[2026-01-17T00:55:32.109+0000] {processor.py:830} INFO - Processing file /opt/airflow/dags/ivf_retrain_dag.py for tasks to queue
[2026-01-17T00:55:32.110+0000] {logging_mixin.py:188} INFO - [2026-01-17T00:55:32.110+0000] {dagbag.py:538} INFO - Filling up the DagBag from /opt/airflow/dags/ivf_retrain_dag.py
[2026-01-17T00:55:32.146+0000] {processor.py:840} INFO - DAG(s) 'ivf_trigger_retraining' retrieved from /opt/airflow/dags/ivf_retrain_dag.py
[2026-01-17T00:55:32.183+0000] {logging_mixin.py:188} INFO - [2026-01-17T00:55:32.183+0000] {dag.py:3036} INFO - Sync 1 DAGs
[2026-01-17T00:55:32.227+0000] {logging_mixin.py:188} INFO - [2026-01-17T00:55:32.226+0000] {dag.py:3823} INFO - Setting next_dagrun for ivf_trigger_retraining to 2026-01-17 00:00:00+00:00, run_after=2026-01-18 00:00:00+00:00
[2026-01-17T00:55:32.263+0000] {processor.py:183} INFO - Processing /opt/airflow/dags/ivf_retrain_dag.py took 0.161 seconds
[2026-01-17T00:56:02.603+0000] {processor.py:161} INFO - Started process (PID=391) to work on /opt/airflow/dags/ivf_retrain_dag.py
[2026-01-17T00:56:02.604+0000] {processor.py:830} INFO - Processing file /opt/airflow/dags/ivf_retrain_dag.py for tasks to queue
[2026-01-17T00:56:02.607+0000] {logging_mixin.py:188} INFO - [2026-01-17T00:56:02.606+0000] {dagbag.py:538} INFO - Filling up the DagBag from /opt/airflow/dags/ivf_retrain_dag.py
[2026-01-17T00:56:02.666+0000] {processor.py:840} INFO - DAG(s) 'ivf_trigger_retraining' retrieved from /opt/airflow/dags/ivf_retrain_dag.py
[2026-01-17T00:56:02.734+0000] {logging_mixin.py:188} INFO - [2026-01-17T00:56:02.733+0000] {dag.py:3036} INFO - Sync 1 DAGs
[2026-01-17T00:56:02.761+0000] {logging_mixin.py:188} INFO - [2026-01-17T00:56:02.760+0000] {dag.py:3823} INFO - Setting next_dagrun for ivf_trigger_retraining to 2026-01-17 00:00:00+00:00, run_after=2026-01-18 00:00:00+00:00
[2026-01-17T00:56:02.783+0000] {processor.py:183} INFO - Processing /opt/airflow/dags/ivf_retrain_dag.py took 0.185 seconds
[2026-01-17T00:56:33.319+0000] {processor.py:161} INFO - Started process (PID=402) to work on /opt/airflow/dags/ivf_retrain_dag.py
[2026-01-17T00:56:33.322+0000] {processor.py:830} INFO - Processing file /opt/airflow/dags/ivf_retrain_dag.py for tasks to queue
[2026-01-17T00:56:33.324+0000] {logging_mixin.py:188} INFO - [2026-01-17T00:56:33.323+0000] {dagbag.py:538} INFO - Filling up the DagBag from /opt/airflow/dags/ivf_retrain_dag.py
[2026-01-17T00:56:33.385+0000] {processor.py:840} INFO - DAG(s) 'ivf_trigger_retraining' retrieved from /opt/airflow/dags/ivf_retrain_dag.py
[2026-01-17T00:56:33.430+0000] {logging_mixin.py:188} INFO - [2026-01-17T00:56:33.430+0000] {dag.py:3036} INFO - Sync 1 DAGs
[2026-01-17T00:56:33.455+0000] {logging_mixin.py:188} INFO - [2026-01-17T00:56:33.455+0000] {dag.py:3823} INFO - Setting next_dagrun for ivf_trigger_retraining to 2026-01-17 00:00:00+00:00, run_after=2026-01-18 00:00:00+00:00
[2026-01-17T00:56:33.479+0000] {processor.py:183} INFO - Processing /opt/airflow/dags/ivf_retrain_dag.py took 0.168 seconds
[2026-01-17T00:57:04.038+0000] {processor.py:161} INFO - Started process (PID=413) to work on /opt/airflow/dags/ivf_retrain_dag.py
[2026-01-17T00:57:04.040+0000] {processor.py:830} INFO - Processing file /opt/airflow/dags/ivf_retrain_dag.py for tasks to queue
[2026-01-17T00:57:04.042+0000] {logging_mixin.py:188} INFO - [2026-01-17T00:57:04.042+0000] {dagbag.py:538} INFO - Filling up the DagBag from /opt/airflow/dags/ivf_retrain_dag.py
[2026-01-17T00:57:04.080+0000] {processor.py:840} INFO - DAG(s) 'ivf_trigger_retraining' retrieved from /opt/airflow/dags/ivf_retrain_dag.py
[2026-01-17T00:57:04.111+0000] {logging_mixin.py:188} INFO - [2026-01-17T00:57:04.111+0000] {dag.py:3036} INFO - Sync 1 DAGs
[2026-01-17T00:57:04.146+0000] {logging_mixin.py:188} INFO - [2026-01-17T00:57:04.146+0000] {dag.py:3823} INFO - Setting next_dagrun for ivf_trigger_retraining to 2026-01-17 00:00:00+00:00, run_after=2026-01-18 00:00:00+00:00
[2026-01-17T00:57:04.181+0000] {processor.py:183} INFO - Processing /opt/airflow/dags/ivf_retrain_dag.py took 0.146 seconds
[2026-01-17T00:57:34.630+0000] {processor.py:161} INFO - Started process (PID=424) to work on /opt/airflow/dags/ivf_retrain_dag.py
[2026-01-17T00:57:34.632+0000] {processor.py:830} INFO - Processing file /opt/airflow/dags/ivf_retrain_dag.py for tasks to queue
[2026-01-17T00:57:34.634+0000] {logging_mixin.py:188} INFO - [2026-01-17T00:57:34.633+0000] {dagbag.py:538} INFO - Filling up the DagBag from /opt/airflow/dags/ivf_retrain_dag.py
[2026-01-17T00:57:34.676+0000] {processor.py:840} INFO - DAG(s) 'ivf_trigger_retraining' retrieved from /opt/airflow/dags/ivf_retrain_dag.py
[2026-01-17T00:57:34.713+0000] {logging_mixin.py:188} INFO - [2026-01-17T00:57:34.712+0000] {dag.py:3036} INFO - Sync 1 DAGs
[2026-01-17T00:57:34.743+0000] {logging_mixin.py:188} INFO - [2026-01-17T00:57:34.743+0000] {dag.py:3823} INFO - Setting next_dagrun for ivf_trigger_retraining to 2026-01-17 00:00:00+00:00, run_after=2026-01-18 00:00:00+00:00
[2026-01-17T00:57:34.767+0000] {processor.py:183} INFO - Processing /opt/airflow/dags/ivf_retrain_dag.py took 0.142 seconds
[2026-01-17T00:58:05.296+0000] {processor.py:161} INFO - Started process (PID=438) to work on /opt/airflow/dags/ivf_retrain_dag.py
[2026-01-17T00:58:05.297+0000] {processor.py:830} INFO - Processing file /opt/airflow/dags/ivf_retrain_dag.py for tasks to queue
[2026-01-17T00:58:05.299+0000] {logging_mixin.py:188} INFO - [2026-01-17T00:58:05.299+0000] {dagbag.py:538} INFO - Filling up the DagBag from /opt/airflow/dags/ivf_retrain_dag.py
[2026-01-17T00:58:05.360+0000] {processor.py:840} INFO - DAG(s) 'ivf_trigger_retraining' retrieved from /opt/airflow/dags/ivf_retrain_dag.py
[2026-01-17T00:58:05.411+0000] {logging_mixin.py:188} INFO - [2026-01-17T00:58:05.411+0000] {dag.py:3036} INFO - Sync 1 DAGs
[2026-01-17T00:58:05.442+0000] {logging_mixin.py:188} INFO - [2026-01-17T00:58:05.441+0000] {dag.py:3823} INFO - Setting next_dagrun for ivf_trigger_retraining to 2026-01-17 00:00:00+00:00, run_after=2026-01-18 00:00:00+00:00
[2026-01-17T00:58:05.478+0000] {processor.py:183} INFO - Processing /opt/airflow/dags/ivf_retrain_dag.py took 0.191 seconds
[2026-01-17T00:58:36.066+0000] {processor.py:161} INFO - Started process (PID=452) to work on /opt/airflow/dags/ivf_retrain_dag.py
[2026-01-17T00:58:36.068+0000] {processor.py:830} INFO - Processing file /opt/airflow/dags/ivf_retrain_dag.py for tasks to queue
[2026-01-17T00:58:36.070+0000] {logging_mixin.py:188} INFO - [2026-01-17T00:58:36.069+0000] {dagbag.py:538} INFO - Filling up the DagBag from /opt/airflow/dags/ivf_retrain_dag.py
[2026-01-17T00:58:36.104+0000] {processor.py:840} INFO - DAG(s) 'ivf_trigger_retraining' retrieved from /opt/airflow/dags/ivf_retrain_dag.py
[2026-01-17T00:58:36.136+0000] {logging_mixin.py:188} INFO - [2026-01-17T00:58:36.136+0000] {dag.py:3036} INFO - Sync 1 DAGs
[2026-01-17T00:58:36.161+0000] {logging_mixin.py:188} INFO - [2026-01-17T00:58:36.160+0000] {dag.py:3823} INFO - Setting next_dagrun for ivf_trigger_retraining to 2026-01-17 00:00:00+00:00, run_after=2026-01-18 00:00:00+00:00
[2026-01-17T00:58:36.185+0000] {processor.py:183} INFO - Processing /opt/airflow/dags/ivf_retrain_dag.py took 0.123 seconds
[2026-01-17T00:59:07.136+0000] {processor.py:161} INFO - Started process (PID=463) to work on /opt/airflow/dags/ivf_retrain_dag.py
[2026-01-17T00:59:07.139+0000] {processor.py:830} INFO - Processing file /opt/airflow/dags/ivf_retrain_dag.py for tasks to queue
[2026-01-17T00:59:07.149+0000] {logging_mixin.py:188} INFO - [2026-01-17T00:59:07.147+0000] {dagbag.py:538} INFO - Filling up the DagBag from /opt/airflow/dags/ivf_retrain_dag.py
[2026-01-17T00:59:07.230+0000] {processor.py:840} INFO - DAG(s) 'ivf_trigger_retraining' retrieved from /opt/airflow/dags/ivf_retrain_dag.py
[2026-01-17T00:59:07.334+0000] {logging_mixin.py:188} INFO - [2026-01-17T00:59:07.333+0000] {dag.py:3036} INFO - Sync 1 DAGs
[2026-01-17T00:59:07.450+0000] {logging_mixin.py:188} INFO - [2026-01-17T00:59:07.450+0000] {dag.py:3823} INFO - Setting next_dagrun for ivf_trigger_retraining to 2026-01-17 00:00:00+00:00, run_after=2026-01-18 00:00:00+00:00
[2026-01-17T00:59:07.533+0000] {processor.py:183} INFO - Processing /opt/airflow/dags/ivf_retrain_dag.py took 0.402 seconds
[2026-01-17T00:59:38.036+0000] {processor.py:161} INFO - Started process (PID=474) to work on /opt/airflow/dags/ivf_retrain_dag.py
[2026-01-17T00:59:38.037+0000] {processor.py:830} INFO - Processing file /opt/airflow/dags/ivf_retrain_dag.py for tasks to queue
[2026-01-17T00:59:38.039+0000] {logging_mixin.py:188} INFO - [2026-01-17T00:59:38.039+0000] {dagbag.py:538} INFO - Filling up the DagBag from /opt/airflow/dags/ivf_retrain_dag.py
[2026-01-17T00:59:38.095+0000] {processor.py:840} INFO - DAG(s) 'ivf_trigger_retraining' retrieved from /opt/airflow/dags/ivf_retrain_dag.py
[2026-01-17T00:59:38.139+0000] {logging_mixin.py:188} INFO - [2026-01-17T00:59:38.138+0000] {dag.py:3036} INFO - Sync 1 DAGs
[2026-01-17T00:59:38.163+0000] {logging_mixin.py:188} INFO - [2026-01-17T00:59:38.162+0000] {dag.py:3823} INFO - Setting next_dagrun for ivf_trigger_retraining to 2026-01-17 00:00:00+00:00, run_after=2026-01-18 00:00:00+00:00
[2026-01-17T00:59:38.185+0000] {processor.py:183} INFO - Processing /opt/airflow/dags/ivf_retrain_dag.py took 0.154 seconds
[2026-01-17T01:00:08.698+0000] {processor.py:161} INFO - Started process (PID=485) to work on /opt/airflow/dags/ivf_retrain_dag.py
[2026-01-17T01:00:08.700+0000] {processor.py:830} INFO - Processing file /opt/airflow/dags/ivf_retrain_dag.py for tasks to queue
[2026-01-17T01:00:08.702+0000] {logging_mixin.py:188} INFO - [2026-01-17T01:00:08.701+0000] {dagbag.py:538} INFO - Filling up the DagBag from /opt/airflow/dags/ivf_retrain_dag.py
[2026-01-17T01:00:08.782+0000] {processor.py:840} INFO - DAG(s) 'ivf_trigger_retraining' retrieved from /opt/airflow/dags/ivf_retrain_dag.py
[2026-01-17T01:00:08.846+0000] {logging_mixin.py:188} INFO - [2026-01-17T01:00:08.845+0000] {dag.py:3036} INFO - Sync 1 DAGs
[2026-01-17T01:00:08.902+0000] {logging_mixin.py:188} INFO - [2026-01-17T01:00:08.901+0000] {dag.py:3823} INFO - Setting next_dagrun for ivf_trigger_retraining to 2026-01-17 00:00:00+00:00, run_after=2026-01-18 00:00:00+00:00
[2026-01-17T01:00:08.956+0000] {processor.py:183} INFO - Processing /opt/airflow/dags/ivf_retrain_dag.py took 0.267 seconds
[2026-01-17T01:00:39.448+0000] {processor.py:161} INFO - Started process (PID=496) to work on /opt/airflow/dags/ivf_retrain_dag.py
[2026-01-17T01:00:39.450+0000] {processor.py:830} INFO - Processing file /opt/airflow/dags/ivf_retrain_dag.py for tasks to queue
[2026-01-17T01:00:39.451+0000] {logging_mixin.py:188} INFO - [2026-01-17T01:00:39.451+0000] {dagbag.py:538} INFO - Filling up the DagBag from /opt/airflow/dags/ivf_retrain_dag.py
[2026-01-17T01:00:39.489+0000] {processor.py:840} INFO - DAG(s) 'ivf_trigger_retraining' retrieved from /opt/airflow/dags/ivf_retrain_dag.py
[2026-01-17T01:00:39.533+0000] {logging_mixin.py:188} INFO - [2026-01-17T01:00:39.533+0000] {dag.py:3036} INFO - Sync 1 DAGs
[2026-01-17T01:00:39.563+0000] {logging_mixin.py:188} INFO - [2026-01-17T01:00:39.563+0000] {dag.py:3823} INFO - Setting next_dagrun for ivf_trigger_retraining to 2026-01-17 00:00:00+00:00, run_after=2026-01-18 00:00:00+00:00
[2026-01-17T01:00:39.597+0000] {processor.py:183} INFO - Processing /opt/airflow/dags/ivf_retrain_dag.py took 0.155 seconds
[2026-01-17T01:01:10.100+0000] {processor.py:161} INFO - Started process (PID=507) to work on /opt/airflow/dags/ivf_retrain_dag.py
[2026-01-17T01:01:10.102+0000] {processor.py:830} INFO - Processing file /opt/airflow/dags/ivf_retrain_dag.py for tasks to queue
[2026-01-17T01:01:10.104+0000] {logging_mixin.py:188} INFO - [2026-01-17T01:01:10.103+0000] {dagbag.py:538} INFO - Filling up the DagBag from /opt/airflow/dags/ivf_retrain_dag.py
[2026-01-17T01:01:10.137+0000] {processor.py:840} INFO - DAG(s) 'ivf_trigger_retraining' retrieved from /opt/airflow/dags/ivf_retrain_dag.py
[2026-01-17T01:01:10.177+0000] {logging_mixin.py:188} INFO - [2026-01-17T01:01:10.176+0000] {dag.py:3036} INFO - Sync 1 DAGs
[2026-01-17T01:01:10.215+0000] {logging_mixin.py:188} INFO - [2026-01-17T01:01:10.214+0000] {dag.py:3823} INFO - Setting next_dagrun for ivf_trigger_retraining to 2026-01-17 00:00:00+00:00, run_after=2026-01-18 00:00:00+00:00
[2026-01-17T01:01:10.245+0000] {processor.py:183} INFO - Processing /opt/airflow/dags/ivf_retrain_dag.py took 0.153 seconds
[2026-01-17T01:01:40.383+0000] {processor.py:161} INFO - Started process (PID=518) to work on /opt/airflow/dags/ivf_retrain_dag.py
[2026-01-17T01:01:40.386+0000] {processor.py:830} INFO - Processing file /opt/airflow/dags/ivf_retrain_dag.py for tasks to queue
[2026-01-17T01:01:40.389+0000] {logging_mixin.py:188} INFO - [2026-01-17T01:01:40.387+0000] {dagbag.py:538} INFO - Filling up the DagBag from /opt/airflow/dags/ivf_retrain_dag.py
[2026-01-17T01:01:40.511+0000] {processor.py:840} INFO - DAG(s) 'ivf_trigger_retraining' retrieved from /opt/airflow/dags/ivf_retrain_dag.py
[2026-01-17T01:01:40.545+0000] {logging_mixin.py:188} INFO - [2026-01-17T01:01:40.545+0000] {dag.py:3036} INFO - Sync 1 DAGs
[2026-01-17T01:01:40.570+0000] {logging_mixin.py:188} INFO - [2026-01-17T01:01:40.570+0000] {dag.py:3823} INFO - Setting next_dagrun for ivf_trigger_retraining to 2026-01-17 00:00:00+00:00, run_after=2026-01-18 00:00:00+00:00
[2026-01-17T01:01:40.611+0000] {processor.py:183} INFO - Processing /opt/airflow/dags/ivf_retrain_dag.py took 0.238 seconds
[2026-01-17T01:02:10.813+0000] {processor.py:161} INFO - Started process (PID=529) to work on /opt/airflow/dags/ivf_retrain_dag.py
[2026-01-17T01:02:10.815+0000] {processor.py:830} INFO - Processing file /opt/airflow/dags/ivf_retrain_dag.py for tasks to queue
[2026-01-17T01:02:10.818+0000] {logging_mixin.py:188} INFO - [2026-01-17T01:02:10.817+0000] {dagbag.py:538} INFO - Filling up the DagBag from /opt/airflow/dags/ivf_retrain_dag.py
[2026-01-17T01:02:10.854+0000] {processor.py:840} INFO - DAG(s) 'ivf_trigger_retraining' retrieved from /opt/airflow/dags/ivf_retrain_dag.py
[2026-01-17T01:02:10.909+0000] {logging_mixin.py:188} INFO - [2026-01-17T01:02:10.909+0000] {dag.py:3036} INFO - Sync 1 DAGs
[2026-01-17T01:02:10.943+0000] {logging_mixin.py:188} INFO - [2026-01-17T01:02:10.942+0000] {dag.py:3823} INFO - Setting next_dagrun for ivf_trigger_retraining to 2026-01-17 00:00:00+00:00, run_after=2026-01-18 00:00:00+00:00
[2026-01-17T01:02:10.989+0000] {processor.py:183} INFO - Processing /opt/airflow/dags/ivf_retrain_dag.py took 0.186 seconds
[2026-01-17T01:02:43.852+0000] {processor.py:161} INFO - Started process (PID=540) to work on /opt/airflow/dags/ivf_retrain_dag.py
[2026-01-17T01:02:43.890+0000] {processor.py:830} INFO - Processing file /opt/airflow/dags/ivf_retrain_dag.py for tasks to queue
[2026-01-17T01:02:43.920+0000] {logging_mixin.py:188} INFO - [2026-01-17T01:02:43.919+0000] {dagbag.py:538} INFO - Filling up the DagBag from /opt/airflow/dags/ivf_retrain_dag.py
[2026-01-17T01:02:45.147+0000] {processor.py:840} INFO - DAG(s) 'ivf_trigger_retraining' retrieved from /opt/airflow/dags/ivf_retrain_dag.py
[2026-01-17T01:02:45.284+0000] {logging_mixin.py:188} INFO - [2026-01-17T01:02:45.283+0000] {dag.py:3036} INFO - Sync 1 DAGs
[2026-01-17T01:02:45.462+0000] {logging_mixin.py:188} INFO - [2026-01-17T01:02:45.460+0000] {dag.py:3823} INFO - Setting next_dagrun for ivf_trigger_retraining to 2026-01-17 00:00:00+00:00, run_after=2026-01-18 00:00:00+00:00
[2026-01-17T01:02:45.676+0000] {processor.py:183} INFO - Processing /opt/airflow/dags/ivf_retrain_dag.py took 1.836 seconds
[2026-01-17T01:03:16.286+0000] {processor.py:161} INFO - Started process (PID=551) to work on /opt/airflow/dags/ivf_retrain_dag.py
[2026-01-17T01:03:16.292+0000] {processor.py:830} INFO - Processing file /opt/airflow/dags/ivf_retrain_dag.py for tasks to queue
[2026-01-17T01:03:16.296+0000] {logging_mixin.py:188} INFO - [2026-01-17T01:03:16.294+0000] {dagbag.py:538} INFO - Filling up the DagBag from /opt/airflow/dags/ivf_retrain_dag.py
[2026-01-17T01:03:16.361+0000] {processor.py:840} INFO - DAG(s) 'ivf_trigger_retraining' retrieved from /opt/airflow/dags/ivf_retrain_dag.py
[2026-01-17T01:03:16.425+0000] {logging_mixin.py:188} INFO - [2026-01-17T01:03:16.423+0000] {dag.py:3036} INFO - Sync 1 DAGs
[2026-01-17T01:03:16.464+0000] {logging_mixin.py:188} INFO - [2026-01-17T01:03:16.464+0000] {dag.py:3823} INFO - Setting next_dagrun for ivf_trigger_retraining to 2026-01-17 00:00:00+00:00, run_after=2026-01-18 00:00:00+00:00
[2026-01-17T01:03:16.501+0000] {processor.py:183} INFO - Processing /opt/airflow/dags/ivf_retrain_dag.py took 0.228 seconds
[2026-01-17T01:03:51.663+0000] {processor.py:161} INFO - Started process (PID=565) to work on /opt/airflow/dags/ivf_retrain_dag.py
[2026-01-17T01:03:51.692+0000] {processor.py:830} INFO - Processing file /opt/airflow/dags/ivf_retrain_dag.py for tasks to queue
[2026-01-17T01:03:51.759+0000] {logging_mixin.py:188} INFO - [2026-01-17T01:03:51.757+0000] {dagbag.py:538} INFO - Filling up the DagBag from /opt/airflow/dags/ivf_retrain_dag.py
[2026-01-17T01:03:52.200+0000] {processor.py:840} INFO - DAG(s) 'ivf_trigger_retraining' retrieved from /opt/airflow/dags/ivf_retrain_dag.py
[2026-01-17T01:03:52.534+0000] {logging_mixin.py:188} INFO - [2026-01-17T01:03:52.533+0000] {dag.py:3036} INFO - Sync 1 DAGs
[2026-01-17T01:03:52.743+0000] {logging_mixin.py:188} INFO - [2026-01-17T01:03:52.742+0000] {dag.py:3823} INFO - Setting next_dagrun for ivf_trigger_retraining to 2026-01-17 00:00:00+00:00, run_after=2026-01-18 00:00:00+00:00
[2026-01-17T01:03:52.846+0000] {processor.py:183} INFO - Processing /opt/airflow/dags/ivf_retrain_dag.py took 1.484 seconds
[2026-01-17T01:04:22.963+0000] {processor.py:161} INFO - Started process (PID=576) to work on /opt/airflow/dags/ivf_retrain_dag.py
[2026-01-17T01:04:22.967+0000] {processor.py:830} INFO - Processing file /opt/airflow/dags/ivf_retrain_dag.py for tasks to queue
[2026-01-17T01:04:22.969+0000] {logging_mixin.py:188} INFO - [2026-01-17T01:04:22.968+0000] {dagbag.py:538} INFO - Filling up the DagBag from /opt/airflow/dags/ivf_retrain_dag.py
[2026-01-17T01:04:23.155+0000] {processor.py:840} INFO - DAG(s) 'ivf_trigger_retraining' retrieved from /opt/airflow/dags/ivf_retrain_dag.py
[2026-01-17T01:04:23.214+0000] {logging_mixin.py:188} INFO - [2026-01-17T01:04:23.213+0000] {dag.py:3036} INFO - Sync 1 DAGs
[2026-01-17T01:04:23.279+0000] {logging_mixin.py:188} INFO - [2026-01-17T01:04:23.278+0000] {dag.py:3823} INFO - Setting next_dagrun for ivf_trigger_retraining to 2026-01-17 00:00:00+00:00, run_after=2026-01-18 00:00:00+00:00
[2026-01-17T01:04:23.337+0000] {processor.py:183} INFO - Processing /opt/airflow/dags/ivf_retrain_dag.py took 0.382 seconds
[2026-01-17T01:04:54.406+0000] {processor.py:161} INFO - Started process (PID=584) to work on /opt/airflow/dags/ivf_retrain_dag.py
[2026-01-17T01:04:54.455+0000] {processor.py:830} INFO - Processing file /opt/airflow/dags/ivf_retrain_dag.py for tasks to queue
[2026-01-17T01:04:54.536+0000] {logging_mixin.py:188} INFO - [2026-01-17T01:04:54.535+0000] {dagbag.py:538} INFO - Filling up the DagBag from /opt/airflow/dags/ivf_retrain_dag.py
[2026-01-17T01:04:56.131+0000] {processor.py:840} INFO - DAG(s) 'ivf_trigger_retraining' retrieved from /opt/airflow/dags/ivf_retrain_dag.py
[2026-01-17T01:04:56.384+0000] {logging_mixin.py:188} INFO - [2026-01-17T01:04:56.383+0000] {dag.py:3036} INFO - Sync 1 DAGs
[2026-01-17T01:04:56.740+0000] {logging_mixin.py:188} INFO - [2026-01-17T01:04:56.739+0000] {dag.py:3823} INFO - Setting next_dagrun for ivf_trigger_retraining to 2026-01-17 00:00:00+00:00, run_after=2026-01-18 00:00:00+00:00
[2026-01-17T01:04:57.065+0000] {processor.py:183} INFO - Processing /opt/airflow/dags/ivf_retrain_dag.py took 2.692 seconds
[2026-01-17T01:05:28.324+0000] {processor.py:161} INFO - Started process (PID=592) to work on /opt/airflow/dags/ivf_retrain_dag.py
[2026-01-17T01:05:28.334+0000] {processor.py:830} INFO - Processing file /opt/airflow/dags/ivf_retrain_dag.py for tasks to queue
[2026-01-17T01:05:28.343+0000] {logging_mixin.py:188} INFO - [2026-01-17T01:05:28.340+0000] {dagbag.py:538} INFO - Filling up the DagBag from /opt/airflow/dags/ivf_retrain_dag.py
[2026-01-17T01:05:28.516+0000] {processor.py:840} INFO - DAG(s) 'ivf_trigger_retraining' retrieved from /opt/airflow/dags/ivf_retrain_dag.py
[2026-01-17T01:05:28.754+0000] {logging_mixin.py:188} INFO - [2026-01-17T01:05:28.754+0000] {dag.py:3036} INFO - Sync 1 DAGs
[2026-01-17T01:05:28.904+0000] {logging_mixin.py:188} INFO - [2026-01-17T01:05:28.902+0000] {dag.py:3823} INFO - Setting next_dagrun for ivf_trigger_retraining to 2026-01-17 00:00:00+00:00, run_after=2026-01-18 00:00:00+00:00
[2026-01-17T01:05:28.980+0000] {processor.py:183} INFO - Processing /opt/airflow/dags/ivf_retrain_dag.py took 0.767 seconds
[2026-01-17T01:06:00.030+0000] {processor.py:161} INFO - Started process (PID=603) to work on /opt/airflow/dags/ivf_retrain_dag.py
[2026-01-17T01:06:00.038+0000] {processor.py:830} INFO - Processing file /opt/airflow/dags/ivf_retrain_dag.py for tasks to queue
[2026-01-17T01:06:00.053+0000] {logging_mixin.py:188} INFO - [2026-01-17T01:06:00.046+0000] {dagbag.py:538} INFO - Filling up the DagBag from /opt/airflow/dags/ivf_retrain_dag.py
[2026-01-17T01:06:00.424+0000] {processor.py:840} INFO - DAG(s) 'ivf_trigger_retraining' retrieved from /opt/airflow/dags/ivf_retrain_dag.py
[2026-01-17T01:06:01.759+0000] {logging_mixin.py:188} INFO - [2026-01-17T01:06:01.758+0000] {dag.py:3036} INFO - Sync 1 DAGs
[2026-01-17T01:06:01.881+0000] {logging_mixin.py:188} INFO - [2026-01-17T01:06:01.881+0000] {dag.py:3823} INFO - Setting next_dagrun for ivf_trigger_retraining to 2026-01-17 00:00:00+00:00, run_after=2026-01-18 00:00:00+00:00
[2026-01-17T01:06:01.957+0000] {processor.py:183} INFO - Processing /opt/airflow/dags/ivf_retrain_dag.py took 2.034 seconds
[2026-01-17T01:06:32.946+0000] {processor.py:161} INFO - Started process (PID=614) to work on /opt/airflow/dags/ivf_retrain_dag.py
[2026-01-17T01:06:32.949+0000] {processor.py:830} INFO - Processing file /opt/airflow/dags/ivf_retrain_dag.py for tasks to queue
[2026-01-17T01:06:32.955+0000] {logging_mixin.py:188} INFO - [2026-01-17T01:06:32.954+0000] {dagbag.py:538} INFO - Filling up the DagBag from /opt/airflow/dags/ivf_retrain_dag.py
[2026-01-17T01:06:33.106+0000] {processor.py:840} INFO - DAG(s) 'ivf_trigger_retraining' retrieved from /opt/airflow/dags/ivf_retrain_dag.py
[2026-01-17T01:06:33.182+0000] {logging_mixin.py:188} INFO - [2026-01-17T01:06:33.182+0000] {dag.py:3036} INFO - Sync 1 DAGs
[2026-01-17T01:06:33.246+0000] {logging_mixin.py:188} INFO - [2026-01-17T01:06:33.246+0000] {dag.py:3823} INFO - Setting next_dagrun for ivf_trigger_retraining to 2026-01-17 00:00:00+00:00, run_after=2026-01-18 00:00:00+00:00
[2026-01-17T01:06:33.288+0000] {processor.py:183} INFO - Processing /opt/airflow/dags/ivf_retrain_dag.py took 0.359 seconds
[2026-01-17T01:07:03.902+0000] {processor.py:161} INFO - Started process (PID=628) to work on /opt/airflow/dags/ivf_retrain_dag.py
[2026-01-17T01:07:03.903+0000] {processor.py:830} INFO - Processing file /opt/airflow/dags/ivf_retrain_dag.py for tasks to queue
[2026-01-17T01:07:03.908+0000] {logging_mixin.py:188} INFO - [2026-01-17T01:07:03.906+0000] {dagbag.py:538} INFO - Filling up the DagBag from /opt/airflow/dags/ivf_retrain_dag.py
[2026-01-17T01:07:03.966+0000] {processor.py:840} INFO - DAG(s) 'ivf_trigger_retraining' retrieved from /opt/airflow/dags/ivf_retrain_dag.py
[2026-01-17T01:07:04.045+0000] {logging_mixin.py:188} INFO - [2026-01-17T01:07:04.043+0000] {dag.py:3036} INFO - Sync 1 DAGs
[2026-01-17T01:07:04.095+0000] {logging_mixin.py:188} INFO - [2026-01-17T01:07:04.095+0000] {dag.py:3823} INFO - Setting next_dagrun for ivf_trigger_retraining to 2026-01-17 00:00:00+00:00, run_after=2026-01-18 00:00:00+00:00
[2026-01-17T01:07:04.119+0000] {processor.py:183} INFO - Processing /opt/airflow/dags/ivf_retrain_dag.py took 0.222 seconds
[2026-01-17T01:07:34.643+0000] {processor.py:161} INFO - Started process (PID=639) to work on /opt/airflow/dags/ivf_retrain_dag.py
[2026-01-17T01:07:34.645+0000] {processor.py:830} INFO - Processing file /opt/airflow/dags/ivf_retrain_dag.py for tasks to queue
[2026-01-17T01:07:34.646+0000] {logging_mixin.py:188} INFO - [2026-01-17T01:07:34.646+0000] {dagbag.py:538} INFO - Filling up the DagBag from /opt/airflow/dags/ivf_retrain_dag.py
[2026-01-17T01:07:34.681+0000] {processor.py:840} INFO - DAG(s) 'ivf_trigger_retraining' retrieved from /opt/airflow/dags/ivf_retrain_dag.py
[2026-01-17T01:07:34.718+0000] {logging_mixin.py:188} INFO - [2026-01-17T01:07:34.718+0000] {dag.py:3036} INFO - Sync 1 DAGs
[2026-01-17T01:07:34.749+0000] {logging_mixin.py:188} INFO - [2026-01-17T01:07:34.749+0000] {dag.py:3823} INFO - Setting next_dagrun for ivf_trigger_retraining to 2026-01-17 00:00:00+00:00, run_after=2026-01-18 00:00:00+00:00
[2026-01-17T01:07:34.768+0000] {processor.py:183} INFO - Processing /opt/airflow/dags/ivf_retrain_dag.py took 0.131 seconds
[2026-01-17T01:08:05.179+0000] {processor.py:161} INFO - Started process (PID=650) to work on /opt/airflow/dags/ivf_retrain_dag.py
[2026-01-17T01:08:05.181+0000] {processor.py:830} INFO - Processing file /opt/airflow/dags/ivf_retrain_dag.py for tasks to queue
[2026-01-17T01:08:05.183+0000] {logging_mixin.py:188} INFO - [2026-01-17T01:08:05.183+0000] {dagbag.py:538} INFO - Filling up the DagBag from /opt/airflow/dags/ivf_retrain_dag.py
[2026-01-17T01:08:05.235+0000] {processor.py:840} INFO - DAG(s) 'ivf_trigger_retraining' retrieved from /opt/airflow/dags/ivf_retrain_dag.py
[2026-01-17T01:08:05.275+0000] {logging_mixin.py:188} INFO - [2026-01-17T01:08:05.275+0000] {dag.py:3036} INFO - Sync 1 DAGs
[2026-01-17T01:08:05.319+0000] {logging_mixin.py:188} INFO - [2026-01-17T01:08:05.319+0000] {dag.py:3823} INFO - Setting next_dagrun for ivf_trigger_retraining to 2026-01-17 00:00:00+00:00, run_after=2026-01-18 00:00:00+00:00
[2026-01-17T01:08:05.382+0000] {processor.py:183} INFO - Processing /opt/airflow/dags/ivf_retrain_dag.py took 0.206 seconds
[2026-01-17T01:08:35.870+0000] {processor.py:161} INFO - Started process (PID=661) to work on /opt/airflow/dags/ivf_retrain_dag.py
[2026-01-17T01:08:35.876+0000] {processor.py:830} INFO - Processing file /opt/airflow/dags/ivf_retrain_dag.py for tasks to queue
[2026-01-17T01:08:35.880+0000] {logging_mixin.py:188} INFO - [2026-01-17T01:08:35.879+0000] {dagbag.py:538} INFO - Filling up the DagBag from /opt/airflow/dags/ivf_retrain_dag.py
[2026-01-17T01:08:35.923+0000] {processor.py:840} INFO - DAG(s) 'ivf_trigger_retraining' retrieved from /opt/airflow/dags/ivf_retrain_dag.py
[2026-01-17T01:08:35.964+0000] {logging_mixin.py:188} INFO - [2026-01-17T01:08:35.964+0000] {dag.py:3036} INFO - Sync 1 DAGs
[2026-01-17T01:08:35.989+0000] {logging_mixin.py:188} INFO - [2026-01-17T01:08:35.989+0000] {dag.py:3823} INFO - Setting next_dagrun for ivf_trigger_retraining to 2026-01-17 00:00:00+00:00, run_after=2026-01-18 00:00:00+00:00
[2026-01-17T01:08:36.019+0000] {processor.py:183} INFO - Processing /opt/airflow/dags/ivf_retrain_dag.py took 0.157 seconds
[2026-01-17T01:09:06.369+0000] {processor.py:161} INFO - Started process (PID=672) to work on /opt/airflow/dags/ivf_retrain_dag.py
[2026-01-17T01:09:06.370+0000] {processor.py:830} INFO - Processing file /opt/airflow/dags/ivf_retrain_dag.py for tasks to queue
[2026-01-17T01:09:06.372+0000] {logging_mixin.py:188} INFO - [2026-01-17T01:09:06.372+0000] {dagbag.py:538} INFO - Filling up the DagBag from /opt/airflow/dags/ivf_retrain_dag.py
[2026-01-17T01:09:06.420+0000] {processor.py:840} INFO - DAG(s) 'ivf_trigger_retraining' retrieved from /opt/airflow/dags/ivf_retrain_dag.py
[2026-01-17T01:09:06.465+0000] {logging_mixin.py:188} INFO - [2026-01-17T01:09:06.465+0000] {dag.py:3036} INFO - Sync 1 DAGs
[2026-01-17T01:09:06.520+0000] {logging_mixin.py:188} INFO - [2026-01-17T01:09:06.519+0000] {dag.py:3823} INFO - Setting next_dagrun for ivf_trigger_retraining to 2026-01-17 00:00:00+00:00, run_after=2026-01-18 00:00:00+00:00
[2026-01-17T01:09:06.550+0000] {processor.py:183} INFO - Processing /opt/airflow/dags/ivf_retrain_dag.py took 0.184 seconds
[2026-01-17T01:09:37.131+0000] {processor.py:161} INFO - Started process (PID=683) to work on /opt/airflow/dags/ivf_retrain_dag.py
[2026-01-17T01:09:37.134+0000] {processor.py:830} INFO - Processing file /opt/airflow/dags/ivf_retrain_dag.py for tasks to queue
[2026-01-17T01:09:37.136+0000] {logging_mixin.py:188} INFO - [2026-01-17T01:09:37.135+0000] {dagbag.py:538} INFO - Filling up the DagBag from /opt/airflow/dags/ivf_retrain_dag.py
[2026-01-17T01:09:37.173+0000] {processor.py:840} INFO - DAG(s) 'ivf_trigger_retraining' retrieved from /opt/airflow/dags/ivf_retrain_dag.py
[2026-01-17T01:09:37.200+0000] {logging_mixin.py:188} INFO - [2026-01-17T01:09:37.199+0000] {dag.py:3036} INFO - Sync 1 DAGs
[2026-01-17T01:09:37.226+0000] {logging_mixin.py:188} INFO - [2026-01-17T01:09:37.225+0000] {dag.py:3823} INFO - Setting next_dagrun for ivf_trigger_retraining to 2026-01-17 00:00:00+00:00, run_after=2026-01-18 00:00:00+00:00
[2026-01-17T01:09:37.246+0000] {processor.py:183} INFO - Processing /opt/airflow/dags/ivf_retrain_dag.py took 0.118 seconds
[2026-01-17T01:10:07.839+0000] {processor.py:161} INFO - Started process (PID=694) to work on /opt/airflow/dags/ivf_retrain_dag.py
[2026-01-17T01:10:07.841+0000] {processor.py:830} INFO - Processing file /opt/airflow/dags/ivf_retrain_dag.py for tasks to queue
[2026-01-17T01:10:07.843+0000] {logging_mixin.py:188} INFO - [2026-01-17T01:10:07.842+0000] {dagbag.py:538} INFO - Filling up the DagBag from /opt/airflow/dags/ivf_retrain_dag.py
[2026-01-17T01:10:07.888+0000] {processor.py:840} INFO - DAG(s) 'ivf_trigger_retraining' retrieved from /opt/airflow/dags/ivf_retrain_dag.py
[2026-01-17T01:10:07.924+0000] {logging_mixin.py:188} INFO - [2026-01-17T01:10:07.923+0000] {dag.py:3036} INFO - Sync 1 DAGs
[2026-01-17T01:10:07.964+0000] {logging_mixin.py:188} INFO - [2026-01-17T01:10:07.964+0000] {dag.py:3823} INFO - Setting next_dagrun for ivf_trigger_retraining to 2026-01-17 00:00:00+00:00, run_after=2026-01-18 00:00:00+00:00
[2026-01-17T01:10:07.990+0000] {processor.py:183} INFO - Processing /opt/airflow/dags/ivf_retrain_dag.py took 0.155 seconds
[2026-01-17T01:10:38.423+0000] {processor.py:161} INFO - Started process (PID=705) to work on /opt/airflow/dags/ivf_retrain_dag.py
[2026-01-17T01:10:38.425+0000] {processor.py:830} INFO - Processing file /opt/airflow/dags/ivf_retrain_dag.py for tasks to queue
[2026-01-17T01:10:38.427+0000] {logging_mixin.py:188} INFO - [2026-01-17T01:10:38.427+0000] {dagbag.py:538} INFO - Filling up the DagBag from /opt/airflow/dags/ivf_retrain_dag.py
[2026-01-17T01:10:38.466+0000] {processor.py:840} INFO - DAG(s) 'ivf_trigger_retraining' retrieved from /opt/airflow/dags/ivf_retrain_dag.py
[2026-01-17T01:10:38.545+0000] {logging_mixin.py:188} INFO - [2026-01-17T01:10:38.544+0000] {dag.py:3036} INFO - Sync 1 DAGs
[2026-01-17T01:10:38.585+0000] {logging_mixin.py:188} INFO - [2026-01-17T01:10:38.584+0000] {dag.py:3823} INFO - Setting next_dagrun for ivf_trigger_retraining to 2026-01-17 00:00:00+00:00, run_after=2026-01-18 00:00:00+00:00
[2026-01-17T01:10:38.633+0000] {processor.py:183} INFO - Processing /opt/airflow/dags/ivf_retrain_dag.py took 0.213 seconds
[2026-01-17T01:11:08.806+0000] {processor.py:161} INFO - Started process (PID=716) to work on /opt/airflow/dags/ivf_retrain_dag.py
[2026-01-17T01:11:08.809+0000] {processor.py:830} INFO - Processing file /opt/airflow/dags/ivf_retrain_dag.py for tasks to queue
[2026-01-17T01:11:08.811+0000] {logging_mixin.py:188} INFO - [2026-01-17T01:11:08.811+0000] {dagbag.py:538} INFO - Filling up the DagBag from /opt/airflow/dags/ivf_retrain_dag.py
[2026-01-17T01:11:08.845+0000] {processor.py:840} INFO - DAG(s) 'ivf_trigger_retraining' retrieved from /opt/airflow/dags/ivf_retrain_dag.py
[2026-01-17T01:11:08.875+0000] {logging_mixin.py:188} INFO - [2026-01-17T01:11:08.874+0000] {dag.py:3036} INFO - Sync 1 DAGs
[2026-01-17T01:11:08.899+0000] {logging_mixin.py:188} INFO - [2026-01-17T01:11:08.899+0000] {dag.py:3823} INFO - Setting next_dagrun for ivf_trigger_retraining to 2026-01-17 00:00:00+00:00, run_after=2026-01-18 00:00:00+00:00
[2026-01-17T01:11:08.933+0000] {processor.py:183} INFO - Processing /opt/airflow/dags/ivf_retrain_dag.py took 0.132 seconds
[2026-01-17T01:11:39.425+0000] {processor.py:161} INFO - Started process (PID=727) to work on /opt/airflow/dags/ivf_retrain_dag.py
[2026-01-17T01:11:39.427+0000] {processor.py:830} INFO - Processing file /opt/airflow/dags/ivf_retrain_dag.py for tasks to queue
[2026-01-17T01:11:39.429+0000] {logging_mixin.py:188} INFO - [2026-01-17T01:11:39.429+0000] {dagbag.py:538} INFO - Filling up the DagBag from /opt/airflow/dags/ivf_retrain_dag.py
[2026-01-17T01:11:39.463+0000] {processor.py:840} INFO - DAG(s) 'ivf_trigger_retraining' retrieved from /opt/airflow/dags/ivf_retrain_dag.py
[2026-01-17T01:11:39.490+0000] {logging_mixin.py:188} INFO - [2026-01-17T01:11:39.489+0000] {dag.py:3036} INFO - Sync 1 DAGs
[2026-01-17T01:11:39.512+0000] {logging_mixin.py:188} INFO - [2026-01-17T01:11:39.512+0000] {dag.py:3823} INFO - Setting next_dagrun for ivf_trigger_retraining to 2026-01-17 00:00:00+00:00, run_after=2026-01-18 00:00:00+00:00
[2026-01-17T01:11:39.533+0000] {processor.py:183} INFO - Processing /opt/airflow/dags/ivf_retrain_dag.py took 0.112 seconds
[2026-01-17T01:12:10.074+0000] {processor.py:161} INFO - Started process (PID=741) to work on /opt/airflow/dags/ivf_retrain_dag.py
[2026-01-17T01:12:10.077+0000] {processor.py:830} INFO - Processing file /opt/airflow/dags/ivf_retrain_dag.py for tasks to queue
[2026-01-17T01:12:10.082+0000] {logging_mixin.py:188} INFO - [2026-01-17T01:12:10.080+0000] {dagbag.py:538} INFO - Filling up the DagBag from /opt/airflow/dags/ivf_retrain_dag.py
[2026-01-17T01:12:10.122+0000] {processor.py:840} INFO - DAG(s) 'ivf_trigger_retraining' retrieved from /opt/airflow/dags/ivf_retrain_dag.py
[2026-01-17T01:12:10.223+0000] {logging_mixin.py:188} INFO - [2026-01-17T01:12:10.223+0000] {dag.py:3036} INFO - Sync 1 DAGs
[2026-01-17T01:12:10.272+0000] {logging_mixin.py:188} INFO - [2026-01-17T01:12:10.271+0000] {dag.py:3823} INFO - Setting next_dagrun for ivf_trigger_retraining to 2026-01-17 00:00:00+00:00, run_after=2026-01-18 00:00:00+00:00
[2026-01-17T01:12:10.320+0000] {processor.py:183} INFO - Processing /opt/airflow/dags/ivf_retrain_dag.py took 0.250 seconds
[2026-01-17T01:12:43.269+0000] {processor.py:161} INFO - Started process (PID=752) to work on /opt/airflow/dags/ivf_retrain_dag.py
[2026-01-17T01:12:43.300+0000] {processor.py:830} INFO - Processing file /opt/airflow/dags/ivf_retrain_dag.py for tasks to queue
[2026-01-17T01:12:43.323+0000] {logging_mixin.py:188} INFO - [2026-01-17T01:12:43.322+0000] {dagbag.py:538} INFO - Filling up the DagBag from /opt/airflow/dags/ivf_retrain_dag.py
[2026-01-17T01:12:46.906+0000] {processor.py:840} INFO - DAG(s) 'ivf_trigger_retraining' retrieved from /opt/airflow/dags/ivf_retrain_dag.py
[2026-01-17T01:12:47.488+0000] {logging_mixin.py:188} INFO - [2026-01-17T01:12:47.487+0000] {dag.py:3036} INFO - Sync 1 DAGs
[2026-01-17T01:12:48.557+0000] {logging_mixin.py:188} INFO - [2026-01-17T01:12:48.557+0000] {dag.py:3823} INFO - Setting next_dagrun for ivf_trigger_retraining to 2026-01-17 00:00:00+00:00, run_after=2026-01-18 00:00:00+00:00
[2026-01-17T01:12:49.190+0000] {processor.py:183} INFO - Processing /opt/airflow/dags/ivf_retrain_dag.py took 5.929 seconds
[2026-01-17T01:13:20.366+0000] {processor.py:161} INFO - Started process (PID=763) to work on /opt/airflow/dags/ivf_retrain_dag.py
[2026-01-17T01:13:20.394+0000] {processor.py:830} INFO - Processing file /opt/airflow/dags/ivf_retrain_dag.py for tasks to queue
[2026-01-17T01:13:20.413+0000] {logging_mixin.py:188} INFO - [2026-01-17T01:13:20.410+0000] {dagbag.py:538} INFO - Filling up the DagBag from /opt/airflow/dags/ivf_retrain_dag.py
[2026-01-17T01:13:20.665+0000] {processor.py:840} INFO - DAG(s) 'ivf_trigger_retraining' retrieved from /opt/airflow/dags/ivf_retrain_dag.py
[2026-01-17T01:13:20.811+0000] {logging_mixin.py:188} INFO - [2026-01-17T01:13:20.805+0000] {dag.py:3036} INFO - Sync 1 DAGs
[2026-01-17T01:13:20.919+0000] {logging_mixin.py:188} INFO - [2026-01-17T01:13:20.918+0000] {dag.py:3823} INFO - Setting next_dagrun for ivf_trigger_retraining to 2026-01-17 00:00:00+00:00, run_after=2026-01-18 00:00:00+00:00
[2026-01-17T01:13:20.952+0000] {processor.py:183} INFO - Processing /opt/airflow/dags/ivf_retrain_dag.py took 0.606 seconds
[2026-01-17T01:13:52.675+0000] {processor.py:161} INFO - Started process (PID=774) to work on /opt/airflow/dags/ivf_retrain_dag.py
[2026-01-17T01:13:52.680+0000] {processor.py:830} INFO - Processing file /opt/airflow/dags/ivf_retrain_dag.py for tasks to queue
[2026-01-17T01:13:52.686+0000] {logging_mixin.py:188} INFO - [2026-01-17T01:13:52.685+0000] {dagbag.py:538} INFO - Filling up the DagBag from /opt/airflow/dags/ivf_retrain_dag.py
[2026-01-17T01:13:52.851+0000] {processor.py:840} INFO - DAG(s) 'ivf_trigger_retraining' retrieved from /opt/airflow/dags/ivf_retrain_dag.py
[2026-01-17T01:13:53.017+0000] {logging_mixin.py:188} INFO - [2026-01-17T01:13:53.016+0000] {dag.py:3036} INFO - Sync 1 DAGs
[2026-01-17T01:13:53.154+0000] {logging_mixin.py:188} INFO - [2026-01-17T01:13:53.154+0000] {dag.py:3823} INFO - Setting next_dagrun for ivf_trigger_retraining to 2026-01-17 00:00:00+00:00, run_after=2026-01-18 00:00:00+00:00
[2026-01-17T01:13:53.199+0000] {processor.py:183} INFO - Processing /opt/airflow/dags/ivf_retrain_dag.py took 0.532 seconds
[2026-01-17T01:14:39.944+0000] {processor.py:161} INFO - Started process (PID=785) to work on /opt/airflow/dags/ivf_retrain_dag.py
[2026-01-17T01:14:40.185+0000] {processor.py:830} INFO - Processing file /opt/airflow/dags/ivf_retrain_dag.py for tasks to queue
[2026-01-17T01:14:41.111+0000] {logging_mixin.py:188} INFO - [2026-01-17T01:14:40.554+0000] {dagbag.py:538} INFO - Filling up the DagBag from /opt/airflow/dags/ivf_retrain_dag.py
[2026-01-17T01:14:44.628+0000] {processor.py:840} INFO - DAG(s) 'ivf_trigger_retraining' retrieved from /opt/airflow/dags/ivf_retrain_dag.py
[2026-01-17T01:14:45.267+0000] {logging_mixin.py:188} INFO - [2026-01-17T01:14:45.266+0000] {dag.py:3036} INFO - Sync 1 DAGs
[2026-01-17T01:14:46.007+0000] {logging_mixin.py:188} INFO - [2026-01-17T01:14:46.005+0000] {dag.py:3823} INFO - Setting next_dagrun for ivf_trigger_retraining to 2026-01-17 00:00:00+00:00, run_after=2026-01-18 00:00:00+00:00
[2026-01-17T01:14:46.339+0000] {processor.py:183} INFO - Processing /opt/airflow/dags/ivf_retrain_dag.py took 7.642 seconds
[2026-01-17T01:15:16.809+0000] {processor.py:161} INFO - Started process (PID=796) to work on /opt/airflow/dags/ivf_retrain_dag.py
[2026-01-17T01:15:16.815+0000] {processor.py:830} INFO - Processing file /opt/airflow/dags/ivf_retrain_dag.py for tasks to queue
[2026-01-17T01:15:16.825+0000] {logging_mixin.py:188} INFO - [2026-01-17T01:15:16.822+0000] {dagbag.py:538} INFO - Filling up the DagBag from /opt/airflow/dags/ivf_retrain_dag.py
[2026-01-17T01:15:16.951+0000] {processor.py:840} INFO - DAG(s) 'ivf_trigger_retraining' retrieved from /opt/airflow/dags/ivf_retrain_dag.py
[2026-01-17T01:15:16.987+0000] {logging_mixin.py:188} INFO - [2026-01-17T01:15:16.987+0000] {dag.py:3036} INFO - Sync 1 DAGs
[2026-01-17T01:15:17.023+0000] {logging_mixin.py:188} INFO - [2026-01-17T01:15:17.022+0000] {dag.py:3823} INFO - Setting next_dagrun for ivf_trigger_retraining to 2026-01-17 00:00:00+00:00, run_after=2026-01-18 00:00:00+00:00
[2026-01-17T01:15:17.047+0000] {processor.py:183} INFO - Processing /opt/airflow/dags/ivf_retrain_dag.py took 0.292 seconds
[2026-01-17T01:15:47.642+0000] {processor.py:161} INFO - Started process (PID=807) to work on /opt/airflow/dags/ivf_retrain_dag.py
[2026-01-17T01:15:47.644+0000] {processor.py:830} INFO - Processing file /opt/airflow/dags/ivf_retrain_dag.py for tasks to queue
[2026-01-17T01:15:47.645+0000] {logging_mixin.py:188} INFO - [2026-01-17T01:15:47.645+0000] {dagbag.py:538} INFO - Filling up the DagBag from /opt/airflow/dags/ivf_retrain_dag.py
[2026-01-17T01:15:47.700+0000] {processor.py:840} INFO - DAG(s) 'ivf_trigger_retraining' retrieved from /opt/airflow/dags/ivf_retrain_dag.py
[2026-01-17T01:15:47.766+0000] {logging_mixin.py:188} INFO - [2026-01-17T01:15:47.765+0000] {dag.py:3036} INFO - Sync 1 DAGs
[2026-01-17T01:15:47.806+0000] {logging_mixin.py:188} INFO - [2026-01-17T01:15:47.806+0000] {dag.py:3823} INFO - Setting next_dagrun for ivf_trigger_retraining to 2026-01-17 00:00:00+00:00, run_after=2026-01-18 00:00:00+00:00
[2026-01-17T01:15:47.830+0000] {processor.py:183} INFO - Processing /opt/airflow/dags/ivf_retrain_dag.py took 0.194 seconds
[2026-01-17T01:16:18.503+0000] {processor.py:161} INFO - Started process (PID=818) to work on /opt/airflow/dags/ivf_retrain_dag.py
[2026-01-17T01:16:18.511+0000] {processor.py:830} INFO - Processing file /opt/airflow/dags/ivf_retrain_dag.py for tasks to queue
[2026-01-17T01:16:18.519+0000] {logging_mixin.py:188} INFO - [2026-01-17T01:16:18.517+0000] {dagbag.py:538} INFO - Filling up the DagBag from /opt/airflow/dags/ivf_retrain_dag.py
[2026-01-17T01:16:18.846+0000] {processor.py:840} INFO - DAG(s) 'ivf_trigger_retraining' retrieved from /opt/airflow/dags/ivf_retrain_dag.py
[2026-01-17T01:16:18.951+0000] {logging_mixin.py:188} INFO - [2026-01-17T01:16:18.951+0000] {dag.py:3036} INFO - Sync 1 DAGs
[2026-01-17T01:16:19.018+0000] {logging_mixin.py:188} INFO - [2026-01-17T01:16:19.017+0000] {dag.py:3823} INFO - Setting next_dagrun for ivf_trigger_retraining to 2026-01-17 00:00:00+00:00, run_after=2026-01-18 00:00:00+00:00
[2026-01-17T01:16:19.084+0000] {processor.py:183} INFO - Processing /opt/airflow/dags/ivf_retrain_dag.py took 0.594 seconds
[2026-01-17T01:16:49.679+0000] {processor.py:161} INFO - Started process (PID=829) to work on /opt/airflow/dags/ivf_retrain_dag.py
[2026-01-17T01:16:49.682+0000] {processor.py:830} INFO - Processing file /opt/airflow/dags/ivf_retrain_dag.py for tasks to queue
[2026-01-17T01:16:49.685+0000] {logging_mixin.py:188} INFO - [2026-01-17T01:16:49.684+0000] {dagbag.py:538} INFO - Filling up the DagBag from /opt/airflow/dags/ivf_retrain_dag.py
[2026-01-17T01:16:49.759+0000] {processor.py:840} INFO - DAG(s) 'ivf_trigger_retraining' retrieved from /opt/airflow/dags/ivf_retrain_dag.py
[2026-01-17T01:16:49.852+0000] {logging_mixin.py:188} INFO - [2026-01-17T01:16:49.851+0000] {dag.py:3036} INFO - Sync 1 DAGs
[2026-01-17T01:16:49.895+0000] {logging_mixin.py:188} INFO - [2026-01-17T01:16:49.895+0000] {dag.py:3823} INFO - Setting next_dagrun for ivf_trigger_retraining to 2026-01-17 00:00:00+00:00, run_after=2026-01-18 00:00:00+00:00
[2026-01-17T01:16:49.928+0000] {processor.py:183} INFO - Processing /opt/airflow/dags/ivf_retrain_dag.py took 0.259 seconds
[2026-01-17T01:17:22.239+0000] {processor.py:161} INFO - Started process (PID=840) to work on /opt/airflow/dags/ivf_retrain_dag.py
[2026-01-17T01:17:22.274+0000] {processor.py:830} INFO - Processing file /opt/airflow/dags/ivf_retrain_dag.py for tasks to queue
[2026-01-17T01:17:22.312+0000] {logging_mixin.py:188} INFO - [2026-01-17T01:17:22.308+0000] {dagbag.py:538} INFO - Filling up the DagBag from /opt/airflow/dags/ivf_retrain_dag.py
[2026-01-17T01:17:22.884+0000] {processor.py:840} INFO - DAG(s) 'ivf_trigger_retraining' retrieved from /opt/airflow/dags/ivf_retrain_dag.py
[2026-01-17T01:17:22.973+0000] {logging_mixin.py:188} INFO - [2026-01-17T01:17:22.973+0000] {dag.py:3036} INFO - Sync 1 DAGs
[2026-01-17T01:17:23.025+0000] {logging_mixin.py:188} INFO - [2026-01-17T01:17:23.025+0000] {dag.py:3823} INFO - Setting next_dagrun for ivf_trigger_retraining to 2026-01-17 00:00:00+00:00, run_after=2026-01-18 00:00:00+00:00
[2026-01-17T01:17:23.107+0000] {processor.py:183} INFO - Processing /opt/airflow/dags/ivf_retrain_dag.py took 0.877 seconds
[2026-01-17T01:17:54.241+0000] {processor.py:161} INFO - Started process (PID=851) to work on /opt/airflow/dags/ivf_retrain_dag.py
[2026-01-17T01:17:54.244+0000] {processor.py:830} INFO - Processing file /opt/airflow/dags/ivf_retrain_dag.py for tasks to queue
[2026-01-17T01:17:54.249+0000] {logging_mixin.py:188} INFO - [2026-01-17T01:17:54.248+0000] {dagbag.py:538} INFO - Filling up the DagBag from /opt/airflow/dags/ivf_retrain_dag.py
[2026-01-17T01:17:54.333+0000] {processor.py:840} INFO - DAG(s) 'ivf_trigger_retraining' retrieved from /opt/airflow/dags/ivf_retrain_dag.py
[2026-01-17T01:17:54.477+0000] {logging_mixin.py:188} INFO - [2026-01-17T01:17:54.474+0000] {dag.py:3036} INFO - Sync 1 DAGs
[2026-01-17T01:17:54.566+0000] {logging_mixin.py:188} INFO - [2026-01-17T01:17:54.565+0000] {dag.py:3823} INFO - Setting next_dagrun for ivf_trigger_retraining to 2026-01-17 00:00:00+00:00, run_after=2026-01-18 00:00:00+00:00
[2026-01-17T01:17:54.637+0000] {processor.py:183} INFO - Processing /opt/airflow/dags/ivf_retrain_dag.py took 0.408 seconds
[2026-01-17T01:18:32.216+0000] {processor.py:161} INFO - Started process (PID=862) to work on /opt/airflow/dags/ivf_retrain_dag.py
[2026-01-17T01:18:32.658+0000] {processor.py:830} INFO - Processing file /opt/airflow/dags/ivf_retrain_dag.py for tasks to queue
[2026-01-17T01:18:32.953+0000] {logging_mixin.py:188} INFO - [2026-01-17T01:18:32.881+0000] {dagbag.py:538} INFO - Filling up the DagBag from /opt/airflow/dags/ivf_retrain_dag.py
[2026-01-17T01:18:38.111+0000] {processor.py:840} INFO - DAG(s) 'ivf_trigger_retraining' retrieved from /opt/airflow/dags/ivf_retrain_dag.py
[2026-01-17T01:18:39.469+0000] {logging_mixin.py:188} INFO - [2026-01-17T01:18:39.468+0000] {dag.py:3036} INFO - Sync 1 DAGs
[2026-01-17T01:18:40.204+0000] {logging_mixin.py:188} INFO - [2026-01-17T01:18:40.198+0000] {dag.py:3823} INFO - Setting next_dagrun for ivf_trigger_retraining to 2026-01-17 00:00:00+00:00, run_after=2026-01-18 00:00:00+00:00
[2026-01-17T01:18:41.030+0000] {processor.py:183} INFO - Processing /opt/airflow/dags/ivf_retrain_dag.py took 9.737 seconds
[2026-01-17T01:19:12.061+0000] {processor.py:161} INFO - Started process (PID=873) to work on /opt/airflow/dags/ivf_retrain_dag.py
[2026-01-17T01:19:12.064+0000] {processor.py:830} INFO - Processing file /opt/airflow/dags/ivf_retrain_dag.py for tasks to queue
[2026-01-17T01:19:12.067+0000] {logging_mixin.py:188} INFO - [2026-01-17T01:19:12.066+0000] {dagbag.py:538} INFO - Filling up the DagBag from /opt/airflow/dags/ivf_retrain_dag.py
[2026-01-17T01:19:12.310+0000] {processor.py:840} INFO - DAG(s) 'ivf_trigger_retraining' retrieved from /opt/airflow/dags/ivf_retrain_dag.py
[2026-01-17T01:19:12.450+0000] {logging_mixin.py:188} INFO - [2026-01-17T01:19:12.449+0000] {dag.py:3036} INFO - Sync 1 DAGs
[2026-01-17T01:19:12.520+0000] {logging_mixin.py:188} INFO - [2026-01-17T01:19:12.519+0000] {dag.py:3823} INFO - Setting next_dagrun for ivf_trigger_retraining to 2026-01-17 00:00:00+00:00, run_after=2026-01-18 00:00:00+00:00
[2026-01-17T01:19:12.671+0000] {processor.py:183} INFO - Processing /opt/airflow/dags/ivf_retrain_dag.py took 0.617 seconds
[2026-01-17T01:19:43.439+0000] {processor.py:161} INFO - Started process (PID=884) to work on /opt/airflow/dags/ivf_retrain_dag.py
[2026-01-17T01:19:43.460+0000] {processor.py:830} INFO - Processing file /opt/airflow/dags/ivf_retrain_dag.py for tasks to queue
[2026-01-17T01:19:43.478+0000] {logging_mixin.py:188} INFO - [2026-01-17T01:19:43.470+0000] {dagbag.py:538} INFO - Filling up the DagBag from /opt/airflow/dags/ivf_retrain_dag.py
[2026-01-17T01:19:43.935+0000] {processor.py:840} INFO - DAG(s) 'ivf_trigger_retraining' retrieved from /opt/airflow/dags/ivf_retrain_dag.py
[2026-01-17T01:19:44.281+0000] {logging_mixin.py:188} INFO - [2026-01-17T01:19:44.280+0000] {dag.py:3036} INFO - Sync 1 DAGs
[2026-01-17T01:19:44.538+0000] {logging_mixin.py:188} INFO - [2026-01-17T01:19:44.532+0000] {dag.py:3823} INFO - Setting next_dagrun for ivf_trigger_retraining to 2026-01-17 00:00:00+00:00, run_after=2026-01-18 00:00:00+00:00
[2026-01-17T01:19:44.671+0000] {processor.py:183} INFO - Processing /opt/airflow/dags/ivf_retrain_dag.py took 1.258 seconds
[2026-01-17T01:20:15.873+0000] {processor.py:161} INFO - Started process (PID=895) to work on /opt/airflow/dags/ivf_retrain_dag.py
[2026-01-17T01:20:15.876+0000] {processor.py:830} INFO - Processing file /opt/airflow/dags/ivf_retrain_dag.py for tasks to queue
[2026-01-17T01:20:15.880+0000] {logging_mixin.py:188} INFO - [2026-01-17T01:20:15.879+0000] {dagbag.py:538} INFO - Filling up the DagBag from /opt/airflow/dags/ivf_retrain_dag.py
[2026-01-17T01:20:16.234+0000] {processor.py:840} INFO - DAG(s) 'ivf_trigger_retraining' retrieved from /opt/airflow/dags/ivf_retrain_dag.py
[2026-01-17T01:20:16.434+0000] {logging_mixin.py:188} INFO - [2026-01-17T01:20:16.433+0000] {dag.py:3036} INFO - Sync 1 DAGs
[2026-01-17T01:20:16.630+0000] {logging_mixin.py:188} INFO - [2026-01-17T01:20:16.628+0000] {dag.py:3823} INFO - Setting next_dagrun for ivf_trigger_retraining to 2026-01-17 00:00:00+00:00, run_after=2026-01-18 00:00:00+00:00
[2026-01-17T01:20:16.771+0000] {processor.py:183} INFO - Processing /opt/airflow/dags/ivf_retrain_dag.py took 0.913 seconds
[2026-01-17T01:20:48.772+0000] {processor.py:161} INFO - Started process (PID=903) to work on /opt/airflow/dags/ivf_retrain_dag.py
[2026-01-17T01:20:48.929+0000] {processor.py:830} INFO - Processing file /opt/airflow/dags/ivf_retrain_dag.py for tasks to queue
[2026-01-17T01:20:49.003+0000] {logging_mixin.py:188} INFO - [2026-01-17T01:20:48.998+0000] {dagbag.py:538} INFO - Filling up the DagBag from /opt/airflow/dags/ivf_retrain_dag.py
[2026-01-17T01:20:53.148+0000] {processor.py:840} INFO - DAG(s) 'ivf_trigger_retraining' retrieved from /opt/airflow/dags/ivf_retrain_dag.py
[2026-01-17T01:20:54.680+0000] {logging_mixin.py:188} INFO - [2026-01-17T01:20:54.680+0000] {dag.py:3036} INFO - Sync 1 DAGs
[2026-01-17T01:20:55.983+0000] {logging_mixin.py:188} INFO - [2026-01-17T01:20:55.980+0000] {dag.py:3823} INFO - Setting next_dagrun for ivf_trigger_retraining to 2026-01-17 00:00:00+00:00, run_after=2026-01-18 00:00:00+00:00
[2026-01-17T01:20:56.485+0000] {processor.py:183} INFO - Processing /opt/airflow/dags/ivf_retrain_dag.py took 8.104 seconds
[2026-01-17T01:21:32.029+0000] {processor.py:161} INFO - Started process (PID=911) to work on /opt/airflow/dags/ivf_retrain_dag.py
[2026-01-17T01:21:32.120+0000] {processor.py:830} INFO - Processing file /opt/airflow/dags/ivf_retrain_dag.py for tasks to queue
[2026-01-17T01:21:32.178+0000] {logging_mixin.py:188} INFO - [2026-01-17T01:21:32.170+0000] {dagbag.py:538} INFO - Filling up the DagBag from /opt/airflow/dags/ivf_retrain_dag.py
[2026-01-17T01:21:36.233+0000] {processor.py:840} INFO - DAG(s) 'ivf_trigger_retraining' retrieved from /opt/airflow/dags/ivf_retrain_dag.py
[2026-01-17T01:21:37.067+0000] {logging_mixin.py:188} INFO - [2026-01-17T01:21:37.067+0000] {dag.py:3036} INFO - Sync 1 DAGs
[2026-01-17T01:21:37.222+0000] {logging_mixin.py:188} INFO - [2026-01-17T01:21:37.221+0000] {dag.py:3823} INFO - Setting next_dagrun for ivf_trigger_retraining to 2026-01-17 00:00:00+00:00, run_after=2026-01-18 00:00:00+00:00
[2026-01-17T01:21:37.361+0000] {processor.py:183} INFO - Processing /opt/airflow/dags/ivf_retrain_dag.py took 5.797 seconds
[2026-01-17T01:22:08.816+0000] {processor.py:161} INFO - Started process (PID=922) to work on /opt/airflow/dags/ivf_retrain_dag.py
[2026-01-17T01:22:08.832+0000] {processor.py:830} INFO - Processing file /opt/airflow/dags/ivf_retrain_dag.py for tasks to queue
[2026-01-17T01:22:08.865+0000] {logging_mixin.py:188} INFO - [2026-01-17T01:22:08.850+0000] {dagbag.py:538} INFO - Filling up the DagBag from /opt/airflow/dags/ivf_retrain_dag.py
[2026-01-17T01:22:09.423+0000] {processor.py:840} INFO - DAG(s) 'ivf_trigger_retraining' retrieved from /opt/airflow/dags/ivf_retrain_dag.py
[2026-01-17T01:22:10.106+0000] {logging_mixin.py:188} INFO - [2026-01-17T01:22:10.101+0000] {dag.py:3036} INFO - Sync 1 DAGs
[2026-01-17T01:22:10.808+0000] {logging_mixin.py:188} INFO - [2026-01-17T01:22:10.804+0000] {dag.py:3823} INFO - Setting next_dagrun for ivf_trigger_retraining to 2026-01-17 00:00:00+00:00, run_after=2026-01-18 00:00:00+00:00
[2026-01-17T01:22:11.067+0000] {processor.py:183} INFO - Processing /opt/airflow/dags/ivf_retrain_dag.py took 2.375 seconds
[2026-01-17T01:22:42.000+0000] {processor.py:161} INFO - Started process (PID=933) to work on /opt/airflow/dags/ivf_retrain_dag.py
[2026-01-17T01:22:42.007+0000] {processor.py:830} INFO - Processing file /opt/airflow/dags/ivf_retrain_dag.py for tasks to queue
[2026-01-17T01:22:42.035+0000] {logging_mixin.py:188} INFO - [2026-01-17T01:22:42.017+0000] {dagbag.py:538} INFO - Filling up the DagBag from /opt/airflow/dags/ivf_retrain_dag.py
[2026-01-17T01:22:42.661+0000] {processor.py:840} INFO - DAG(s) 'ivf_trigger_retraining' retrieved from /opt/airflow/dags/ivf_retrain_dag.py
[2026-01-17T01:22:43.891+0000] {logging_mixin.py:188} INFO - [2026-01-17T01:22:43.890+0000] {dag.py:3036} INFO - Sync 1 DAGs
[2026-01-17T01:22:44.356+0000] {logging_mixin.py:188} INFO - [2026-01-17T01:22:44.355+0000] {dag.py:3823} INFO - Setting next_dagrun for ivf_trigger_retraining to 2026-01-17 00:00:00+00:00, run_after=2026-01-18 00:00:00+00:00
[2026-01-17T01:22:44.557+0000] {processor.py:183} INFO - Processing /opt/airflow/dags/ivf_retrain_dag.py took 2.710 seconds
[2026-01-17T01:23:15.330+0000] {processor.py:161} INFO - Started process (PID=944) to work on /opt/airflow/dags/ivf_retrain_dag.py
[2026-01-17T01:23:15.334+0000] {processor.py:830} INFO - Processing file /opt/airflow/dags/ivf_retrain_dag.py for tasks to queue
[2026-01-17T01:23:15.338+0000] {logging_mixin.py:188} INFO - [2026-01-17T01:23:15.336+0000] {dagbag.py:538} INFO - Filling up the DagBag from /opt/airflow/dags/ivf_retrain_dag.py
[2026-01-17T01:23:15.411+0000] {processor.py:840} INFO - DAG(s) 'ivf_trigger_retraining' retrieved from /opt/airflow/dags/ivf_retrain_dag.py
[2026-01-17T01:23:15.522+0000] {logging_mixin.py:188} INFO - [2026-01-17T01:23:15.520+0000] {dag.py:3036} INFO - Sync 1 DAGs
[2026-01-17T01:23:15.591+0000] {logging_mixin.py:188} INFO - [2026-01-17T01:23:15.590+0000] {dag.py:3823} INFO - Setting next_dagrun for ivf_trigger_retraining to 2026-01-17 00:00:00+00:00, run_after=2026-01-18 00:00:00+00:00
[2026-01-17T01:23:15.632+0000] {processor.py:183} INFO - Processing /opt/airflow/dags/ivf_retrain_dag.py took 0.308 seconds
[2026-01-17T01:23:19.586+0000] {processor.py:161} INFO - Started process (PID=949) to work on /opt/airflow/dags/ivf_retrain_dag.py
[2026-01-17T01:23:19.589+0000] {processor.py:830} INFO - Processing file /opt/airflow/dags/ivf_retrain_dag.py for tasks to queue
[2026-01-17T01:23:19.591+0000] {logging_mixin.py:188} INFO - [2026-01-17T01:23:19.591+0000] {dagbag.py:538} INFO - Filling up the DagBag from /opt/airflow/dags/ivf_retrain_dag.py
[2026-01-17T01:23:19.688+0000] {processor.py:840} INFO - DAG(s) 'ivf_trigger_retraining' retrieved from /opt/airflow/dags/ivf_retrain_dag.py
[2026-01-17T01:23:20.317+0000] {logging_mixin.py:188} INFO - [2026-01-17T01:23:20.316+0000] {dag.py:3036} INFO - Sync 1 DAGs
[2026-01-17T01:23:20.355+0000] {logging_mixin.py:188} INFO - [2026-01-17T01:23:20.354+0000] {dag.py:3823} INFO - Setting next_dagrun for ivf_trigger_retraining to 2026-01-17 00:00:00+00:00, run_after=2026-01-18 00:00:00+00:00
[2026-01-17T01:23:20.418+0000] {processor.py:183} INFO - Processing /opt/airflow/dags/ivf_retrain_dag.py took 0.839 seconds
[2026-01-17T01:23:50.512+0000] {processor.py:161} INFO - Started process (PID=960) to work on /opt/airflow/dags/ivf_retrain_dag.py
[2026-01-17T01:23:50.514+0000] {processor.py:830} INFO - Processing file /opt/airflow/dags/ivf_retrain_dag.py for tasks to queue
[2026-01-17T01:23:50.515+0000] {logging_mixin.py:188} INFO - [2026-01-17T01:23:50.515+0000] {dagbag.py:538} INFO - Filling up the DagBag from /opt/airflow/dags/ivf_retrain_dag.py
[2026-01-17T01:23:50.568+0000] {processor.py:840} INFO - DAG(s) 'ivf_trigger_retraining' retrieved from /opt/airflow/dags/ivf_retrain_dag.py
[2026-01-17T01:23:50.625+0000] {logging_mixin.py:188} INFO - [2026-01-17T01:23:50.625+0000] {dag.py:3036} INFO - Sync 1 DAGs
[2026-01-17T01:23:50.673+0000] {logging_mixin.py:188} INFO - [2026-01-17T01:23:50.672+0000] {dag.py:3823} INFO - Setting next_dagrun for ivf_trigger_retraining to 2026-01-17 00:00:00+00:00, run_after=2026-01-18 00:00:00+00:00
[2026-01-17T01:23:50.707+0000] {processor.py:183} INFO - Processing /opt/airflow/dags/ivf_retrain_dag.py took 0.201 seconds
[2026-01-17T01:24:21.001+0000] {processor.py:161} INFO - Started process (PID=971) to work on /opt/airflow/dags/ivf_retrain_dag.py
[2026-01-17T01:24:21.004+0000] {processor.py:830} INFO - Processing file /opt/airflow/dags/ivf_retrain_dag.py for tasks to queue
[2026-01-17T01:24:21.007+0000] {logging_mixin.py:188} INFO - [2026-01-17T01:24:21.006+0000] {dagbag.py:538} INFO - Filling up the DagBag from /opt/airflow/dags/ivf_retrain_dag.py
[2026-01-17T01:24:21.148+0000] {processor.py:840} INFO - DAG(s) 'ivf_trigger_retraining' retrieved from /opt/airflow/dags/ivf_retrain_dag.py
[2026-01-17T01:24:21.246+0000] {logging_mixin.py:188} INFO - [2026-01-17T01:24:21.245+0000] {dag.py:3036} INFO - Sync 1 DAGs
[2026-01-17T01:24:21.316+0000] {logging_mixin.py:188} INFO - [2026-01-17T01:24:21.315+0000] {dag.py:3823} INFO - Setting next_dagrun for ivf_trigger_retraining to 2026-01-17 00:00:00+00:00, run_after=2026-01-18 00:00:00+00:00
[2026-01-17T01:24:21.397+0000] {processor.py:183} INFO - Processing /opt/airflow/dags/ivf_retrain_dag.py took 0.406 seconds
